#
# A fatal error has been detected by the Java Runtime Environment:
#
#  Internal Error (jvmciRuntime.cpp:1609), pid=33, tid=49
#  fatal error: Fatal exception in JVMCI: Error calling jdk.vm.ci.services.Services.serializeSavedProperties
#
# JRE version: OpenJDK Runtime Environment GraalVM CE 22.3.0 (17.0.5+8) (build 17.0.5+8-jvmci-22.3-b08)
# Java VM: OpenJDK 64-Bit Server VM GraalVM CE 22.3.0 (17.0.5+8-jvmci-22.3-b08, mixed mode, sharing, tiered, jvmci, jvmci compiler, compressed oops, compressed class ptrs, parallel gc, linux-amd64)
# Problematic frame:
# V  [libjvm.so+0x972714]  JVMCIRuntime::fatal_exception(JVMCIEnv*, char const*)+0x74
#
# Core dump will be written. Default location: Core dumps may be processed with "/usr/share/apport/apport -p%p -s%s -c%c -d%d -P%P -u%u -g%g -- %E" (or dumping to /home/runner/Currency-Converter/core.33)
#
# If you would like to submit a bug report, please visit:
#   https://github.com/oracle/graal/issues
#

---------------  S U M M A R Y ------------

Command Line: -XX:ThreadPriorityPolicy=1 -XX:+UnlockExperimentalVMOptions -XX:+EnableJVMCIProduct -XX:JVMCIThreadsPerNativeLibraryRuntime=1 -XX:-UnlockExperimentalVMOptions -Declipse.application=org.eclipse.jdt.ls.core.id1 -Dosgi.bundles.defaultStartLevel=4 -Declipse.product=org.eclipse.jdt.ls.core.product -Dlog.level=ALL -Xverify:none -XX:+UseParallelGC -XX:GCTimeRatio=4 -XX:AdaptiveSizePolicyWeight=90 -Dsun.zip.disableMemoryMapping=true -Xmx512m -Xms100m /nix/store/m6gcpi1ii6rghy04cjwjddcavv7i90df-jdt-language-server-1.9.0/share/java/plugins/org.eclipse.equinox.launcher_1.6.400.v20210924-0641.jar --add-modules=ALL-SYSTEM --add-opens java.base/java.util=ALL-UNNAMED --add-opens java.base/java.lang=ALL-UNNAMED -configuration /home/runner/.cache/jdt-language-server/config -data /home/runner/.cache/jdt-language-server/data/home/runner/Currency-Converter

Host: Intel(R) Xeon(R) CPU @ 2.20GHz, 8 cores, 1G, Ubuntu 20.04.2 LTS
Time: Tue Jul 25 15:23:04 2023 UTC elapsed time: 757.952640 seconds (0d 0h 12m 37s)

---------------  T H R E A D  ---------------

Current thread (0x00007f6d940b2110):  JavaThread "JVMCI-native CompilerThread0" daemon [_thread_in_vm, id=49, stack(0x00007f6d7a048000,0x00007f6d7a248000)]


Current CompileTask:
JVMCI-native: 757956 9676       4       java.util.concurrent.locks.ReentrantLock$NonfairSync::initialTryLock (58 bytes)

Stack: [0x00007f6d7a048000,0x00007f6d7a248000],  sp=0x00007f6d7a246380,  free space=2040k
Native frames: (J=compiled Java code, j=interpreted, Vv=VM code, C=native code)
V  [libjvm.so+0x972714]  JVMCIRuntime::fatal_exception(JVMCIEnv*, char const*)+0x74
V  [libjvm.so+0x93e2fe]  JVMCIEnv::copy_saved_properties()+0x14e
V  [libjvm.so+0x9732a9]  JVMCIRuntime::initialize(JVMCIEnv*)+0xb19
V  [libjvm.so+0x9738a2]  JVMCIRuntime::get_HotSpotJVMCIRuntime(JVMCIEnv*)+0x12
V  [libjvm.so+0x9749f2]  JVMCIRuntime::compile_method(JVMCIEnv*, JVMCICompiler*, methodHandle const&, int)+0xd2
V  [libjvm.so+0x5b0d20]  CompileBroker::invoke_compiler_on_method(CompileTask*)+0x1470
V  [libjvm.so+0x5b12e8]  CompileBroker::compiler_thread_loop()+0x528
V  [libjvm.so+0xd82460]  JavaThread::thread_main_inner()+0xd0
V  [libjvm.so+0xd85a40]  Thread::call_run()+0xc0
V  [libjvm.so+0xbdb1e1]  thread_native_entry(Thread*)+0xe1

Register to memory mapping:

RAX=0x00007f6d99db0000 points into unknown readable memory: 0x0000000000000058 | 58 00 00 00 00 00 00 00
RBX=0x00007f6d9aeab398: <offset 0x0000000000ef5398> in /nix/store/gpxl5qgg8kicmcvivwmybwjlpf7wh20l-graalvm17-ce-22.3.0/lib/server/libjvm.so at 0x00007f6d99fb6000
RCX=0x00007f6d9ae631e8: <offset 0x0000000000ead1e8> in /nix/store/gpxl5qgg8kicmcvivwmybwjlpf7wh20l-graalvm17-ce-22.3.0/lib/server/libjvm.so at 0x00007f6d99fb6000
RDX=0x0000000000000649 is an unknown value
RSP=0x00007f6d7a246380 is pointing into the stack for thread: 0x00007f6d940b2110
RBP=0x00007f6d7a2463a0 is pointing into the stack for thread: 0x00007f6d940b2110
RSI=0x00007f6d9aeabc48: <offset 0x0000000000ef5c48> in /nix/store/gpxl5qgg8kicmcvivwmybwjlpf7wh20l-graalvm17-ce-22.3.0/lib/server/libjvm.so at 0x00007f6d99fb6000
RDI=0x00000000e0000000 is an oop: java.lang.String 
{0x00000000e0000000} - klass: 'java/lang/String'
 - string: "resolution"
R8 =0x00007f6d9aeab398: <offset 0x0000000000ef5398> in /nix/store/gpxl5qgg8kicmcvivwmybwjlpf7wh20l-graalvm17-ce-22.3.0/lib/server/libjvm.so at 0x00007f6d99fb6000
R9 =0x0000000000000003 is an unknown value
R10=0x00007f6d9b1fcda0: <offset 0x0000000001246da0> in /nix/store/gpxl5qgg8kicmcvivwmybwjlpf7wh20l-graalvm17-ce-22.3.0/lib/server/libjvm.so at 0x00007f6d99fb6000
R11=0x0000000000000246 is an unknown value
R12=0x0 is NULL
R13=0x00007f6d940b2110 is a thread
R14=0x00007f6d94000b80 points into unknown readable memory: 0x00007f6d9b0dca38 | 38 ca 0d 9b 6d 7f 00 00
R15=0x00007f6d9b1eae40: <offset 0x0000000001234e40> in /nix/store/gpxl5qgg8kicmcvivwmybwjlpf7wh20l-graalvm17-ce-22.3.0/lib/server/libjvm.so at 0x00007f6d99fb6000


Registers:
RAX=0x00007f6d99db0000, RBX=0x00007f6d9aeab398, RCX=0x00007f6d9ae631e8, RDX=0x0000000000000649
RSP=0x00007f6d7a246380, RBP=0x00007f6d7a2463a0, RSI=0x00007f6d9aeabc48, RDI=0x00000000e0000000
R8 =0x00007f6d9aeab398, R9 =0x0000000000000003, R10=0x00007f6d9b1fcda0, R11=0x0000000000000246
R12=0x0000000000000000, R13=0x00007f6d940b2110, R14=0x00007f6d94000b80, R15=0x00007f6d9b1eae40
RIP=0x00007f6d9a928714, EFLAGS=0x0000000000010206, CSGSFS=0x002b000000000033, ERR=0x0000000000000006
  TRAPNO=0x000000000000000e

Top of Stack: (sp=0x00007f6d7a246380)
0x00007f6d7a246380:   00007f6d7a246940 00007f6d940b2110
0x00007f6d7a246390:   00007f6d987418c8 0000000800c417a0
0x00007f6d7a2463a0:   00007f6d7a246500 00007f6d9a8f42fe
0x00007f6d7a2463b0:   00007f6d7a2463e0 00007f6d7a246440 

Instructions: (pc=0x00007f6d9a928714)
0x00007f6d9a928614:   30 e8 f6 cf e8 ff 4c 89 e7 e8 2e 48 d1 ff 84 db
0x00007f6d9a928624:   75 2a 4d 85 ed 74 04 4d 8b 6d 00 48 83 c4 08 44
0x00007f6d9a928634:   89 f9 4c 89 f2 4c 89 ee 5b 4c 89 e7 41 5c 41 5d
0x00007f6d9a928644:   41 5e 41 5f 5d e9 e2 47 d1 ff 66 90 48 83 c4 08
0x00007f6d9a928654:   5b 41 5c 41 5d 41 5e 41 5f 5d c3 90 31 d2 be 08
0x00007f6d9a928664:   00 00 00 4c 89 ff e8 b1 78 a3 ff 49 89 c5 e9 37
0x00007f6d9a928674:   ff ff ff 66 0f 1f 84 00 00 00 00 00 48 8b 7a 08
0x00007f6d9a928684:   e9 6d ff ff ff 0f 1f 80 00 00 00 00 e8 5b 48 0a
0x00007f6d9a928694:   00 84 c0 75 89 e9 6a ff ff ff 66 90 55 48 89 e5
0x00007f6d9a9286a4:   41 56 41 55 41 54 49 89 fc 53 48 89 f3 66 48 8d
0x00007f6d9a9286b4:   3d 27 5e 85 00 66 66 48 e8 df 43 8d ff 4c 8b 28
0x00007f6d9a9286c4:   8b 05 be 72 8a 00 85 c0 75 14 ba 01 00 00 00 48
0x00007f6d9a9286d4:   8d 0d ae 72 8a 00 f0 0f b1 11 85 c0 74 4e be c8
0x00007f6d9a9286e4:   00 00 00 4c 89 ef e8 01 0b 41 00 48 8d 05 12 ac
0x00007f6d9a9286f4:   85 00 49 89 d8 48 8d 0d e8 aa 53 00 ba 49 06 00
0x00007f6d9a928704:   00 48 8d 35 3c 35 58 00 bf 00 00 00 e0 48 8b 00
0x00007f6d9a928714:   c6 00 58 31 c0 e8 e2 91 c6 ff 5b 41 5c 41 5d 41
0x00007f6d9a928724:   5e 5d e9 55 34 26 00 0f 1f 44 00 00 48 8d 05 81
0x00007f6d9a928734:   a3 8b 00 48 89 df 4c 8b 30 e8 9e 43 8d ff 48 89
0x00007f6d9a928744:   de 48 89 c2 49 8b 06 4c 89 f7 ff 50 08 4c 89 f7
0x00007f6d9a928754:   e8 a7 5c 27 00 4d 85 e4 74 12 be 01 00 00 00 4c
0x00007f6d9a928764:   89 e7 e8 35 43 fc ff eb 82 0f 1f 00 be 01 00 00
0x00007f6d9a928774:   00 4c 89 ef e8 d3 fd ff ff e9 6d ff ff ff 66 66
0x00007f6d9a928784:   2e 0f 1f 84 00 00 00 00 00 0f 1f 00 55 48 89 e5
0x00007f6d9a928794:   41 57 41 56 41 55 41 54 53 48 81 ec 08 02 00 00
0x00007f6d9a9287a4:   64 48 8b 04 25 28 00 00 00 48 89 45 c8 8b 07 83
0x00007f6d9a9287b4:   f8 02 0f 84 11 04 00 00 4c 8b 6f 18 49 89 ff 49
0x00007f6d9a9287c4:   89 f4 4d 85 ed 74 14 4c 89 ef e8 5d 57 22 00 41
0x00007f6d9a9287d4:   8b 07 83 f8 02 0f 84 19 04 00 00 48 8d 1d 9a 06
0x00007f6d9a9287e4:   8a 00 4c 8d 35 0b 3c 58 00 eb 38 90 48 85 d2 7f
0x00007f6d9a9287f4:   0d 48 8d 05 b4 c0 85 00 48 83 38 00 7e 0e 41 8b
0x00007f6d9a928804:   77 2c 4c 89 f7 31 c0 e8 a0 b2 f7 ff 49 8b 7f 18 


Stack slot to memory mapping:
stack at sp + 0 slots: 0x00007f6d7a246940 is pointing into the stack for thread: 0x00007f6d940b2110
stack at sp + 1 slots: 0x00007f6d940b2110 is a thread
stack at sp + 2 slots: 0x00007f6d987418c8 points into unknown readable memory: 0x65730018052dffff | ff ff 2d 05 18 00 73 65
stack at sp + 3 slots: 0x0000000800c417a0 is a pointer to class: 
jdk.vm.ci.services.Services {0x0000000800c417a0}
 - instance size:     2
 - klass size:        65
 - access:            public final synchronized 
 - state:             fully_initialized
 - name:              'jdk/vm/ci/services/Services'
 - super:             'java/lang/Object'
 - sub:               
 - arrays:            NULL
 - methods:           Array<T>(0x00007f6d7ac440e0)
 - method ordering:   Array<T>(0x0000000800928960)
 - default_methods:   Array<T>(0x0000000000000000)
 - local interfaces:  Array<T>(0x00000008005ce810)
 - trans. interfaces: Array<T>(0x00000008005ce810)
 - constants:         constant pool [427] {0x00007f6d7ac42ff0} for 'jdk/vm/ci/services/Services' cache=0x00007f6d7ac453b0
 - class loader data:  loader data: 0x00007f6d940283f0 of 'bootstrap'
 - source file:       'Services.java'
 - class annotations:       Array<T>(0x0000000000000000)
 - class type annotations:  Array<T>(0x0000000000000000)
 - field annotations:       Array<T>(0x0000000000000000)
 - field type annotations:  Array<T>(0x0000000000000000)
 - inner classes:     Array<T>(0x00007f6d7ac45380)
 - nest members:     Array<T>(0x00007f6d7ac453a0)
 - permitted subclasses:     Array<T>(0x00000008005ce7a0)
 - java mirror:       a 'java/lang/Class'{0x00000000e0148970} = 'jdk/vm/ci/services/Services'
 - vtable length      5  (start addr: 0x0000000800c41970)
 - itable length      2 (start addr: 0x0000000800c41998)
 - ---- static fields (3 words):
 - public static final 'IS_BUILDING_NATIVE_IMAGE' 'Z' @128 
 - public static final 'IS_IN_NATIVE_IMAGE' 'Z' @129 
 - private static volatile 'savedProperties' 'Ljava/util/Map;' @112 
 - static final 'JVMCI_ENABLED' 'Z' @130 
 - private static final 'servicesCache' 'Ljava/util/Map;' @116 
 - private static final 'MAX_UNICODE_IN_UTF8_LENGTH' 'I' @120 
 - private static final 'MAX_UTF8_PROPERTY_STRING_LENGTH' 'I' @124 
 - ---- non-static fields (0 words):
 - non-static oop maps: 
stack at sp + 4 slots: 0x00007f6d7a246500 is pointing into the stack for thread: 0x00007f6d940b2110
stack at sp + 5 slots: 0x00007f6d9a8f42fe: <offset 0x000000000093e2fe> in /nix/store/gpxl5qgg8kicmcvivwmybwjlpf7wh20l-graalvm17-ce-22.3.0/lib/server/libjvm.so at 0x00007f6d99fb6000
stack at sp + 6 slots: 0x00007f6d7a2463e0 is pointing into the stack for thread: 0x00007f6d940b2110
stack at sp + 7 slots: 0x00007f6d7a246440 is pointing into the stack for thread: 0x00007f6d940b2110


---------------  P R O C E S S  ---------------

Threads class SMR info:
_java_thread_list=0x00007f6d000d1e50, length=25, elements={
0x00007f6d94026690, 0x00007f6d940a6400, 0x00007f6d940a7840, 0x00007f6d940adf80,
0x00007f6d940af330, 0x00007f6d940b0720, 0x00007f6d940b2110, 0x00007f6d940b3620,
0x00007f6d940b4680, 0x00007f6d940d79e0, 0x00007f6d9411f9b0, 0x00007f6d943243f0,
0x00007f6d94367340, 0x00007f6d94369bd0, 0x00007f6d94636620, 0x00007f6d28016e20,
0x00007f6d282c2ef0, 0x00007f6d284a1800, 0x00007f6d2865c660, 0x00007f6d1c007280,
0x00007f6d94361010, 0x00007f6d94343400, 0x00007f6d04000ff0, 0x00007f6cf8450000,
0x00007f6d001331b0
}

Java Threads: ( => current thread )
  0x00007f6d94026690 JavaThread "main" [_thread_blocked, id=41, stack(0x00007f6d99dd1000,0x00007f6d99ed1000)]
  0x00007f6d940a6400 JavaThread "Reference Handler" daemon [_thread_blocked, id=44, stack(0x00007f6d7a92e000,0x00007f6d7aa2e000)]
  0x00007f6d940a7840 JavaThread "Finalizer" daemon [_thread_blocked, id=45, stack(0x00007f6d7a82e000,0x00007f6d7a92e000)]
  0x00007f6d940adf80 JavaThread "Signal Dispatcher" daemon [_thread_blocked, id=46, stack(0x00007f6d7a448000,0x00007f6d7a548000)]
  0x00007f6d940af330 JavaThread "Service Thread" daemon [_thread_blocked, id=47, stack(0x00007f6d7a348000,0x00007f6d7a448000)]
  0x00007f6d940b0720 JavaThread "Monitor Deflation Thread" daemon [_thread_blocked, id=48, stack(0x00007f6d7a248000,0x00007f6d7a348000)]
=>0x00007f6d940b2110 JavaThread "JVMCI-native CompilerThread0" daemon [_thread_in_vm, id=49, stack(0x00007f6d7a048000,0x00007f6d7a248000)]
  0x00007f6d940b3620 JavaThread "C1 CompilerThread0" daemon [_thread_blocked, id=50, stack(0x00007f6d79e48000,0x00007f6d7a048000)]
  0x00007f6d940b4680 JavaThread "Sweeper thread" daemon [_thread_blocked, id=51, stack(0x00007f6d79d48000,0x00007f6d79e48000)]
  0x00007f6d940d79e0 JavaThread "Common-Cleaner" daemon [_thread_blocked, id=52, stack(0x00007f6d79c48000,0x00007f6d79d48000)]
  0x00007f6d9411f9b0 JavaThread "Notification Thread" daemon [_thread_blocked, id=53, stack(0x00007f6d79b48000,0x00007f6d79c48000)]
  0x00007f6d943243f0 JavaThread "Active Thread: Equinox Container: 7cdb8d9d-46b5-4ba0-8256-9d589e657536" [_thread_blocked, id=74, stack(0x00007f6d78800000,0x00007f6d78900000)]
  0x00007f6d94367340 JavaThread "Framework Event Dispatcher: Equinox Container: 7cdb8d9d-46b5-4ba0-8256-9d589e657536" daemon [_thread_blocked, id=86, stack(0x00007f6d78600000,0x00007f6d78700000)]
  0x00007f6d94369bd0 JavaThread "Start Level: Equinox Container: 7cdb8d9d-46b5-4ba0-8256-9d589e657536" daemon [_thread_blocked, id=87, stack(0x00007f6d78400000,0x00007f6d78500000)]
  0x00007f6d94636620 JavaThread "Refresh Thread: Equinox Container: 7cdb8d9d-46b5-4ba0-8256-9d589e657536" daemon [_thread_blocked, id=88, stack(0x00007f6d78200000,0x00007f6d78300000)]
  0x00007f6d28016e20 JavaThread "SCR Component Actor" daemon [_thread_blocked, id=101, stack(0x00007f6d78000000,0x00007f6d78100000)]
  0x00007f6d282c2ef0 JavaThread "Worker-JM" [_thread_blocked, id=123, stack(0x00007f6d41900000,0x00007f6d41a00000)]
  0x00007f6d284a1800 JavaThread "Java indexing" daemon [_thread_blocked, id=138, stack(0x00007f6d41300000,0x00007f6d41400000)]
  0x00007f6d2865c660 JavaThread "Bundle File Closer" daemon [_thread_blocked, id=143, stack(0x00007f6d41100000,0x00007f6d41200000)]
  0x00007f6d1c007280 JavaThread "Worker-2" [_thread_blocked, id=152, stack(0x00007f6d41b00000,0x00007f6d41c00000)]
  0x00007f6d94361010 JavaThread "pool-3-thread-1" [_thread_blocked, id=153, stack(0x00007f6d40f00000,0x00007f6d41000000)]
  0x00007f6d94343400 JavaThread "pool-2-thread-1" [_thread_blocked, id=165, stack(0x00007f6d40d00000,0x00007f6d40e00000)]
  0x00007f6d04000ff0 JavaThread "Worker-4" [_thread_blocked, id=168, stack(0x00007f6d40900000,0x00007f6d40a00000)]
  0x00007f6cf8450000 JavaThread "Okio Watchdog" daemon [_thread_blocked, id=299, stack(0x00007f6d40500000,0x00007f6d40600000)]
  0x00007f6d001331b0 JavaThread "Thread-6" [_thread_blocked, id=3220, stack(0x00007f6d41600000,0x00007f6d41700000)]

Other Threads:
  0x00007f6d940a1b40 VMThread "VM Thread" [stack: 0x00007f6d7aa30000,0x00007f6d7ab30000] [id=43] _threads_hazard_ptr=0x00007f6d000d1e50
  0x00007f6d94121350 WatcherThread [stack: 0x00007f6d79a48000,0x00007f6d79b48000] [id=54]
  0x00007f6d9403df20 GCTaskThread "GC Thread#0" [stack: 0x00007f6d99994000,0x00007f6d99a94000] [id=42]

Threads with active compile tasks:
JVMCI-native CompilerThread0   758044 9676       4       java.util.concurrent.locks.ReentrantLock$NonfairSync::initialTryLock (58 bytes)

VM state: synchronizing (normal execution)

VM Mutex/Monitor currently owned by a thread:  ([mutex/lock_event])
[0x00007f6d94023840] Threads_lock - owner thread: 0x00007f6d940a1b40
[0x00007f6d94023ff0] Heap_lock - owner thread: 0x00007f6d001331b0

OutOfMemory and StackOverflow Exception counts:
OutOfMemoryError java_heap_errors=1
LinkageErrors=67

Heap address: 0x00000000e0000000, size: 512 MB, Compressed Oops mode: 32-bit

CDS archive(s) mapped at: [0x0000000800000000-0x0000000800bc8000-0x0000000800bc8000), size 12353536, SharedBaseAddress: 0x0000000800000000, ArchiveRelocationMode: 0.
Compressed class space mapped at: 0x0000000800c00000-0x0000000840c00000, reserved size: 1073741824
Narrow klass base: 0x0000000800000000, Narrow klass shift: 0, Narrow klass range: 0x100000000

GC Precious Log:
 CPUs: 8 total, 1 available
 Memory: 1024M
 Large Page Support: Disabled
 NUMA Support: Disabled
 Compressed Oops: Enabled (32-bit)
 Alignments: Space 512K, Generation 512K, Heap 2M
 Heap Min Capacity: 100M
 Heap Initial Capacity: 100M
 Heap Max Capacity: 512M
 Pre-touch: Disabled
 Parallel Workers: 1

Heap:
 PSYoungGen      total 48640K, used 21503K [0x00000000f5580000, 0x00000000fa080000, 0x0000000100000000)
  eden space 21504K, 99% used [0x00000000f5580000,0x00000000f6a7fff0,0x00000000f6a80000)
  from space 27136K, 0% used [0x00000000f6a80000,0x00000000f6a80000,0x00000000f8500000)
  to   space 12800K, 0% used [0x00000000f8500000,0x00000000f8500000,0x00000000f9180000)
 ParOldGen       total 349696K, used 349686K [0x00000000e0000000, 0x00000000f5580000, 0x00000000f5580000)
  object space 349696K, 99% used [0x00000000e0000000,0x00000000f557d858,0x00000000f5580000)
 Metaspace       used 61043K, committed 62208K, reserved 1105920K
  class space    used 5979K, committed 6464K, reserved 1048576K

Card table byte_map: [0x00007f6d99a94000,0x00007f6d99b95000] _byte_map_base: 0x00007f6d99394000

Marking Bits: (ParMarkBitMap*) 0x00007f6d9b1e44c0
 Begin Bits: [0x00007f6d988e7000, 0x00007f6d990e7000)
 End Bits:   [0x00007f6d990e7000, 0x00007f6d998e7000)

Polling page: 0x00007f6d99dae000

Metaspace:

Usage:
  Non-class:     53.77 MB used.
      Class:      5.84 MB used.
       Both:     59.61 MB used.

Virtual space:
  Non-class space:       56.00 MB reserved,      54.44 MB ( 97%) committed,  7 nodes.
      Class space:        1.00 GB reserved,       6.31 MB ( <1%) committed,  1 nodes.
             Both:        1.05 GB reserved,      60.75 MB (  6%) committed. 

Chunk freelists:
   Non-Class:  1.59 MB
       Class:  1.79 MB
        Both:  3.38 MB

MaxMetaspaceSize: unlimited
CompressedClassSpaceSize: 1.00 GB
Initial GC threshold: 21.00 MB
Current GC threshold: 101.19 MB
CDS: on
MetaspaceReclaimPolicy: balanced
 - commit_granule_bytes: 65536.
 - commit_granule_words: 8192.
 - virtual_space_node_default_size: 1048576.
 - enlarge_chunks_in_place: 1.
 - new_chunks_are_fully_committed: 0.
 - uncommit_free_chunks: 1.
 - use_allocation_guard: 0.
 - handle_deallocations: 1.


Internal statistics:

num_allocs_failed_limit: 6.
num_arena_births: 508.
num_arena_deaths: 150.
num_vsnodes_births: 8.
num_vsnodes_deaths: 0.
num_space_committed: 971.
num_space_uncommitted: 0.
num_chunks_returned_to_freelist: 212.
num_chunks_taken_from_freelist: 2953.
num_chunk_merges: 87.
num_chunk_splits: 1893.
num_chunks_enlarged: 1151.
num_purges: 16.
num_inconsistent_stats: 0.

CodeHeap 'non-profiled nmethods': size=120036Kb used=2465Kb max_used=2465Kb free=117570Kb
 bounds [0x00007f6d82f7a000, 0x00007f6d831ea000, 0x00007f6d8a4b3000]
CodeHeap 'profiled nmethods': size=120032Kb used=15406Kb max_used=18395Kb free=104625Kb
 bounds [0x00007f6d7ba42000, 0x00007f6d7cc42000, 0x00007f6d82f7a000]
CodeHeap 'non-nmethods': size=5692Kb used=1390Kb max_used=1406Kb free=4302Kb
 bounds [0x00007f6d7b4b3000, 0x00007f6d7b723000, 0x00007f6d7ba42000]
 total_blobs=7770 nmethods=7047 adapters=632
 compilation: enabled
              stopped_count=0, restarted_count=0
 full_count=0

JVMCI Events (20 events):
Event: 473.394 Thread 0x00007f6d940b2110 destroyed JavaVM[4]@0x00007f6d3f99e340 for JVMCI runtime 0
Event: 473.394 Thread 0x00007f6d940b2110 compacted oop handles in JVMCI runtime 0 from 41 to 41
Event: 473.394 Thread 0x00007f6d940b2110 releasing handles for JVMCI runtime 0: oop handles=41, metadata handles={total=85, live=74, blocks=44}
Event: 473.394 Thread 0x00007f6d940b2110 detached from JVMCI runtime 0
Event: 590.827 Thread 0x00007f6d940b2110 attached to JVMCI runtime 0
Event: 590.830 Thread 0x00007f6d940b2110 created JavaVM[5]@0x00007f6d3f99e340 for JVMCI runtime 0
Event: 590.830 Thread 0x00007f6d940b2110 initializing JVMCI runtime 0
Event: 590.830 Thread 0x00007f6d940b2110 done waiting for JavaVM references initialization in JVMCI runtime 0
Event: 622.505 Thread 0x00007f6d940b2110 initialized JVMCI runtime 0
Event: 630.699 Thread 0x00007f6d940b2110 detaching from JVMCI runtime 0: releasing idle compiler thread (0 other threads still attached)
Event: 630.699 Thread 0x00007f6d940b2110 shutting down HotSpotJVMCIRuntime for JVMCI runtime 0
Event: 630.700 Thread 0x00007f6d940b2110 shut down JVMCI runtime 0
Event: 630.701 Thread 0x00007f6d940b2110 destroyed JavaVM[5]@0x00007f6d3f99e340 for JVMCI runtime 0
Event: 630.701 Thread 0x00007f6d940b2110 compacted oop handles in JVMCI runtime 0 from 43 to 43
Event: 630.701 Thread 0x00007f6d940b2110 releasing handles for JVMCI runtime 0: oop handles=43, metadata handles={total=88, live=76, blocks=44}
Event: 630.701 Thread 0x00007f6d940b2110 detached from JVMCI runtime 0
Event: 709.002 Thread 0x00007f6d940b2110 attached to JVMCI runtime 0
Event: 709.004 Thread 0x00007f6d940b2110 created JavaVM[6]@0x00007f6d3f99e340 for JVMCI runtime 0
Event: 709.004 Thread 0x00007f6d940b2110 initializing JVMCI runtime 0
Event: 709.004 Thread 0x00007f6d940b2110 done waiting for JavaVM references initialization in JVMCI runtime 0

Compilation events (20 events):
Event: 94.717 Thread 0x00007f6d940b2110 nmethod 8820 0x00007f6d831e0790 code [0x00007f6d831e0920, 0x00007f6d831e0d98]
Event: 150.425 Thread 0x00007f6d940b2110 9667       4       jdk.internal.misc.Unsafe::weakCompareAndSetLong (11 bytes)
Event: 161.047 Thread 0x00007f6d940b2110 nmethod 9667 0x00007f6d831e0f90 code [0x00007f6d831e1100, 0x00007f6d831e1150]
Event: 311.103 Thread 0x00007f6d940b2110 9668       4       java.util.Collections$UnmodifiableCollection$1::hasNext (10 bytes)
Event: 355.141 Thread 0x00007f6d940b3620 9670       3       org.eclipse.core.internal.jobs.DeadlockDetector::resizeGraph (93 bytes)
Event: 355.192 Thread 0x00007f6d940b3620 nmethod 9670 0x00007f6d7bd8c790 code [0x00007f6d7bd8c960, 0x00007f6d7bd8d160]
Event: 388.566 Thread 0x00007f6d940b2110 nmethod 9668 0x00007f6d831e1290 code [0x00007f6d831e1420, 0x00007f6d831e1520]
Event: 388.566 Thread 0x00007f6d940b2110 9669       4       jdk.internal.misc.Unsafe::getIntUnaligned (12 bytes)
Event: 388.571 Thread 0x00007f6d940b2110 nmethod 9669 0x00007f6d831e1610 code [0x00007f6d831e1780, 0x00007f6d831e17d0]
Event: 446.715 Thread 0x00007f6d940b2110 9671       4       java.lang.Integer::getChars (131 bytes)
Event: 460.907 Thread 0x00007f6d940b3620 9672       3       java.util.concurrent.ThreadPoolExecutor::runStateAtLeast (11 bytes)
Event: 460.907 Thread 0x00007f6d940b3620 nmethod 9672 0x00007f6d7bba8110 code [0x00007f6d7bba82a0, 0x00007f6d7bba83f0]
Event: 469.622 Thread 0x00007f6d940b2110 nmethod 9671 0x00007f6d831e1910 code [0x00007f6d831e1aa0, 0x00007f6d831e1d48]
Event: 590.827 Thread 0x00007f6d940b2110 9673       4       jdk.internal.org.objectweb.asm.ByteVector::putByte (39 bytes)
Event: 628.680 Thread 0x00007f6d940b2110 nmethod 9673 0x00007f6d831e1f10 code [0x00007f6d831e20a0, 0x00007f6d831e21d0]
Event: 638.534 Thread 0x00007f6d940b3620 9674       1       org.eclipse.osgi.internal.framework.EquinoxContainer::getStorage (5 bytes)
Event: 638.535 Thread 0x00007f6d940b3620 nmethod 9674 0x00007f6d831e2310 code [0x00007f6d831e24a0, 0x00007f6d831e2570]
Event: 709.002 Thread 0x00007f6d940b2110 9676       4       java.util.concurrent.locks.ReentrantLock$NonfairSync::initialTryLock (58 bytes)
Event: 709.005 Thread 0x00007f6d940b3620 9675       3       org.eclipse.osgi.internal.loader.classpath.ClasspathEntry::findEntry (56 bytes)
Event: 709.008 Thread 0x00007f6d940b3620 nmethod 9675 0x00007f6d7c93ea10 code [0x00007f6d7c93ed40, 0x00007f6d7c942140]

GC Heap History (20 events):
Event: 738.698 GC heap before
{Heap before GC invocations=387 (full 281):
 PSYoungGen      total 48640K, used 21504K [0x00000000f5580000, 0x00000000fa080000, 0x0000000100000000)
  eden space 21504K, 100% used [0x00000000f5580000,0x00000000f6a80000,0x00000000f6a80000)
  from space 27136K, 0% used [0x00000000f6a80000,0x00000000f6a80000,0x00000000f8500000)
  to   space 12800K, 0% used [0x00000000f8500000,0x00000000f8500000,0x00000000f9180000)
 ParOldGen       total 349696K, used 349689K [0x00000000e0000000, 0x00000000f5580000, 0x00000000f5580000)
  object space 349696K, 99% used [0x00000000e0000000,0x00000000f557e7f0,0x00000000f5580000)
 Metaspace       used 61042K, committed 62208K, reserved 1105920K
  class space    used 5979K, committed 6464K, reserved 1048576K
}
Event: 740.536 GC heap after
{Heap after GC invocations=387 (full 281):
 PSYoungGen      total 34304K, used 21503K [0x00000000f5580000, 0x00000000fa080000, 0x0000000100000000)
  eden space 21504K, 99% used [0x00000000f5580000,0x00000000f6a7ffc0,0x00000000f6a80000)
  from space 12800K, 0% used [0x00000000f8500000,0x00000000f8500000,0x00000000f9180000)
  to   space 27136K, 0% used [0x00000000f6a80000,0x00000000f6a80000,0x00000000f8500000)
 ParOldGen       total 349696K, used 349689K [0x00000000e0000000, 0x00000000f5580000, 0x00000000f5580000)
  object space 349696K, 99% used [0x00000000e0000000,0x00000000f557e7f0,0x00000000f5580000)
 Metaspace       used 61042K, committed 62208K, reserved 1105920K
  class space    used 5979K, committed 6464K, reserved 1048576K
}
Event: 740.536 GC heap before
{Heap before GC invocations=388 (full 282):
 PSYoungGen      total 34304K, used 21504K [0x00000000f5580000, 0x00000000fa080000, 0x0000000100000000)
  eden space 21504K, 100% used [0x00000000f5580000,0x00000000f6a80000,0x00000000f6a80000)
  from space 12800K, 0% used [0x00000000f8500000,0x00000000f8500000,0x00000000f9180000)
  to   space 27136K, 0% used [0x00000000f6a80000,0x00000000f6a80000,0x00000000f8500000)
 ParOldGen       total 349696K, used 349689K [0x00000000e0000000, 0x00000000f5580000, 0x00000000f5580000)
  object space 349696K, 99% used [0x00000000e0000000,0x00000000f557e7f0,0x00000000f5580000)
 Metaspace       used 61042K, committed 62208K, reserved 1105920K
  class space    used 5979K, committed 6464K, reserved 1048576K
}
Event: 742.396 GC heap after
{Heap after GC invocations=388 (full 282):
 PSYoungGen      total 48640K, used 21503K [0x00000000f5580000, 0x00000000fa080000, 0x0000000100000000)
  eden space 21504K, 99% used [0x00000000f5580000,0x00000000f6a7ffe0,0x00000000f6a80000)
  from space 27136K, 0% used [0x00000000f6a80000,0x00000000f6a80000,0x00000000f8500000)
  to   space 12800K, 0% used [0x00000000f8500000,0x00000000f8500000,0x00000000f9180000)
 ParOldGen       total 349696K, used 349689K [0x00000000e0000000, 0x00000000f5580000, 0x00000000f5580000)
  object space 349696K, 99% used [0x00000000e0000000,0x00000000f557e7d0,0x00000000f5580000)
 Metaspace       used 61042K, committed 62208K, reserved 1105920K
  class space    used 5979K, committed 6464K, reserved 1048576K
}
Event: 742.397 GC heap before
{Heap before GC invocations=389 (full 283):
 PSYoungGen      total 48640K, used 21504K [0x00000000f5580000, 0x00000000fa080000, 0x0000000100000000)
  eden space 21504K, 100% used [0x00000000f5580000,0x00000000f6a80000,0x00000000f6a80000)
  from space 27136K, 0% used [0x00000000f6a80000,0x00000000f6a80000,0x00000000f8500000)
  to   space 12800K, 0% used [0x00000000f8500000,0x00000000f8500000,0x00000000f9180000)
 ParOldGen       total 349696K, used 349689K [0x00000000e0000000, 0x00000000f5580000, 0x00000000f5580000)
  object space 349696K, 99% used [0x00000000e0000000,0x00000000f557e7d0,0x00000000f5580000)
 Metaspace       used 61042K, committed 62208K, reserved 1105920K
  class space    used 5979K, committed 6464K, reserved 1048576K
}
Event: 744.320 GC heap after
{Heap after GC invocations=389 (full 283):
 PSYoungGen      total 34304K, used 21503K [0x00000000f5580000, 0x00000000fa080000, 0x0000000100000000)
  eden space 21504K, 99% used [0x00000000f5580000,0x00000000f6a7ffe0,0x00000000f6a80000)
  from space 12800K, 0% used [0x00000000f8500000,0x00000000f8500000,0x00000000f9180000)
  to   space 27136K, 0% used [0x00000000f6a80000,0x00000000f6a80000,0x00000000f8500000)
 ParOldGen       total 349696K, used 349689K [0x00000000e0000000, 0x00000000f5580000, 0x00000000f5580000)
  object space 349696K, 99% used [0x00000000e0000000,0x00000000f557e7d0,0x00000000f5580000)
 Metaspace       used 61042K, committed 62208K, reserved 1105920K
  class space    used 5979K, committed 6464K, reserved 1048576K
}
Event: 744.320 GC heap before
{Heap before GC invocations=390 (full 284):
 PSYoungGen      total 34304K, used 21504K [0x00000000f5580000, 0x00000000fa080000, 0x0000000100000000)
  eden space 21504K, 100% used [0x00000000f5580000,0x00000000f6a80000,0x00000000f6a80000)
  from space 12800K, 0% used [0x00000000f8500000,0x00000000f8500000,0x00000000f9180000)
  to   space 27136K, 0% used [0x00000000f6a80000,0x00000000f6a80000,0x00000000f8500000)
 ParOldGen       total 349696K, used 349689K [0x00000000e0000000, 0x00000000f5580000, 0x00000000f5580000)
  object space 349696K, 99% used [0x00000000e0000000,0x00000000f557e7d0,0x00000000f5580000)
 Metaspace       used 61042K, committed 62208K, reserved 1105920K
  class space    used 5979K, committed 6464K, reserved 1048576K
}
Event: 746.311 GC heap after
{Heap after GC invocations=390 (full 284):
 PSYoungGen      total 48640K, used 21503K [0x00000000f5580000, 0x00000000fa080000, 0x0000000100000000)
  eden space 21504K, 99% used [0x00000000f5580000,0x00000000f6a7ffe0,0x00000000f6a80000)
  from space 27136K, 0% used [0x00000000f6a80000,0x00000000f6a80000,0x00000000f8500000)
  to   space 12800K, 0% used [0x00000000f8500000,0x00000000f8500000,0x00000000f9180000)
 ParOldGen       total 349696K, used 349689K [0x00000000e0000000, 0x00000000f5580000, 0x00000000f5580000)
  object space 349696K, 99% used [0x00000000e0000000,0x00000000f557e7d0,0x00000000f5580000)
 Metaspace       used 61042K, committed 62208K, reserved 1105920K
  class space    used 5979K, committed 6464K, reserved 1048576K
}
Event: 746.311 GC heap before
{Heap before GC invocations=391 (full 285):
 PSYoungGen      total 48640K, used 21504K [0x00000000f5580000, 0x00000000fa080000, 0x0000000100000000)
  eden space 21504K, 100% used [0x00000000f5580000,0x00000000f6a80000,0x00000000f6a80000)
  from space 27136K, 0% used [0x00000000f6a80000,0x00000000f6a80000,0x00000000f8500000)
  to   space 12800K, 0% used [0x00000000f8500000,0x00000000f8500000,0x00000000f9180000)
 ParOldGen       total 349696K, used 349689K [0x00000000e0000000, 0x00000000f5580000, 0x00000000f5580000)
  object space 349696K, 99% used [0x00000000e0000000,0x00000000f557e7d0,0x00000000f5580000)
 Metaspace       used 61042K, committed 62208K, reserved 1105920K
  class space    used 5979K, committed 6464K, reserved 1048576K
}
Event: 748.160 GC heap after
{Heap after GC invocations=391 (full 285):
 PSYoungGen      total 34304K, used 21503K [0x00000000f5580000, 0x00000000fa080000, 0x0000000100000000)
  eden space 21504K, 99% used [0x00000000f5580000,0x00000000f6a7ffe0,0x00000000f6a80000)
  from space 12800K, 0% used [0x00000000f8500000,0x00000000f8500000,0x00000000f9180000)
  to   space 27136K, 0% used [0x00000000f6a80000,0x00000000f6a80000,0x00000000f8500000)
 ParOldGen       total 349696K, used 349689K [0x00000000e0000000, 0x00000000f5580000, 0x00000000f5580000)
  object space 349696K, 99% used [0x00000000e0000000,0x00000000f557e7d0,0x00000000f5580000)
 Metaspace       used 61042K, committed 62208K, reserved 1105920K
  class space    used 5979K, committed 6464K, reserved 1048576K
}
Event: 748.160 GC heap before
{Heap before GC invocations=392 (full 286):
 PSYoungGen      total 34304K, used 21504K [0x00000000f5580000, 0x00000000fa080000, 0x0000000100000000)
  eden space 21504K, 100% used [0x00000000f5580000,0x00000000f6a80000,0x00000000f6a80000)
  from space 12800K, 0% used [0x00000000f8500000,0x00000000f8500000,0x00000000f9180000)
  to   space 27136K, 0% used [0x00000000f6a80000,0x00000000f6a80000,0x00000000f8500000)
 ParOldGen       total 349696K, used 349689K [0x00000000e0000000, 0x00000000f5580000, 0x00000000f5580000)
  object space 349696K, 99% used [0x00000000e0000000,0x00000000f557e7d0,0x00000000f5580000)
 Metaspace       used 61042K, committed 62208K, reserved 1105920K
  class space    used 5979K, committed 6464K, reserved 1048576K
}
Event: 750.026 GC heap after
{Heap after GC invocations=392 (full 286):
 PSYoungGen      total 48640K, used 21503K [0x00000000f5580000, 0x00000000fa080000, 0x0000000100000000)
  eden space 21504K, 99% used [0x00000000f5580000,0x00000000f6a7ffe0,0x00000000f6a80000)
  from space 27136K, 0% used [0x00000000f6a80000,0x00000000f6a80000,0x00000000f8500000)
  to   space 12800K, 0% used [0x00000000f8500000,0x00000000f8500000,0x00000000f9180000)
 ParOldGen       total 349696K, used 349689K [0x00000000e0000000, 0x00000000f5580000, 0x00000000f5580000)
  object space 349696K, 99% used [0x00000000e0000000,0x00000000f557e7d0,0x00000000f5580000)
 Metaspace       used 61042K, committed 62208K, reserved 1105920K
  class space    used 5979K, committed 6464K, reserved 1048576K
}
Event: 750.028 GC heap before
{Heap before GC invocations=393 (full 287):
 PSYoungGen      total 48640K, used 21503K [0x00000000f5580000, 0x00000000fa080000, 0x0000000100000000)
  eden space 21504K, 99% used [0x00000000f5580000,0x00000000f6a7fff8,0x00000000f6a80000)
  from space 27136K, 0% used [0x00000000f6a80000,0x00000000f6a80000,0x00000000f8500000)
  to   space 12800K, 0% used [0x00000000f8500000,0x00000000f8500000,0x00000000f9180000)
 ParOldGen       total 349696K, used 349694K [0x00000000e0000000, 0x00000000f5580000, 0x00000000f5580000)
  object space 349696K, 99% used [0x00000000e0000000,0x00000000f557faa8,0x00000000f5580000)
 Metaspace       used 61043K, committed 62208K, reserved 1105920K
  class space    used 5979K, committed 6464K, reserved 1048576K
}
Event: 752.050 GC heap after
{Heap after GC invocations=393 (full 287):
 PSYoungGen      total 34304K, used 21503K [0x00000000f5580000, 0x00000000fa080000, 0x0000000100000000)
  eden space 21504K, 99% used [0x00000000f5580000,0x00000000f6a7ffc0,0x00000000f6a80000)
  from space 12800K, 0% used [0x00000000f8500000,0x00000000f8500000,0x00000000f9180000)
  to   space 27136K, 0% used [0x00000000f6a80000,0x00000000f6a80000,0x00000000f8500000)
 ParOldGen       total 349696K, used 349692K [0x00000000e0000000, 0x00000000f5580000, 0x00000000f5580000)
  object space 349696K, 99% used [0x00000000e0000000,0x00000000f557f0f8,0x00000000f5580000)
 Metaspace       used 61043K, committed 62208K, reserved 1105920K
  class space    used 5979K, committed 6464K, reserved 1048576K
}
Event: 752.052 GC heap before
{Heap before GC invocations=394 (full 288):
 PSYoungGen      total 34304K, used 21503K [0x00000000f5580000, 0x00000000fa080000, 0x0000000100000000)
  eden space 21504K, 99% used [0x00000000f5580000,0x00000000f6a7fff0,0x00000000f6a80000)
  from space 12800K, 0% used [0x00000000f8500000,0x00000000f8500000,0x00000000f9180000)
  to   space 27136K, 0% used [0x00000000f6a80000,0x00000000f6a80000,0x00000000f8500000)
 ParOldGen       total 349696K, used 349694K [0x00000000e0000000, 0x00000000f5580000, 0x00000000f5580000)
  object space 349696K, 99% used [0x00000000e0000000,0x00000000f557f9d8,0x00000000f5580000)
 Metaspace       used 61043K, committed 62208K, reserved 1105920K
  class space    used 5979K, committed 6464K, reserved 1048576K
}
Event: 753.929 GC heap after
{Heap after GC invocations=394 (full 288):
 PSYoungGen      total 48640K, used 21503K [0x00000000f5580000, 0x00000000fa080000, 0x0000000100000000)
  eden space 21504K, 99% used [0x00000000f5580000,0x00000000f6a7ffa0,0x00000000f6a80000)
  from space 27136K, 0% used [0x00000000f6a80000,0x00000000f6a80000,0x00000000f8500000)
  to   space 12800K, 0% used [0x00000000f8500000,0x00000000f8500000,0x00000000f9180000)
 ParOldGen       total 349696K, used 349694K [0x00000000e0000000, 0x00000000f5580000, 0x00000000f5580000)
  object space 349696K, 99% used [0x00000000e0000000,0x00000000f557f9d8,0x00000000f5580000)
 Metaspace       used 61043K, committed 62208K, reserved 1105920K
  class space    used 5979K, committed 6464K, reserved 1048576K
}
Event: 753.929 GC heap before
{Heap before GC invocations=395 (full 289):
 PSYoungGen      total 48640K, used 21503K [0x00000000f5580000, 0x00000000fa080000, 0x0000000100000000)
  eden space 21504K, 99% used [0x00000000f5580000,0x00000000f6a7ffa0,0x00000000f6a80000)
  from space 27136K, 0% used [0x00000000f6a80000,0x00000000f6a80000,0x00000000f8500000)
  to   space 12800K, 0% used [0x00000000f8500000,0x00000000f8500000,0x00000000f9180000)
 ParOldGen       total 349696K, used 349694K [0x00000000e0000000, 0x00000000f5580000, 0x00000000f5580000)
  object space 349696K, 99% used [0x00000000e0000000,0x00000000f557f9d8,0x00000000f5580000)
 Metaspace       used 61043K, committed 62208K, reserved 1105920K
  class space    used 5979K, committed 6464K, reserved 1048576K
}
Event: 755.841 GC heap after
{Heap after GC invocations=395 (full 289):
 PSYoungGen      total 34304K, used 21503K [0x00000000f5580000, 0x00000000fa080000, 0x0000000100000000)
  eden space 21504K, 99% used [0x00000000f5580000,0x00000000f6a7ff88,0x00000000f6a80000)
  from space 12800K, 0% used [0x00000000f8500000,0x00000000f8500000,0x00000000f9180000)
  to   space 27136K, 0% used [0x00000000f6a80000,0x00000000f6a80000,0x00000000f8500000)
 ParOldGen       total 349696K, used 349694K [0x00000000e0000000, 0x00000000f5580000, 0x00000000f5580000)
  object space 349696K, 99% used [0x00000000e0000000,0x00000000f557f838,0x00000000f5580000)
 Metaspace       used 61043K, committed 62208K, reserved 1105920K
  class space    used 5979K, committed 6464K, reserved 1048576K
}
Event: 755.841 GC heap before
{Heap before GC invocations=396 (full 290):
 PSYoungGen      total 34304K, used 21503K [0x00000000f5580000, 0x00000000fa080000, 0x0000000100000000)
  eden space 21504K, 99% used [0x00000000f5580000,0x00000000f6a7fff8,0x00000000f6a80000)
  from space 12800K, 0% used [0x00000000f8500000,0x00000000f8500000,0x00000000f9180000)
  to   space 27136K, 0% used [0x00000000f6a80000,0x00000000f6a80000,0x00000000f8500000)
 ParOldGen       total 349696K, used 349694K [0x00000000e0000000, 0x00000000f5580000, 0x00000000f5580000)
  object space 349696K, 99% used [0x00000000e0000000,0x00000000f557f9b0,0x00000000f5580000)
 Metaspace       used 61043K, committed 62208K, reserved 1105920K
  class space    used 5979K, committed 6464K, reserved 1048576K
}
Event: 757.896 GC heap after
{Heap after GC invocations=396 (full 290):
 PSYoungGen      total 48640K, used 21503K [0x00000000f5580000, 0x00000000fa080000, 0x0000000100000000)
  eden space 21504K, 99% used [0x00000000f5580000,0x00000000f6a7ff88,0x00000000f6a80000)
  from space 27136K, 0% used [0x00000000f6a80000,0x00000000f6a80000,0x00000000f8500000)
  to   space 12800K, 0% used [0x00000000f8500000,0x00000000f8500000,0x00000000f9180000)
 ParOldGen       total 349696K, used 349686K [0x00000000e0000000, 0x00000000f5580000, 0x00000000f5580000)
  object space 349696K, 99% used [0x00000000e0000000,0x00000000f557d858,0x00000000f5580000)
 Metaspace       used 61043K, committed 62208K, reserved 1105920K
  class space    used 5979K, committed 6464K, reserved 1048576K
}

Dll operation events (9 events):
Event: 0.003 Loaded shared library /nix/store/gpxl5qgg8kicmcvivwmybwjlpf7wh20l-graalvm17-ce-22.3.0/lib/libjava.so
Event: 0.012 Loaded shared library /nix/store/gpxl5qgg8kicmcvivwmybwjlpf7wh20l-graalvm17-ce-22.3.0/lib/libjsvml.so
Event: 0.409 Loaded shared library /nix/store/gpxl5qgg8kicmcvivwmybwjlpf7wh20l-graalvm17-ce-22.3.0/lib/libnio.so
Event: 0.412 Loaded shared library /nix/store/gpxl5qgg8kicmcvivwmybwjlpf7wh20l-graalvm17-ce-22.3.0/lib/libzip.so
Event: 0.415 Loaded shared library /nix/store/gpxl5qgg8kicmcvivwmybwjlpf7wh20l-graalvm17-ce-22.3.0/lib/libjvmcicompiler.so
Event: 0.995 Loaded shared library /nix/store/gpxl5qgg8kicmcvivwmybwjlpf7wh20l-graalvm17-ce-22.3.0/lib/libjimage.so
Event: 1.895 Loaded shared library /nix/store/gpxl5qgg8kicmcvivwmybwjlpf7wh20l-graalvm17-ce-22.3.0/lib/libnet.so
Event: 7.501 Loaded shared library /home/runner/.cache/jdt-language-server/config/org.eclipse.equinox.launcher/org.eclipse.equinox.launcher.gtk.linux.x86_64_1.2.400.v20211117-0650/eclipse_11600.so
Event: 20.590 Loaded shared library /nix/store/gpxl5qgg8kicmcvivwmybwjlpf7wh20l-graalvm17-ce-22.3.0/lib/libextnet.so

Deoptimization events (20 events):
Event: 94.006 Thread 0x00007f6d284a1800 DEOPT PACKING pc=0x00007f6d7c4da15d sp=0x00007f6d413fe530
Event: 94.006 Thread 0x00007f6d284a1800 DEOPT UNPACKING pc=0x00007f6d7b505325 sp=0x00007f6d413fda20 mode 0
Event: 94.008 Thread 0x00007f6d284a1800 DEOPT PACKING pc=0x00007f6d7c4da15d sp=0x00007f6d413fe530
Event: 94.008 Thread 0x00007f6d284a1800 DEOPT UNPACKING pc=0x00007f6d7b505325 sp=0x00007f6d413fda20 mode 0
Event: 94.011 Thread 0x00007f6d284a1800 DEOPT PACKING pc=0x00007f6d7c12f31b sp=0x00007f6d413fe490
Event: 94.011 Thread 0x00007f6d284a1800 DEOPT UNPACKING pc=0x00007f6d7b505325 sp=0x00007f6d413fd948 mode 0
Event: 94.014 Thread 0x00007f6d284a1800 DEOPT PACKING pc=0x00007f6d7c4da15d sp=0x00007f6d413fe530
Event: 94.014 Thread 0x00007f6d284a1800 DEOPT UNPACKING pc=0x00007f6d7b505325 sp=0x00007f6d413fda20 mode 0
Event: 94.016 Thread 0x00007f6d284a1800 DEOPT PACKING pc=0x00007f6d7c4da15d sp=0x00007f6d413fe530
Event: 94.016 Thread 0x00007f6d284a1800 DEOPT UNPACKING pc=0x00007f6d7b505325 sp=0x00007f6d413fda20 mode 0
Event: 94.018 Thread 0x00007f6d284a1800 DEOPT PACKING pc=0x00007f6d7c4da15d sp=0x00007f6d413fe530
Event: 94.018 Thread 0x00007f6d284a1800 DEOPT UNPACKING pc=0x00007f6d7b505325 sp=0x00007f6d413fda20 mode 0
Event: 94.094 Thread 0x00007f6d284a1800 DEOPT PACKING pc=0x00007f6d7c4da15d sp=0x00007f6d413fe530
Event: 94.094 Thread 0x00007f6d284a1800 DEOPT UNPACKING pc=0x00007f6d7b505325 sp=0x00007f6d413fda20 mode 0
Event: 94.100 Thread 0x00007f6d284a1800 DEOPT PACKING pc=0x00007f6d7c4da15d sp=0x00007f6d413fe530
Event: 94.100 Thread 0x00007f6d284a1800 DEOPT UNPACKING pc=0x00007f6d7b505325 sp=0x00007f6d413fda20 mode 0
Event: 94.102 Thread 0x00007f6d284a1800 DEOPT PACKING pc=0x00007f6d7c4da15d sp=0x00007f6d413fe530
Event: 94.102 Thread 0x00007f6d284a1800 DEOPT UNPACKING pc=0x00007f6d7b505325 sp=0x00007f6d413fda20 mode 0
Event: 94.203 Thread 0x00007f6d284a1800 DEOPT PACKING pc=0x00007f6d7c12f31b sp=0x00007f6d413fe4b0
Event: 94.203 Thread 0x00007f6d284a1800 DEOPT UNPACKING pc=0x00007f6d7b505325 sp=0x00007f6d413fd968 mode 0

Classes unloaded (20 events):
Event: 203.013 Thread 0x00007f6d940a1b40 Unloading class 0x0000000801130800 'jdk/internal/reflect/GeneratedSerializationConstructorAccessor16'
Event: 203.013 Thread 0x00007f6d940a1b40 Unloading class 0x0000000801130400 'jdk/internal/reflect/GeneratedSerializationConstructorAccessor15'
Event: 203.013 Thread 0x00007f6d940a1b40 Unloading class 0x000000080112a000 'jdk/internal/reflect/GeneratedConstructorAccessor38'
Event: 203.013 Thread 0x00007f6d940a1b40 Unloading class 0x0000000801129c00 'jdk/internal/reflect/GeneratedSerializationConstructorAccessor14'
Event: 203.013 Thread 0x00007f6d940a1b40 Unloading class 0x0000000801129800 'jdk/internal/reflect/GeneratedSerializationConstructorAccessor13'
Event: 203.013 Thread 0x00007f6d940a1b40 Unloading class 0x0000000801129400 'jdk/internal/reflect/GeneratedSerializationConstructorAccessor12'
Event: 203.013 Thread 0x00007f6d940a1b40 Unloading class 0x0000000801129000 'jdk/internal/reflect/GeneratedMethodAccessor12'
Event: 203.013 Thread 0x00007f6d940a1b40 Unloading class 0x0000000801128800 'jdk/internal/reflect/GeneratedSerializationConstructorAccessor11'
Event: 203.013 Thread 0x00007f6d940a1b40 Unloading class 0x0000000801128400 'jdk/internal/reflect/GeneratedSerializationConstructorAccessor10'
Event: 203.013 Thread 0x00007f6d940a1b40 Unloading class 0x0000000801128000 'jdk/internal/reflect/GeneratedSerializationConstructorAccessor9'
Event: 203.013 Thread 0x00007f6d940a1b40 Unloading class 0x0000000801125400 'jdk/internal/reflect/GeneratedSerializationConstructorAccessor8'
Event: 203.013 Thread 0x00007f6d940a1b40 Unloading class 0x000000080109a400 'jdk/internal/reflect/GeneratedSerializationConstructorAccessor2'
Event: 203.013 Thread 0x00007f6d940a1b40 Unloading class 0x000000080109a000 'jdk/internal/reflect/GeneratedSerializationConstructorAccessor1'
Event: 207.447 Thread 0x00007f6d940a1b40 Unloading class 0x00000008010ecc00 'jdk/internal/reflect/GeneratedMethodAccessor10'
Event: 207.447 Thread 0x00007f6d940a1b40 Unloading class 0x00000008010ec800 'jdk/internal/reflect/GeneratedMethodAccessor9'
Event: 207.447 Thread 0x00007f6d940a1b40 Unloading class 0x00000008010ec000 'jdk/internal/reflect/GeneratedMethodAccessor7'
Event: 210.042 Thread 0x00007f6d940a1b40 Unloading class 0x0000000801240400 'jdk/internal/reflect/GeneratedConstructorAccessor40'
Event: 210.042 Thread 0x00007f6d940a1b40 Unloading class 0x0000000801128c00 'jdk/internal/reflect/GeneratedMethodAccessor11'
Event: 210.042 Thread 0x00007f6d940a1b40 Unloading class 0x0000000801125000 'jdk/internal/reflect/GeneratedConstructorAccessor37'
Event: 210.042 Thread 0x00007f6d940a1b40 Unloading class 0x00000008010ec400 'jdk/internal/reflect/GeneratedMethodAccessor8'

Classes redefined (0 events):
No events

Internal exceptions (20 events):
Event: 55.711 Thread 0x00007f6d04000ff0 Exception <a 'java/lang/NoSuchMethodError'{0x00000000f5cb58e8}: 'java.lang.Object java.lang.invoke.DirectMethodHandle$Holder.invokeStatic(java.lang.Object, java.lang.Object, java.lang.Object, long)'> (0x00000000f5cb58e8) 
thrown [src/hotspot/share/interpreter/linkResolver.cpp, line 758]
Event: 55.711 Thread 0x00007f6d04000ff0 Exception <a 'java/lang/NoSuchMethodError'{0x00000000f6201610}: 'java.lang.Object java.lang.invoke.DirectMethodHandle$Holder.newInvokeSpecial(java.lang.Object, java.lang.Object, java.lang.Object, long)'> (0x00000000f6201610) 
thrown [src/hotspot/share/interpreter/linkResolver.cpp, line 758]
Event: 55.714 Thread 0x00007f6d04000ff0 Exception <a 'java/lang/NoSuchMethodError'{0x00000000f6205968}: 'java.lang.Object java.lang.invoke.DirectMethodHandle$Holder.invokeSpecial(java.lang.Object, java.lang.Object, java.lang.Object, java.lang.Object, long)'> (0x00000000f6205968) 
thrown [src/hotspot/share/interpreter/linkResolver.cpp, line 758]
Event: 55.714 Thread 0x00007f6d04000ff0 Exception <a 'java/lang/NoSuchMethodError'{0x00000000f6209740}: 'java.lang.Object java.lang.invoke.Invokers$Holder.linkToTargetMethod(java.lang.Object, java.lang.Object, long, java.lang.Object)'> (0x00000000f6209740) 
thrown [src/hotspot/share/interpreter/linkResolver.cpp, line 758]
Event: 56.108 Thread 0x00007f6d04000ff0 Exception <a 'java/io/FileNotFoundException'{0x00000000f59f3428}> (0x00000000f59f3428) 
thrown [src/hotspot/share/prims/jni.cpp, line 516]
Event: 56.199 Thread 0x00007f6d04000ff0 Exception <a 'java/lang/NoSuchMethodError'{0x00000000f5ca7d40}: 'java.lang.Object java.lang.invoke.DirectMethodHandle$Holder.newInvokeSpecial(java.lang.Object, java.lang.Object, int, java.lang.Object, java.lang.Object)'> (0x00000000f5ca7d40) 
thrown [src/hotspot/share/interpreter/linkResolver.cpp, line 758]
Event: 56.201 Thread 0x00007f6d04000ff0 Exception <a 'java/lang/NoSuchMethodError'{0x00000000f5cac3b8}: 'java.lang.Object java.lang.invoke.DirectMethodHandle$Holder.invokeSpecial(java.lang.Object, java.lang.Object, java.lang.Object, int, java.lang.Object, java.lang.Object)'> (0x00000000f5cac3b8) 
thrown [src/hotspot/share/interpreter/linkResolver.cpp, line 758]
Event: 56.398 Thread 0x00007f6d04000ff0 Implicit null exception at 0x00007f6d831425b0 to 0x00007f6d83142806
Event: 56.664 Thread 0x00007f6d04000ff0 Exception <a 'java/lang/NoSuchMethodError'{0x00000000f55cc7f8}: 'java.lang.Object java.lang.invoke.DirectMethodHandle$Holder.newInvokeSpecial(java.lang.Object, java.lang.Object, java.lang.Object, int, java.lang.Object)'> (0x00000000f55cc7f8) 
thrown [src/hotspot/share/interpreter/linkResolver.cpp, line 758]
Event: 56.665 Thread 0x00007f6d04000ff0 Exception <a 'java/lang/NoSuchMethodError'{0x00000000f55d09a8}: 'java.lang.Object java.lang.invoke.DirectMethodHandle$Holder.invokeSpecial(java.lang.Object, java.lang.Object, java.lang.Object, java.lang.Object, int, java.lang.Object)'> (0x00000000f55d09a8) 
thrown [src/hotspot/share/interpreter/linkResolver.cpp, line 758]
Event: 56.696 Thread 0x00007f6d04000ff0 Exception <a 'java/lang/NoSuchMethodError'{0x00000000f55d46f0}: 'java.lang.Object java.lang.invoke.Invokers$Holder.linkToTargetMethod(java.lang.Object, java.lang.Object, int, java.lang.Object, java.lang.Object)'> (0x00000000f55d46f0) 
thrown [src/hotspot/share/interpreter/linkResolver.cpp, line 758]
Event: 59.315 Thread 0x00007f6d1c0010d0 Implicit null exception at 0x00007f6d830c20e9 to 0x00007f6d830c229b
Event: 66.011 Thread 0x00007f6d94343400 Implicit null exception at 0x00007f6d8316414f to 0x00007f6d831647ba
Event: 66.911 Thread 0x00007f6d284a1800 Implicit null exception at 0x00007f6d831860f2 to 0x00007f6d8318a564
Event: 70.597 Thread 0x00007f6d00132520 Exception <a 'java/lang/NoSuchMethodError'{0x00000000f5c1cd30}: 'java.lang.Object java.lang.invoke.DirectMethodHandle$Holder.newInvokeSpecial(java.lang.Object, java.lang.Object, int, java.lang.Object, java.lang.Object, java.lang.Object, java.lang.Object)'> (0x00000000f5c1cd30) 
thrown [src/hotspot/share/interpreter/linkResolver.cpp, line 758]
Event: 70.598 Thread 0x00007f6d00131b20 Exception <a 'java/lang/NoSuchMethodError'{0x00000000f5bd1c58}: 'java.lang.Object java.lang.invoke.DirectMethodHandle$Holder.invokeStatic(java.lang.Object, int, java.lang.Object, java.lang.Object, java.lang.Object, java.lang.Object)'> (0x00000000f5bd1c58) 
thrown [src/hotspot/share/interpreter/linkResolver.cpp, line 758]
Event: 70.599 Thread 0x00007f6d00131b20 Exception <a 'java/lang/NoSuchMethodError'{0x00000000f5c84070}: 'java.lang.Object java.lang.invoke.DirectMethodHandle$Holder.newInvokeSpecial(java.lang.Object, int, java.lang.Object, java.lang.Object, java.lang.Object)'> (0x00000000f5c84070) 
thrown [src/hotspot/share/interpreter/linkResolver.cpp, line 758]
Event: 70.901 Thread 0x00007f6d00132520 Exception <a 'java/lang/NoSuchMethodError'{0x00000000f6427bb8}: 'void java.lang.invoke.DirectMethodHandle$Holder.invokeSpecial(java.lang.Object, java.lang.Object, int)'> (0x00000000f6427bb8) 
thrown [src/hotspot/share/interpreter/linkResolver.cpp, line 758]
Event: 72.492 Thread 0x00007f6d00131b20 Exception <a 'java/lang/NoSuchMethodError'{0x00000000f5a28318}: 'int java.lang.invoke.DirectMethodHandle$Holder.invokeSpecialIFC(java.lang.Object, java.lang.Object, java.lang.Object, java.lang.Object)'> (0x00000000f5a28318) 
thrown [src/hotspot/share/interpreter/linkResolver.cpp, line 758]
Event: 755.841 Thread 0x00007f6d940b2110 Exception <a 'java/lang/OutOfMemoryError'{0x00000000e0004330}> (0x00000000e0004330) 
thrown [src/hotspot/share/gc/shared/memAllocator.cpp, line 136]

VM Operations (20 events):
Event: 736.737 Executing VM operation: ParallelGCFailedAllocation done
Event: 736.737 Executing VM operation: ParallelGCFailedAllocation
Event: 738.698 Executing VM operation: ParallelGCFailedAllocation done
Event: 738.698 Executing VM operation: ParallelGCFailedAllocation
Event: 740.536 Executing VM operation: ParallelGCFailedAllocation done
Event: 740.536 Executing VM operation: ParallelGCFailedAllocation
Event: 742.396 Executing VM operation: ParallelGCFailedAllocation done
Event: 742.396 Executing VM operation: ParallelGCFailedAllocation
Event: 744.320 Executing VM operation: ParallelGCFailedAllocation done
Event: 744.320 Executing VM operation: ParallelGCFailedAllocation
Event: 746.311 Executing VM operation: ParallelGCFailedAllocation done
Event: 746.311 Executing VM operation: ParallelGCFailedAllocation
Event: 748.160 Executing VM operation: ParallelGCFailedAllocation done
Event: 748.160 Executing VM operation: ParallelGCFailedAllocation
Event: 750.026 Executing VM operation: ParallelGCFailedAllocation done
Event: 750.028 Executing VM operation: ParallelGCFailedAllocation
Event: 752.051 Executing VM operation: ParallelGCFailedAllocation done
Event: 752.051 Executing VM operation: ParallelGCFailedAllocation
Event: 755.841 Executing VM operation: ParallelGCFailedAllocation done
Event: 755.841 Executing VM operation: ParallelGCFailedAllocation

Events (20 events):
Event: 76.301 Thread 0x00007f6d940b4680 flushing nmethod 0x00007f6d7cbe8790
Event: 76.301 Thread 0x00007f6d940b4680 flushing nmethod 0x00007f6d7cbe8e10
Event: 76.302 Thread 0x00007f6d940b4680 flushing nmethod 0x00007f6d7cc0c590
Event: 76.302 Thread 0x00007f6d940b4680 flushing nmethod 0x00007f6d7cc0ca90
Event: 76.302 Thread 0x00007f6d940b4680 flushing nmethod 0x00007f6d7cc0d410
Event: 105.692 Thread 0x00007f6cfc004710 Thread exited: 0x00007f6cfc004710
Event: 129.397 Thread 0x00007f6d28322e10 Thread exited: 0x00007f6d28322e10
Event: 134.805 Thread 0x00007f6d1c0010d0 Thread exited: 0x00007f6d1c0010d0
Event: 206.099 Thread 0x00007f6d24001560 Thread exited: 0x00007f6d24001560
Event: 448.443 loading class java/io/InterruptedIOException
Event: 455.435 loading class java/io/InterruptedIOException done
Event: 455.435 loading class javax/net/ssl/SSLException
Event: 457.119 loading class javax/net/ssl/SSLException done
Event: 467.823 loading class java/lang/AssertionError
Event: 467.823 loading class java/lang/AssertionError done
Event: 512.893 Thread 0x00007f6cf836f280 Thread exited: 0x00007f6cf836f280
Event: 535.243 Thread 0x00007f6cfc0038a0 Thread exited: 0x00007f6cfc0038a0
Event: 541.227 Thread 0x00007f6cf836fab0 Thread exited: 0x00007f6cf836fab0
Event: 662.003 Thread 0x00007f6d001331b0 Thread added: 0x00007f6d001331b0
Event: 662.003 Protecting memory [0x00007f6d41600000,0x00007f6d41604000] with protection modes 0


Dynamic libraries:
e0000000-f5580000 rw-p 00000000 00:00 0 
f5580000-fa080000 rw-p 00000000 00:00 0 
fa080000-100000000 ---p 00000000 00:00 0 
800000000-800449000 rw-p 00001000 00:dbf 4611686019135357769             /nix/store/gpxl5qgg8kicmcvivwmybwjlpf7wh20l-graalvm17-ce-22.3.0/lib/server/classes.jsa
800449000-800bc8000 r--p 0044a000 00:dbf 4611686019135357769             /nix/store/gpxl5qgg8kicmcvivwmybwjlpf7wh20l-graalvm17-ce-22.3.0/lib/server/classes.jsa
800bc8000-800c00000 ---p 00000000 00:00 0 
800c00000-800c20000 rw-p 00000000 00:00 0 
800c20000-800c40000 rw-p 00000000 00:00 0 
800c40000-800cc0000 rw-p 00000000 00:00 0 
800cc0000-800d00000 rw-p 00000000 00:00 0 
800d00000-800dc0000 rw-p 00000000 00:00 0 
800dc0000-800e00000 rw-p 00000000 00:00 0 
800e00000-800f40000 rw-p 00000000 00:00 0 
800f40000-800fc0000 rw-p 00000000 00:00 0 
800fc0000-801000000 rw-p 00000000 00:00 0 
801000000-801250000 rw-p 00000000 00:00 0 
801250000-840c00000 ---p 00000000 00:00 0 
55f1b3d94000-55f1b3d95000 r-xp 00000000 00:dbf 4611686019099417844       /nix/store/gpxl5qgg8kicmcvivwmybwjlpf7wh20l-graalvm17-ce-22.3.0/bin/.java-wrapped
55f1b3d96000-55f1b3d97000 r--p 00001000 00:dbf 4611686019099417844       /nix/store/gpxl5qgg8kicmcvivwmybwjlpf7wh20l-graalvm17-ce-22.3.0/bin/.java-wrapped
55f1b3d97000-55f1b3d98000 rw-p 00002000 00:dbf 4611686019099417844       /nix/store/gpxl5qgg8kicmcvivwmybwjlpf7wh20l-graalvm17-ce-22.3.0/bin/.java-wrapped
55f1b3d98000-55f1b3d99000 rw-p 00004000 00:dbf 4611686019099417844       /nix/store/gpxl5qgg8kicmcvivwmybwjlpf7wh20l-graalvm17-ce-22.3.0/bin/.java-wrapped
55f1b3d99000-55f1b3d9a000 rw-p 00005000 00:dbf 4611686019099417844       /nix/store/gpxl5qgg8kicmcvivwmybwjlpf7wh20l-graalvm17-ce-22.3.0/bin/.java-wrapped
55f1b443d000-55f1b4485000 rw-p 00000000 00:00 0                          [heap]
7f6cd0000000-7f6cd004f000 rw-p 00000000 00:00 0 
7f6cd004f000-7f6cd4000000 ---p 00000000 00:00 0 
7f6cd7800000-7f6cd7ea0000 rw-p 00000000 00:00 0 
7f6cd7ea0000-7f6cd8000000 ---p 00000000 00:00 0 
7f6cd8000000-7f6cd8021000 rw-p 00000000 00:00 0 
7f6cd8021000-7f6cdc000000 ---p 00000000 00:00 0 
7f6cdc000000-7f6cdc0f5000 rw-p 00000000 00:00 0 
7f6cdc0f5000-7f6ce0000000 ---p 00000000 00:00 0 
7f6ce0000000-7f6ce0021000 rw-p 00000000 00:00 0 
7f6ce0021000-7f6ce4000000 ---p 00000000 00:00 0 
7f6ce4000000-7f6ce4021000 rw-p 00000000 00:00 0 
7f6ce4021000-7f6ce8000000 ---p 00000000 00:00 0 
7f6ce8000000-7f6ce8021000 rw-p 00000000 00:00 0 
7f6ce8021000-7f6cec000000 ---p 00000000 00:00 0 
7f6cec400000-7f6cec580000 rw-p 00000000 00:00 0 
7f6cec580000-7f6cec600000 rw-p 00000000 00:00 0 
7f6cec600000-7f6cec780000 rw-p 00000000 00:00 0 
7f6cec780000-7f6cec7d0000 rw-p 00000000 00:00 0 
7f6cec7d0000-7f6cec800000 ---p 00000000 00:00 0 
7f6cec800000-7f6cec960000 rw-p 00000000 00:00 0 
7f6cec960000-7f6cecc00000 rw-p 00000000 00:00 0 
7f6cee4b3000-7f6cf8000000 r--s 00000000 00:dbf 4611686019135192581       /nix/store/gpxl5qgg8kicmcvivwmybwjlpf7wh20l-graalvm17-ce-22.3.0/lib/modules
7f6cf8000000-7f6cf855d000 rw-p 00000000 00:00 0 
7f6cf855d000-7f6cfc000000 ---p 00000000 00:00 0 
7f6cfc000000-7f6cfc021000 rw-p 00000000 00:00 0 
7f6cfc021000-7f6d00000000 ---p 00000000 00:00 0 
7f6d00000000-7f6d001af000 rw-p 00000000 00:00 0 
7f6d001af000-7f6d04000000 ---p 00000000 00:00 0 
7f6d04000000-7f6d04021000 rw-p 00000000 00:00 0 
7f6d04021000-7f6d08000000 ---p 00000000 00:00 0 
7f6d08000000-7f6d08021000 rw-p 00000000 00:00 0 
7f6d08021000-7f6d0c000000 ---p 00000000 00:00 0 
7f6d0c000000-7f6d0c021000 rw-p 00000000 00:00 0 
7f6d0c021000-7f6d10000000 ---p 00000000 00:00 0 
7f6d10000000-7f6d10198000 rw-p 00000000 00:00 0 
7f6d10198000-7f6d14000000 ---p 00000000 00:00 0 
7f6d14000000-7f6d1406e000 rw-p 00000000 00:00 0 
7f6d1406e000-7f6d18000000 ---p 00000000 00:00 0 
7f6d18000000-7f6d18021000 rw-p 00000000 00:00 0 
7f6d18021000-7f6d1c000000 ---p 00000000 00:00 0 
7f6d1c000000-7f6d1c328000 rw-p 00000000 00:00 0 
7f6d1c328000-7f6d20000000 ---p 00000000 00:00 0 
7f6d20000000-7f6d20021000 rw-p 00000000 00:00 0 
7f6d20021000-7f6d24000000 ---p 00000000 00:00 0 
7f6d24000000-7f6d24119000 rw-p 00000000 00:00 0 
7f6d24119000-7f6d28000000 ---p 00000000 00:00 0 
7f6d28000000-7f6d288e3000 rw-p 00000000 00:00 0 
7f6d288e3000-7f6d2c000000 ---p 00000000 00:00 0 
7f6d2c000000-7f6d2c026000 rw-p 00000000 00:00 0 
7f6d2c026000-7f6d30000000 ---p 00000000 00:00 0 
7f6d30000000-7f6d30021000 rw-p 00000000 00:00 0 
7f6d30021000-7f6d34000000 ---p 00000000 00:00 0 
7f6d34000000-7f6d34021000 rw-p 00000000 00:00 0 
7f6d34021000-7f6d38000000 ---p 00000000 00:00 0 
7f6d38000000-7f6d380d9000 rw-p 00000000 00:00 0 
7f6d380d9000-7f6d3c000000 ---p 00000000 00:00 0 
7f6d3c000000-7f6d3c800000 rw-p 00000000 00:00 0 
7f6d3c800000-7f6d3c8c0000 rw-p 00000000 00:00 0 
7f6d3c8c0000-7f6d3c900000 rw-p 00000000 00:00 0 
7f6d3c900000-7f6d3cb00000 rw-p 00000000 00:00 0 
7f6d3cb00000-7f6d3cbc0000 rw-p 00000000 00:00 0 
7f6d3cbc0000-7f6d3cc00000 rw-p 00000000 00:00 0 
7f6d3cc00000-7f6d3cd00000 rw-p 00000000 00:00 0 
7f6d3cd00000-7f6d3ce00000 rw-p 00000000 00:00 0 
7f6d3ce00000-7f6d3d000000 rw-p 00000000 00:00 0 
7f6d3d000000-7f6d3d100000 rw-p 00000000 00:00 0 
7f6d3d100000-7f6d3d200000 rw-p 00000000 00:00 0 
7f6d3d200000-7f6d3d7c0000 rw-p 00000000 00:00 0 
7f6d3d7c0000-7f6d3d800000 rw-p 00000000 00:00 0 
7f6d3d800000-7f6d3d900000 rw-p 00000000 00:00 0 
7f6d3d900000-7f6d3da00000 rw-p 00000000 00:00 0 
7f6d3da00000-7f6d3dd00000 rw-p 00000000 00:00 0 
7f6d3dd00000-7f6d3de00000 rw-p 00000000 00:00 0 
7f6d3de00000-7f6d3e000000 rw-p 00000000 00:00 0 
7f6d3ea00000-7f6d3ea10000 r-xp 00000000 00:dbc 359                       /home/runner/.cache/jdt-language-server/config/org.eclipse.equinox.launcher/org.eclipse.equinox.launcher.gtk.linux.x86_64_1.2.400.v20211117-0650/eclipse_11600.so
7f6d3ea10000-7f6d3ec0f000 ---p 00010000 00:dbc 359                       /home/runner/.cache/jdt-language-server/config/org.eclipse.equinox.launcher/org.eclipse.equinox.launcher.gtk.linux.x86_64_1.2.400.v20211117-0650/eclipse_11600.so
7f6d3ec0f000-7f6d3ec10000 r--p 0000f000 00:dbc 359                       /home/runner/.cache/jdt-language-server/config/org.eclipse.equinox.launcher/org.eclipse.equinox.launcher.gtk.linux.x86_64_1.2.400.v20211117-0650/eclipse_11600.so
7f6d3ec10000-7f6d3ec11000 rw-p 00010000 00:dbc 359                       /home/runner/.cache/jdt-language-server/config/org.eclipse.equinox.launcher/org.eclipse.equinox.launcher.gtk.linux.x86_64_1.2.400.v20211117-0650/eclipse_11600.so
7f6d3ed00000-7f6d3ee00000 ---p 00000000 00:00 0 
7f6d3ee00000-7f6d3f3af000 r--p 01122000 00:dbf 4611686019135190040       /nix/store/gpxl5qgg8kicmcvivwmybwjlpf7wh20l-graalvm17-ce-22.3.0/lib/libjvmcicompiler.so
7f6d3f3af000-7f6d3f500000 r--p 00000000 00:00 0 
7f6d3f500000-7f6d3f53d000 rw-p 00000000 00:00 0 
7f6d3f53d000-7f6d3fa5d000 rw-p 0185f000 00:dbf 4611686019135190040       /nix/store/gpxl5qgg8kicmcvivwmybwjlpf7wh20l-graalvm17-ce-22.3.0/lib/libjvmcicompiler.so
7f6d3fa5d000-7f6d3fe44000 r--p 01d7f000 00:dbf 4611686019135190040       /nix/store/gpxl5qgg8kicmcvivwmybwjlpf7wh20l-graalvm17-ce-22.3.0/lib/libjvmcicompiler.so
7f6d3ff00000-7f6d3ff04000 ---p 00000000 00:00 0 
7f6d3ff04000-7f6d40000000 rw-p 00000000 00:00 0 
7f6d40100000-7f6d40104000 ---p 00000000 00:00 0 
7f6d40104000-7f6d40200000 rw-p 00000000 00:00 0 
7f6d40300000-7f6d40304000 ---p 00000000 00:00 0 
7f6d40304000-7f6d40400000 rw-p 00000000 00:00 0 
7f6d40500000-7f6d40504000 ---p 00000000 00:00 0 
7f6d40504000-7f6d40600000 rw-p 00000000 00:00 0 
7f6d40700000-7f6d40704000 ---p 00000000 00:00 0 
7f6d40704000-7f6d40800000 rw-p 00000000 00:00 0 
7f6d40900000-7f6d40904000 ---p 00000000 00:00 0 
7f6d40904000-7f6d40a00000 rw-p 00000000 00:00 0 
7f6d40a00000-7f6d40a04000 ---p 00000000 00:00 0 
7f6d40a04000-7f6d40b00000 rw-p 00000000 00:00 0 
7f6d40b00000-7f6d40b04000 ---p 00000000 00:00 0 
7f6d40b04000-7f6d40c00000 rw-p 00000000 00:00 0 
7f6d40d00000-7f6d40d04000 ---p 00000000 00:00 0 
7f6d40d04000-7f6d40e00000 rw-p 00000000 00:00 0 
7f6d40f00000-7f6d40f04000 ---p 00000000 00:00 0 
7f6d40f04000-7f6d41000000 rw-p 00000000 00:00 0 
7f6d41000000-7f6d41004000 ---p 00000000 00:00 0 
7f6d41004000-7f6d41100000 rw-p 00000000 00:00 0 
7f6d41100000-7f6d41104000 ---p 00000000 00:00 0 
7f6d41104000-7f6d41200000 rw-p 00000000 00:00 0 
7f6d41300000-7f6d41304000 ---p 00000000 00:00 0 
7f6d41304000-7f6d41400000 rw-p 00000000 00:00 0 
7f6d41500000-7f6d41504000 ---p 00000000 00:00 0 
7f6d41504000-7f6d41600000 rw-p 00000000 00:00 0 
7f6d41600000-7f6d41604000 ---p 00000000 00:00 0 
7f6d41604000-7f6d41700000 rw-p 00000000 00:00 0 
7f6d41700000-7f6d41704000 ---p 00000000 00:00 0 
7f6d41704000-7f6d41800000 rw-p 00000000 00:00 0 
7f6d41900000-7f6d41904000 ---p 00000000 00:00 0 
7f6d41904000-7f6d41a00000 rw-p 00000000 00:00 0 
7f6d41b00000-7f6d41b04000 ---p 00000000 00:00 0 
7f6d41b04000-7f6d41c00000 rw-p 00000000 00:00 0 
7f6d41c00000-7f6d43d6a000 r-xp 00000000 00:dbf 4611686019135190040       /nix/store/gpxl5qgg8kicmcvivwmybwjlpf7wh20l-graalvm17-ce-22.3.0/lib/libjvmcicompiler.so
7f6d43d6a000-7f6d43f69000 ---p 0216a000 00:dbf 4611686019135190040       /nix/store/gpxl5qgg8kicmcvivwmybwjlpf7wh20l-graalvm17-ce-22.3.0/lib/libjvmcicompiler.so
7f6d43f69000-7f6d43f6a000 r--p 02169000 00:dbf 4611686019135190040       /nix/store/gpxl5qgg8kicmcvivwmybwjlpf7wh20l-graalvm17-ce-22.3.0/lib/libjvmcicompiler.so
7f6d43f6a000-7f6d43f6c000 rw-p 0216a000 00:dbf 4611686019135190040       /nix/store/gpxl5qgg8kicmcvivwmybwjlpf7wh20l-graalvm17-ce-22.3.0/lib/libjvmcicompiler.so
7f6d43f6c000-7f6d43f6d000 rw-p 00000000 00:00 0 
7f6d43f6d000-7f6d43f72000 rw-p 023c3000 00:dbf 4611686019135190040       /nix/store/gpxl5qgg8kicmcvivwmybwjlpf7wh20l-graalvm17-ce-22.3.0/lib/libjvmcicompiler.so
7f6d44000000-7f6d44021000 rw-p 00000000 00:00 0 
7f6d44021000-7f6d48000000 ---p 00000000 00:00 0 
7f6d48000000-7f6d48021000 rw-p 00000000 00:00 0 
7f6d48021000-7f6d4c000000 ---p 00000000 00:00 0 
7f6d4c000000-7f6d4c021000 rw-p 00000000 00:00 0 
7f6d4c021000-7f6d50000000 ---p 00000000 00:00 0 
7f6d50000000-7f6d50021000 rw-p 00000000 00:00 0 
7f6d50021000-7f6d54000000 ---p 00000000 00:00 0 
7f6d54000000-7f6d540d2000 rw-p 00000000 00:00 0 
7f6d540d2000-7f6d58000000 ---p 00000000 00:00 0 
7f6d58000000-7f6d58af0000 rw-p 00000000 00:00 0 
7f6d58af0000-7f6d5c000000 ---p 00000000 00:00 0 
7f6d5c000000-7f6d5c021000 rw-p 00000000 00:00 0 
7f6d5c021000-7f6d60000000 ---p 00000000 00:00 0 
7f6d60000000-7f6d60021000 rw-p 00000000 00:00 0 
7f6d60021000-7f6d64000000 ---p 00000000 00:00 0 
7f6d64000000-7f6d64021000 rw-p 00000000 00:00 0 
7f6d64021000-7f6d68000000 ---p 00000000 00:00 0 
7f6d68000000-7f6d68021000 rw-p 00000000 00:00 0 
7f6d68021000-7f6d6c000000 ---p 00000000 00:00 0 
7f6d6c000000-7f6d6c021000 rw-p 00000000 00:00 0 
7f6d6c021000-7f6d70000000 ---p 00000000 00:00 0 
7f6d70000000-7f6d70021000 rw-p 00000000 00:00 0 
7f6d70021000-7f6d74000000 ---p 00000000 00:00 0 
7f6d74000000-7f6d74060000 rw-p 00000000 00:00 0 
7f6d74060000-7f6d78000000 ---p 00000000 00:00 0 
7f6d78000000-7f6d78004000 ---p 00000000 00:00 0 
7f6d78004000-7f6d78100000 rw-p 00000000 00:00 0 
7f6d78200000-7f6d78204000 ---p 00000000 00:00 0 
7f6d78204000-7f6d78300000 rw-p 00000000 00:00 0 
7f6d78400000-7f6d78404000 ---p 00000000 00:00 0 
7f6d78404000-7f6d78500000 rw-p 00000000 00:00 0 
7f6d78600000-7f6d78604000 ---p 00000000 00:00 0 
7f6d78604000-7f6d78700000 rw-p 00000000 00:00 0 
7f6d78800000-7f6d78804000 ---p 00000000 00:00 0 
7f6d78804000-7f6d78900000 rw-p 00000000 00:00 0 
7f6d79568000-7f6d79a00000 rw-p 00000000 00:00 0 
7f6d79a46000-7f6d79a47000 ---p 00000000 00:00 0 
7f6d79a47000-7f6d79b48000 rw-p 00000000 00:00 0 
7f6d79b48000-7f6d79b4c000 ---p 00000000 00:00 0 
7f6d79b4c000-7f6d79c48000 rw-p 00000000 00:00 0 
7f6d79c48000-7f6d79c4c000 ---p 00000000 00:00 0 
7f6d79c4c000-7f6d79d48000 rw-p 00000000 00:00 0 
7f6d79d48000-7f6d79d4c000 ---p 00000000 00:00 0 
7f6d79d4c000-7f6d79e48000 rw-p 00000000 00:00 0 
7f6d79e48000-7f6d79e4c000 ---p 00000000 00:00 0 
7f6d79e4c000-7f6d7a048000 rw-p 00000000 00:00 0 
7f6d7a048000-7f6d7a04c000 ---p 00000000 00:00 0 
7f6d7a04c000-7f6d7a248000 rw-p 00000000 00:00 0 
7f6d7a248000-7f6d7a24c000 ---p 00000000 00:00 0 
7f6d7a24c000-7f6d7a348000 rw-p 00000000 00:00 0 
7f6d7a348000-7f6d7a34c000 ---p 00000000 00:00 0 
7f6d7a34c000-7f6d7a448000 rw-p 00000000 00:00 0 
7f6d7a448000-7f6d7a44c000 ---p 00000000 00:00 0 
7f6d7a44c000-7f6d7a548000 rw-p 00000000 00:00 0 
7f6d7a548000-7f6d7a82e000 r--p 00000000 00:dad 28444448                  /usr/lib/locale/locale-archive
7f6d7a82e000-7f6d7a832000 ---p 00000000 00:00 0 
7f6d7a832000-7f6d7a92e000 rw-p 00000000 00:00 0 
7f6d7a92e000-7f6d7a932000 ---p 00000000 00:00 0 
7f6d7a932000-7f6d7aa2e000 rw-p 00000000 00:00 0 
7f6d7aa2e000-7f6d7aa2f000 ---p 00000000 00:00 0 
7f6d7aa2f000-7f6d7ab30000 rw-p 00000000 00:00 0 
7f6d7ab30000-7f6d7abfe000 r-xp 00000000 00:dbf 4611686019135190036       /nix/store/gpxl5qgg8kicmcvivwmybwjlpf7wh20l-graalvm17-ce-22.3.0/lib/libjsvml.so
7f6d7abfe000-7f6d7abff000 r--p 000cd000 00:dbf 4611686019135190036       /nix/store/gpxl5qgg8kicmcvivwmybwjlpf7wh20l-graalvm17-ce-22.3.0/lib/libjsvml.so
7f6d7abff000-7f6d7ac00000 rw-p 000ce000 00:dbf 4611686019135190036       /nix/store/gpxl5qgg8kicmcvivwmybwjlpf7wh20l-graalvm17-ce-22.3.0/lib/libjsvml.so
7f6d7ac00000-7f6d7b000000 rw-p 00000000 00:00 0 
7f6d7b000000-7f6d7b300000 rw-p 00000000 00:00 0 
7f6d7b300000-7f6d7b400000 rw-p 00000000 00:00 0 
7f6d7b4b3000-7f6d7b723000 rwxp 00000000 00:00 0 
7f6d7b723000-7f6d7ba42000 ---p 00000000 00:00 0 
7f6d7ba42000-7f6d7cc42000 rwxp 00000000 00:00 0 
7f6d7cc42000-7f6d82f7a000 ---p 00000000 00:00 0 
7f6d82f7a000-7f6d831ea000 rwxp 00000000 00:00 0 
7f6d831ea000-7f6d8a4b3000 ---p 00000000 00:00 0 
7f6d8a4b3000-7f6d94000000 r--s 00000000 00:dbf 4611686019135192581       /nix/store/gpxl5qgg8kicmcvivwmybwjlpf7wh20l-graalvm17-ce-22.3.0/lib/modules
7f6d94000000-7f6d9463a000 rw-p 00000000 00:00 0 
7f6d9463a000-7f6d98000000 ---p 00000000 00:00 0 
7f6d98052000-7f6d98054000 r-xp 00000000 00:dbf 4611686019135190017       /nix/store/gpxl5qgg8kicmcvivwmybwjlpf7wh20l-graalvm17-ce-22.3.0/lib/libextnet.so
7f6d98054000-7f6d98055000 r--p 00001000 00:dbf 4611686019135190017       /nix/store/gpxl5qgg8kicmcvivwmybwjlpf7wh20l-graalvm17-ce-22.3.0/lib/libextnet.so
7f6d98055000-7f6d98056000 rw-p 00002000 00:dbf 4611686019135190017       /nix/store/gpxl5qgg8kicmcvivwmybwjlpf7wh20l-graalvm17-ce-22.3.0/lib/libextnet.so
7f6d98056000-7f6d98057000 rw-p 00004000 00:dbf 4611686019135190017       /nix/store/gpxl5qgg8kicmcvivwmybwjlpf7wh20l-graalvm17-ce-22.3.0/lib/libextnet.so
7f6d98057000-7f6d9805b000 ---p 00000000 00:00 0 
7f6d9805b000-7f6d98079000 rw-p 00000000 00:00 0 
7f6d98079000-7f6d98080000 r-xp 00000000 00:dbf 4611686019135192580       /nix/store/gpxl5qgg8kicmcvivwmybwjlpf7wh20l-graalvm17-ce-22.3.0/lib/libzip.so
7f6d98080000-7f6d98081000 ---p 00007000 00:dbf 4611686019135192580       /nix/store/gpxl5qgg8kicmcvivwmybwjlpf7wh20l-graalvm17-ce-22.3.0/lib/libzip.so
7f6d98081000-7f6d98082000 r--p 00007000 00:dbf 4611686019135192580       /nix/store/gpxl5qgg8kicmcvivwmybwjlpf7wh20l-graalvm17-ce-22.3.0/lib/libzip.so
7f6d98082000-7f6d98083000 rw-p 00008000 00:dbf 4611686019135192580       /nix/store/gpxl5qgg8kicmcvivwmybwjlpf7wh20l-graalvm17-ce-22.3.0/lib/libzip.so
7f6d98083000-7f6d98085000 rw-p 0000b000 00:dbf 4611686019135192580       /nix/store/gpxl5qgg8kicmcvivwmybwjlpf7wh20l-graalvm17-ce-22.3.0/lib/libzip.so
7f6d98085000-7f6d9809a000 r-xp 00000000 00:dbf 4611686019135192570       /nix/store/gpxl5qgg8kicmcvivwmybwjlpf7wh20l-graalvm17-ce-22.3.0/lib/libnet.so
7f6d9809a000-7f6d9809b000 ---p 00015000 00:dbf 4611686019135192570       /nix/store/gpxl5qgg8kicmcvivwmybwjlpf7wh20l-graalvm17-ce-22.3.0/lib/libnet.so
7f6d9809b000-7f6d9809c000 r--p 00015000 00:dbf 4611686019135192570       /nix/store/gpxl5qgg8kicmcvivwmybwjlpf7wh20l-graalvm17-ce-22.3.0/lib/libnet.so
7f6d9809c000-7f6d9809d000 rw-p 00016000 00:dbf 4611686019135192570       /nix/store/gpxl5qgg8kicmcvivwmybwjlpf7wh20l-graalvm17-ce-22.3.0/lib/libnet.so
7f6d9809d000-7f6d980a0000 rw-p 0001b000 00:dbf 4611686019135192570       /nix/store/gpxl5qgg8kicmcvivwmybwjlpf7wh20l-graalvm17-ce-22.3.0/lib/libnet.so
7f6d980a0000-7f6d980b3000 r-xp 00000000 00:dbf 4611686019135192571       /nix/store/gpxl5qgg8kicmcvivwmybwjlpf7wh20l-graalvm17-ce-22.3.0/lib/libnio.so
7f6d980b3000-7f6d980b4000 r--p 00012000 00:dbf 4611686019135192571       /nix/store/gpxl5qgg8kicmcvivwmybwjlpf7wh20l-graalvm17-ce-22.3.0/lib/libnio.so
7f6d980b4000-7f6d980b5000 rw-p 00013000 00:dbf 4611686019135192571       /nix/store/gpxl5qgg8kicmcvivwmybwjlpf7wh20l-graalvm17-ce-22.3.0/lib/libnio.so
7f6d980b5000-7f6d980ba000 rw-p 00019000 00:dbf 4611686019135192571       /nix/store/gpxl5qgg8kicmcvivwmybwjlpf7wh20l-graalvm17-ce-22.3.0/lib/libnio.so
7f6d980ba000-7f6d99992000 rw-p 00000000 00:00 0 
7f6d99992000-7f6d99993000 ---p 00000000 00:00 0 
7f6d99993000-7f6d99b3e000 rw-p 00000000 00:00 0 
7f6d99b3e000-7f6d99b65000 rw-p 00000000 00:00 0 
7f6d99b65000-7f6d99b94000 ---p 00000000 00:00 0 
7f6d99b94000-7f6d99b9a000 rw-p 00000000 00:00 0 
7f6d99b9a000-7f6d99c80000 ---p 00000000 00:00 0 
7f6d99c80000-7f6d99ca4000 rw-p 00000000 00:00 0 
7f6d99ca4000-7f6d99d6b000 ---p 00000000 00:00 0 
7f6d99d6b000-7f6d99d70000 rw-p 00000000 00:00 0 
7f6d99d70000-7f6d99d77000 ---p 00000000 00:00 0 
7f6d99d77000-7f6d99d9b000 r-xp 00000000 00:dbf 4611686019135190028       /nix/store/gpxl5qgg8kicmcvivwmybwjlpf7wh20l-graalvm17-ce-22.3.0/lib/libjava.so
7f6d99d9b000-7f6d99d9c000 ---p 00024000 00:dbf 4611686019135190028       /nix/store/gpxl5qgg8kicmcvivwmybwjlpf7wh20l-graalvm17-ce-22.3.0/lib/libjava.so
7f6d99d9c000-7f6d99d9d000 r--p 00024000 00:dbf 4611686019135190028       /nix/store/gpxl5qgg8kicmcvivwmybwjlpf7wh20l-graalvm17-ce-22.3.0/lib/libjava.so
7f6d99d9d000-7f6d99d9e000 rw-p 00025000 00:dbf 4611686019135190028       /nix/store/gpxl5qgg8kicmcvivwmybwjlpf7wh20l-graalvm17-ce-22.3.0/lib/libjava.so
7f6d99d9e000-7f6d99d9f000 rw-p 00000000 00:00 0 
7f6d99d9f000-7f6d99da6000 rw-p 0002f000 00:dbf 4611686019135190028       /nix/store/gpxl5qgg8kicmcvivwmybwjlpf7wh20l-graalvm17-ce-22.3.0/lib/libjava.so
7f6d99da6000-7f6d99dae000 rw-s 00000000 00:daa 354                       /tmp/hsperfdata_runner/33
7f6d99dae000-7f6d99daf000 ---p 00000000 00:00 0 
7f6d99daf000-7f6d99db0000 r--p 00000000 00:00 0 
7f6d99db0000-7f6d99db1000 rwxp 00000000 00:00 0 
7f6d99db1000-7f6d99dcc000 r-xp 00000000 00:dbf 4611686019135190032       /nix/store/gpxl5qgg8kicmcvivwmybwjlpf7wh20l-graalvm17-ce-22.3.0/lib/libjimage.so
7f6d99dcc000-7f6d99dcd000 ---p 0001b000 00:dbf 4611686019135190032       /nix/store/gpxl5qgg8kicmcvivwmybwjlpf7wh20l-graalvm17-ce-22.3.0/lib/libjimage.so
7f6d99dcd000-7f6d99dcf000 r--p 0001b000 00:dbf 4611686019135190032       /nix/store/gpxl5qgg8kicmcvivwmybwjlpf7wh20l-graalvm17-ce-22.3.0/lib/libjimage.so
7f6d99dcf000-7f6d99dd0000 rw-p 0001d000 00:dbf 4611686019135190032       /nix/store/gpxl5qgg8kicmcvivwmybwjlpf7wh20l-graalvm17-ce-22.3.0/lib/libjimage.so
7f6d99dd0000-7f6d99dd1000 rw-p 00024000 00:dbf 4611686019135190032       /nix/store/gpxl5qgg8kicmcvivwmybwjlpf7wh20l-graalvm17-ce-22.3.0/lib/libjimage.so
7f6d99dd1000-7f6d99dd5000 ---p 00000000 00:00 0 
7f6d99dd5000-7f6d99ed1000 rw-p 00000000 00:00 0 
7f6d99ed1000-7f6d99edf000 r--p 00000000 00:dbf 4611686019027979927       /nix/store/4nlgxhb09sdr51nc9hdm8az5b08vzkgx-glibc-2.35-163/lib/libm.so.6
7f6d99edf000-7f6d99f52000 r-xp 0000e000 00:dbf 4611686019027979927       /nix/store/4nlgxhb09sdr51nc9hdm8az5b08vzkgx-glibc-2.35-163/lib/libm.so.6
7f6d99f52000-7f6d99faf000 r--p 00081000 00:dbf 4611686019027979927       /nix/store/4nlgxhb09sdr51nc9hdm8az5b08vzkgx-glibc-2.35-163/lib/libm.so.6
7f6d99faf000-7f6d99fb0000 r--p 000dd000 00:dbf 4611686019027979927       /nix/store/4nlgxhb09sdr51nc9hdm8az5b08vzkgx-glibc-2.35-163/lib/libm.so.6
7f6d99fb0000-7f6d99fb1000 rw-p 000de000 00:dbf 4611686019027979927       /nix/store/4nlgxhb09sdr51nc9hdm8az5b08vzkgx-glibc-2.35-163/lib/libm.so.6
7f6d99fb1000-7f6d99fb2000 r--p 00000000 00:dbf 4611686019027979946       /nix/store/4nlgxhb09sdr51nc9hdm8az5b08vzkgx-glibc-2.35-163/lib/librt.so.1
7f6d99fb2000-7f6d99fb3000 r-xp 00001000 00:dbf 4611686019027979946       /nix/store/4nlgxhb09sdr51nc9hdm8az5b08vzkgx-glibc-2.35-163/lib/librt.so.1
7f6d99fb3000-7f6d99fb4000 r--p 00002000 00:dbf 4611686019027979946       /nix/store/4nlgxhb09sdr51nc9hdm8az5b08vzkgx-glibc-2.35-163/lib/librt.so.1
7f6d99fb4000-7f6d99fb5000 r--p 00002000 00:dbf 4611686019027979946       /nix/store/4nlgxhb09sdr51nc9hdm8az5b08vzkgx-glibc-2.35-163/lib/librt.so.1
7f6d99fb5000-7f6d99fb6000 rw-p 00003000 00:dbf 4611686019027979946       /nix/store/4nlgxhb09sdr51nc9hdm8az5b08vzkgx-glibc-2.35-163/lib/librt.so.1
7f6d99fb6000-7f6d9b0c9000 r-xp 00000000 00:dbf 4611686019135360866       /nix/store/gpxl5qgg8kicmcvivwmybwjlpf7wh20l-graalvm17-ce-22.3.0/lib/server/libjvm.so
7f6d9b0c9000-7f6d9b0ca000 ---p 01113000 00:dbf 4611686019135360866       /nix/store/gpxl5qgg8kicmcvivwmybwjlpf7wh20l-graalvm17-ce-22.3.0/lib/server/libjvm.so
7f6d9b0ca000-7f6d9b17f000 r--p 01113000 00:dbf 4611686019135360866       /nix/store/gpxl5qgg8kicmcvivwmybwjlpf7wh20l-graalvm17-ce-22.3.0/lib/server/libjvm.so
7f6d9b17f000-7f6d9b1b3000 rw-p 011c8000 00:dbf 4611686019135360866       /nix/store/gpxl5qgg8kicmcvivwmybwjlpf7wh20l-graalvm17-ce-22.3.0/lib/server/libjvm.so
7f6d9b1b3000-7f6d9b20f000 rw-p 00000000 00:00 0 
7f6d9b20f000-7f6d9b237000 r--p 00000000 00:dbf 4611686019027979918       /nix/store/4nlgxhb09sdr51nc9hdm8az5b08vzkgx-glibc-2.35-163/lib/libc.so.6
7f6d9b237000-7f6d9b3ad000 r-xp 00028000 00:dbf 4611686019027979918       /nix/store/4nlgxhb09sdr51nc9hdm8az5b08vzkgx-glibc-2.35-163/lib/libc.so.6
7f6d9b3ad000-7f6d9b405000 r--p 0019e000 00:dbf 4611686019027979918       /nix/store/4nlgxhb09sdr51nc9hdm8az5b08vzkgx-glibc-2.35-163/lib/libc.so.6
7f6d9b405000-7f6d9b409000 r--p 001f6000 00:dbf 4611686019027979918       /nix/store/4nlgxhb09sdr51nc9hdm8az5b08vzkgx-glibc-2.35-163/lib/libc.so.6
7f6d9b409000-7f6d9b40b000 rw-p 001fa000 00:dbf 4611686019027979918       /nix/store/4nlgxhb09sdr51nc9hdm8az5b08vzkgx-glibc-2.35-163/lib/libc.so.6
7f6d9b40b000-7f6d9b41a000 rw-p 00000000 00:00 0 
7f6d9b41a000-7f6d9b41b000 r--p 00000000 00:dbf 4611686019027979923       /nix/store/4nlgxhb09sdr51nc9hdm8az5b08vzkgx-glibc-2.35-163/lib/libdl.so.2
7f6d9b41b000-7f6d9b41c000 r-xp 00001000 00:dbf 4611686019027979923       /nix/store/4nlgxhb09sdr51nc9hdm8az5b08vzkgx-glibc-2.35-163/lib/libdl.so.2
7f6d9b41c000-7f6d9b41d000 r--p 00002000 00:dbf 4611686019027979923       /nix/store/4nlgxhb09sdr51nc9hdm8az5b08vzkgx-glibc-2.35-163/lib/libdl.so.2
7f6d9b41d000-7f6d9b41e000 r--p 00002000 00:dbf 4611686019027979923       /nix/store/4nlgxhb09sdr51nc9hdm8az5b08vzkgx-glibc-2.35-163/lib/libdl.so.2
7f6d9b41e000-7f6d9b41f000 rw-p 00003000 00:dbf 4611686019027979923       /nix/store/4nlgxhb09sdr51nc9hdm8az5b08vzkgx-glibc-2.35-163/lib/libdl.so.2
7f6d9b41f000-7f6d9b420000 r--p 00000000 00:dbf 4611686019027979942       /nix/store/4nlgxhb09sdr51nc9hdm8az5b08vzkgx-glibc-2.35-163/lib/libpthread.so.0
7f6d9b420000-7f6d9b421000 r-xp 00001000 00:dbf 4611686019027979942       /nix/store/4nlgxhb09sdr51nc9hdm8az5b08vzkgx-glibc-2.35-163/lib/libpthread.so.0
7f6d9b421000-7f6d9b422000 r--p 00002000 00:dbf 4611686019027979942       /nix/store/4nlgxhb09sdr51nc9hdm8az5b08vzkgx-glibc-2.35-163/lib/libpthread.so.0
7f6d9b422000-7f6d9b423000 r--p 00002000 00:dbf 4611686019027979942       /nix/store/4nlgxhb09sdr51nc9hdm8az5b08vzkgx-glibc-2.35-163/lib/libpthread.so.0
7f6d9b423000-7f6d9b424000 rw-p 00003000 00:dbf 4611686019027979942       /nix/store/4nlgxhb09sdr51nc9hdm8az5b08vzkgx-glibc-2.35-163/lib/libpthread.so.0
7f6d9b424000-7f6d9b432000 r-xp 00000000 00:dbf 4611686019135190033       /nix/store/gpxl5qgg8kicmcvivwmybwjlpf7wh20l-graalvm17-ce-22.3.0/lib/libjli.so
7f6d9b432000-7f6d9b433000 ---p 0000e000 00:dbf 4611686019135190033       /nix/store/gpxl5qgg8kicmcvivwmybwjlpf7wh20l-graalvm17-ce-22.3.0/lib/libjli.so
7f6d9b433000-7f6d9b434000 r--p 0000e000 00:dbf 4611686019135190033       /nix/store/gpxl5qgg8kicmcvivwmybwjlpf7wh20l-graalvm17-ce-22.3.0/lib/libjli.so
7f6d9b434000-7f6d9b435000 rw-p 0000f000 00:dbf 4611686019135190033       /nix/store/gpxl5qgg8kicmcvivwmybwjlpf7wh20l-graalvm17-ce-22.3.0/lib/libjli.so
7f6d9b435000-7f6d9b436000 rw-p 00012000 00:dbf 4611686019135190033       /nix/store/gpxl5qgg8kicmcvivwmybwjlpf7wh20l-graalvm17-ce-22.3.0/lib/libjli.so
7f6d9b436000-7f6d9b439000 r--p 00000000 00:dbf 4611686019106210071       /nix/store/026hln0aq1hyshaxsdvhg0kmcm6yf45r-zlib-1.2.13/lib/libz.so.1.2.13
7f6d9b439000-7f6d9b44b000 r-xp 00003000 00:dbf 4611686019106210071       /nix/store/026hln0aq1hyshaxsdvhg0kmcm6yf45r-zlib-1.2.13/lib/libz.so.1.2.13
7f6d9b44b000-7f6d9b452000 r--p 00015000 00:dbf 4611686019106210071       /nix/store/026hln0aq1hyshaxsdvhg0kmcm6yf45r-zlib-1.2.13/lib/libz.so.1.2.13
7f6d9b452000-7f6d9b453000 r--p 0001b000 00:dbf 4611686019106210071       /nix/store/026hln0aq1hyshaxsdvhg0kmcm6yf45r-zlib-1.2.13/lib/libz.so.1.2.13
7f6d9b453000-7f6d9b454000 rw-p 0001c000 00:dbf 4611686019106210071       /nix/store/026hln0aq1hyshaxsdvhg0kmcm6yf45r-zlib-1.2.13/lib/libz.so.1.2.13
7f6d9b454000-7f6d9b456000 rw-p 00000000 00:00 0 
7f6d9b456000-7f6d9b458000 r--p 00000000 00:dbf 4611686019027979912       /nix/store/4nlgxhb09sdr51nc9hdm8az5b08vzkgx-glibc-2.35-163/lib/ld-linux-x86-64.so.2
7f6d9b458000-7f6d9b47f000 r-xp 00002000 00:dbf 4611686019027979912       /nix/store/4nlgxhb09sdr51nc9hdm8az5b08vzkgx-glibc-2.35-163/lib/ld-linux-x86-64.so.2
7f6d9b47f000-7f6d9b48b000 r--p 00029000 00:dbf 4611686019027979912       /nix/store/4nlgxhb09sdr51nc9hdm8az5b08vzkgx-glibc-2.35-163/lib/ld-linux-x86-64.so.2
7f6d9b48b000-7f6d9b48d000 r--p 00034000 00:dbf 4611686019027979912       /nix/store/4nlgxhb09sdr51nc9hdm8az5b08vzkgx-glibc-2.35-163/lib/ld-linux-x86-64.so.2
7f6d9b48d000-7f6d9b48f000 rw-p 00036000 00:dbf 4611686019027979912       /nix/store/4nlgxhb09sdr51nc9hdm8az5b08vzkgx-glibc-2.35-163/lib/ld-linux-x86-64.so.2
7ffc251ad000-7ffc251d1000 rw-p 00000000 00:00 0                          [stack]
7ffc251d7000-7ffc251db000 r--p 00000000 00:00 0                          [vvar]
7ffc251db000-7ffc251dd000 r-xp 00000000 00:00 0                          [vdso]
ffffffffff600000-ffffffffff601000 --xp 00000000 00:00 0                  [vsyscall]


VM Arguments:
jvm_args: -XX:ThreadPriorityPolicy=1 -XX:+UnlockExperimentalVMOptions -XX:+EnableJVMCIProduct -XX:JVMCIThreadsPerNativeLibraryRuntime=1 -XX:-UnlockExperimentalVMOptions -Declipse.application=org.eclipse.jdt.ls.core.id1 -Dosgi.bundles.defaultStartLevel=4 -Declipse.product=org.eclipse.jdt.ls.core.product -Dlog.level=ALL -Xverify:none -XX:+UseParallelGC -XX:GCTimeRatio=4 -XX:AdaptiveSizePolicyWeight=90 -Dsun.zip.disableMemoryMapping=true -Xmx512m -Xms100m 
java_command: /nix/store/m6gcpi1ii6rghy04cjwjddcavv7i90df-jdt-language-server-1.9.0/share/java/plugins/org.eclipse.equinox.launcher_1.6.400.v20210924-0641.jar --add-modules=ALL-SYSTEM --add-opens java.base/java.util=ALL-UNNAMED --add-opens java.base/java.lang=ALL-UNNAMED -configuration /home/runner/.cache/jdt-language-server/config -data /home/runner/.cache/jdt-language-server/data/home/runner/Currency-Converter
java_class_path (initial): /nix/store/m6gcpi1ii6rghy04cjwjddcavv7i90df-jdt-language-server-1.9.0/share/java/plugins/org.eclipse.equinox.launcher_1.6.400.v20210924-0641.jar
Launcher Type: SUN_STANDARD

[Global flags]
    uintx AdaptiveSizePolicyWeight                 = 90                                        {product} {command line}
     intx CICompilerCount                          = 2                                         {product} {ergonomic}
     bool EnableJVMCIProduct                       = true                                {JVMCI product} {jimage}
    uintx GCTimeRatio                              = 4                                         {product} {command line}
   size_t InitialHeapSize                          = 104857600                                 {product} {command line}
     uint JVMCIThreadsPerNativeLibraryRuntime      = 1                                   {JVMCI product} {jimage}
   size_t MaxHeapSize                              = 536870912                                 {product} {command line}
   size_t MaxNewSize                               = 178782208                                 {product} {ergonomic}
   size_t MinHeapDeltaBytes                        = 524288                                    {product} {ergonomic}
   size_t MinHeapSize                              = 104857600                                 {product} {command line}
   size_t NewSize                                  = 34603008                                  {product} {ergonomic}
    uintx NonNMethodCodeHeapSize                   = 5826188                                {pd product} {ergonomic}
    uintx NonProfiledCodeHeapSize                  = 122916026                              {pd product} {ergonomic}
   size_t OldSize                                  = 70254592                                  {product} {ergonomic}
    uintx ProfiledCodeHeapSize                     = 122916026                              {pd product} {ergonomic}
    uintx ReservedCodeCacheSize                    = 251658240                              {pd product} {ergonomic}
     bool SegmentedCodeCache                       = true                                      {product} {ergonomic}
   size_t SoftMaxHeapSize                          = 536870912                              {manageable} {ergonomic}
     intx ThreadPriorityPolicy                     = 1                                         {product} {jimage}
     bool UseCompressedClassPointers               = true                           {product lp64_product} {ergonomic}
     bool UseCompressedOops                        = true                           {product lp64_product} {ergonomic}
     bool UseParallelGC                            = true                                      {product} {command line}

Logging:
Log output configuration:
 #0: stdout all=warning uptime,level,tags
 #1: stderr all=off uptime,level,tags

Environment Variables:
JAVA_HOME=/nix/store/gpxl5qgg8kicmcvivwmybwjlpf7wh20l-graalvm17-ce-22.3.0
PATH=/nix/store/1d6ian3r8kdzspw8hacjhl3xkp40g1lj-binutils-wrapper-2.39/bin:/nix/store/dq0xwmsk1g0i2ayg6pb7y87na2knzylh-gcc-wrapper-11.3.0/bin:/nix/store/bap4d0lpcrhpwmpb8ayjcgkmvfj62lnq-bash-interactive-5.1-p16/bin:/nix/store/pr5n59mb4jzmfx6kanwxly0l07p861fg-patchelf-0.15.0/bin:/nix/store/1gf2flfqnpqbr1b4p4qz2f72y42bs56r-gcc-11.3.0/bin:/nix/store/57xv61c5zi8pphjbcwxxjlgc34p61ic9-glibc-2.35-163-bin/bin:/nix/store/a7gvj343m05j2s32xcnwr35v31ynlypr-coreutils-9.1/bin:/nix/store/039g378vc3pc3dvi9dzdlrd0i4q93qwf-binutils-2.39/bin:/nix/store/gpxl5qgg8kicmcvivwmybwjlpf7wh20l-graalvm17-ce-22.3.0/bin:/nix/store/6z9ag3ihc8mq2hzsw48lhbznvzny65nz-apache-maven-3.8.6/bin:/nix/store/m6gcpi1ii6rghy04cjwjddcavv7i90df-jdt-language-server-1.9.0/bin:/nix/store/84xs5alhs01zrbr4ywm05kxbjbp5590l-java-debug/bin:/nix/store/mydc6f4k2z73xlcz7ilif3v2lcaiqvza-findutils-4.9.0/bin:/nix/store/j9p3g8472iijd50vhdprx0nmk2fqn5gv-diffutils-3.8/bin:/nix/store/89zs7rms6x00xfq4dq6m7mjnhkr8a6r4-gnused-4.8/bin:/nix/store/86bp03jkmsl6f92w0yzg4s59g5mhxwmy-gnugrep-3.7/bin:/nix/store/hwcdqw4jrjnd37wxqgsd47hd0j8bnj09-gawk-5.1.1/bin:/nix/store/cfbhw8r8ags41vwqaz47r583d0p4h4a1-gnutar-1.34/bin:/nix/store/p3m1ndl1lapwrlh698bnb5lvvxh67378-gzip-1.12/bin:/nix/store/a8mhcagrsly7c7mpjrpsnaahk4aax056-bzip2-1.0.8-bin/bin:/nix/store/mblgz65m3zv9x548a3d5m96fj2pbwr09-gnumake-4.3/bin:/nix/store/dsd5gz46hdbdk2rfdimqddhq6m8m8fqs-bash-5.1-p16/bin:/nix/store/v7ljksji50mg3w61dykaa3n3y79n6nil-patch-2.7.6/bin:/nix/store/zlcnmqq14jz5x9439jf937mvayyl63da-xz-5.2.7-bin/bin:/nix/store/y6aj732zm9m87c82fpvf103a1xb22blp-file-5.43/bin:/nix/store/i4kzir3m7mrisxmf5xvlnkw01x4qaqr4-prybar-elisp-0.0.0-e0d9a52/bin:/nix/store/lwwivxf6h7x3cvxp9zv8sj0mv7dak99r-prybar-lua-0.0.0-e0d9a52/bin:/nix/store/gxj28g1cg4hq3qanmjv07156h800qr58-prybar-python3-0.0.0-e0d9a52/bin:/nix/store/hshkjnxrgidigf8x75vg6lqng2xlx9i3-prybar-sqlite-0.0.0-e0d9a52/bin:/nix/store/c4w01bpjgyy5ixmwdk8m1pw87zq4sl26-prybar-tcl-0.0.0-e0d9a52/bin:/nix/store/hpbvrlwd5viqmvcaisb3x0118i913a9n-st
LD_LIBRARY_PATH=/nix/store/a4pff549sk2idnkpzk5nsfps3mdkdnvm-cups-2.4.2-lib/lib:/nix/store/72mqxxhh3cy5yifh92wh2yb8cl2hikyy-cairo-1.16.0/lib:/nix/store/2k366jrbsra97gjfxwvrhvixjfxdach5-glib-2.74.1/lib:/nix/store/2j2znigd8ak37rlwh9khz0ry3clqlw1l-gtk+3-3.24.34/lib:/nix/store/hisqvx32cd57apbpcsnkpx6k3549wql1-libglvnd-1.4.0/lib:/nix/store/p36pgcv991mq5srvg765b78yqpxvk3qs-mesa-21.3.3-drivers/lib:/nix/store/mav4251if1ahjq5vkpwycyyvnmy459c4-pulseaudio-14.2/lib
DISPLAY=:0
LANG=en_US.UTF-8

Signal Handlers:
   SIGSEGV: crash_handler in libjvm.so, mask=11100100010111111101111111111110, flags=SA_RESTART|SA_SIGINFO
    SIGBUS: crash_handler in libjvm.so, mask=11100100010111111101111111111110, flags=SA_RESTART|SA_SIGINFO
    SIGFPE: crash_handler in libjvm.so, mask=11100100010111111101111111111110, flags=SA_RESTART|SA_SIGINFO
   SIGPIPE: IsolateEnterStub_IgnoreSIGPIPEStartupHook_noopSignalHandler_8f19bff2f35b5f630d83b364d6b2339320d4ec70_216e8361c6bc87a8f89f58cc10d3b2fd4415bf87 in libjvmcicompiler.so, mask=00000000000000000000000000000000, flags=SA_RESTART
  *** Handler was modified!
  *** Expected: javaSignalHandler in libjvm.so, mask=11100100110111111111111111111110, flags=SA_RESTART|SA_SIGINFO
   SIGXFSZ: javaSignalHandler in libjvm.so, mask=11100100010111111101111111111110, flags=SA_RESTART|SA_SIGINFO
    SIGILL: crash_handler in libjvm.so, mask=11100100010111111101111111111110, flags=SA_RESTART|SA_SIGINFO
   SIGUSR2: SR_handler in libjvm.so, mask=00000000000000000000000000000000, flags=SA_RESTART|SA_SIGINFO
    SIGHUP: UserHandler in libjvm.so, mask=11100100010111111101111111111110, flags=SA_RESTART|SA_SIGINFO
    SIGINT: UserHandler in libjvm.so, mask=11100100010111111101111111111110, flags=SA_RESTART|SA_SIGINFO
   SIGTERM: UserHandler in libjvm.so, mask=11100100010111111101111111111110, flags=SA_RESTART|SA_SIGINFO
   SIGQUIT: UserHandler in libjvm.so, mask=11100100010111111101111111111110, flags=SA_RESTART|SA_SIGINFO
  *** Handler was modified!
  *** Expected: javaSignalHandler in libjvm.so, mask=11100100110111111111111111111110, flags=SA_RESTART|SA_SIGINFO
   SIGTRAP: crash_handler in libjvm.so, mask=11100100010111111101111111111110, flags=SA_RESTART|SA_SIGINFO


---------------  S Y S T E M  ---------------

OS:
DISTRIB_ID=Ubuntu
DISTRIB_RELEASE=20.04
DISTRIB_CODENAME=focal
DISTRIB_DESCRIPTION="Ubuntu 20.04.2 LTS"
uname: Linux 5.19.0-1027-gcp #29~22.04.1-Ubuntu SMP Thu Jun 22 05:13:17 UTC 2023 x86_64
OS uptime: 0 days 0:55 hours
libc: glibc 2.35 NPTL 2.35 
rlimit (soft/hard): STACK 8192k/infinity , CORE infinity/infinity , NPROC infinity/infinity , NOFILE 5242/5242 , AS infinity/infinity , CPU infinity/infinity , DATA infinity/infinity , FSIZE infinity/infinity , MEMLOCK 8192k/8192k
load average: 17.64 19.25 19.02

/proc/meminfo:
MemTotal:       65839956 kB
MemFree:        38899004 kB
MemAvailable:   51388804 kB
Buffers:         1153572 kB
Cached:         10856860 kB
SwapCached:            0 kB
Active:          6057852 kB
Inactive:       18568716 kB
Active(anon):      20884 kB
Inactive(anon): 12502896 kB
Active(file):    6036968 kB
Inactive(file):  6065820 kB
Unevictable:       28516 kB
Mlocked:           28516 kB
SwapTotal:             0 kB
SwapFree:              0 kB
Zswap:                 0 kB
Zswapped:              0 kB
Dirty:             10268 kB
Writeback:          4560 kB
AnonPages:      12499816 kB
Mapped:          1637420 kB
Shmem:             13012 kB
KReclaimable:    1113500 kB
Slab:            1600548 kB
SReclaimable:    1113500 kB
SUnreclaim:       487048 kB
KernelStack:      128220 kB
PageTables:       170036 kB
NFS_Unstable:          0 kB
Bounce:                0 kB
WritebackTmp:          0 kB
CommitLimit:    32919976 kB
Committed_AS:   48079992 kB
VmallocTotal:   34359738367 kB
VmallocUsed:      155668 kB
VmallocChunk:          0 kB
Percpu:            25312 kB
HardwareCorrupted:     0 kB
AnonHugePages:   1775616 kB
ShmemHugePages:        0 kB
ShmemPmdMapped:        0 kB
FileHugePages:         0 kB
FilePmdMapped:         0 kB
HugePages_Total:       0
HugePages_Free:        0
HugePages_Rsvd:        0
HugePages_Surp:        0
Hugepagesize:       2048 kB
Hugetlb:               0 kB
DirectMap4k:     1497912 kB
DirectMap2M:    51976192 kB
DirectMap1G:    15728640 kB

/sys/kernel/mm/transparent_hugepage/enabled: always [madvise] never
/sys/kernel/mm/transparent_hugepage/defrag (defrag/compaction efforts parameter): always defer defer+madvise [madvise] never

Process Memory:
Virtual Size: 4789336K (peak: 4888380K)
Resident Set Size: 637240K (peak: 794064K) (anon: 563476K, file: 73764K, shmem: 0K)
Swapped out: 0K
C-Heap outstanding allocations: 43947K, retained: 14996K
glibc malloc tunables: (default)

/proc/sys/kernel/threads-max (system-wide limit on the number of threads): 514310
/proc/sys/vm/max_map_count (maximum number of memory map areas a process may have): 65530
/proc/sys/kernel/pid_max (system-wide limit on number of process identifiers): 4194304

container (cgroup) information:
container_type: cgroupv1
cpu_cpuset_cpus: 2-7
cpu_memory_nodes: 0
active_processor_count: 1
cpu_quota: 50000
cpu_period: 100000
cpu_shares: 512
memory_limit_in_bytes: 1048576 k
memory_and_swap_limit_in_bytes: 1048576 k
memory_soft_limit_in_bytes: 524288 k
memory_usage_in_bytes: 628972 k
memory_max_usage_in_bytes: 682952 k
maximum number of tasks: 1000
current number of tasks: 61

KVM virtualization detected
Steal ticks since vm start: 799
Steal ticks percentage since vm start:  0.001

CPU: total 8 (initial active 1) (4 cores per cpu, 2 threads per core) family 6 model 79 stepping 0 microcode 0xffffffff, cx8, cmov, fxsr, ht, mmx, 3dnowpref, sse, sse2, sse3, ssse3, sse4.1, sse4.2, popcnt, lzcnt, tsc, tscinvbit, avx, avx2, aes, erms, clmul, bmi1, bmi2, rtm, adx, fma, vzeroupper, clflush, hv
CPU Model and flags from /proc/cpuinfo:
model name	: Intel(R) Xeon(R) CPU @ 2.20GHz
flags		: fpu vme de pse tsc msr pae mce cx8 apic sep mtrr pge mca cmov pat pse36 clflush mmx fxsr sse sse2 ss ht syscall nx pdpe1gb rdtscp lm constant_tsc rep_good nopl xtopology nonstop_tsc cpuid tsc_known_freq pni pclmulqdq ssse3 fma cx16 pcid sse4_1 sse4_2 x2apic movbe popcnt aes xsave avx f16c rdrand hypervisor lahf_lm abm 3dnowprefetch invpcid_single pti ssbd ibrs ibpb stibp fsgsbase tsc_adjust bmi1 hle avx2 smep bmi2 erms invpcid rtm rdseed adx smap xsaveopt arat md_clear arch_capabilities

Online cpus: 0-7
Offline cpus: 
BIOS frequency limitation: <Not Available>
Frequency switch latency (ns): <Not Available>
Available cpu frequencies: <Not Available>
Current governor: <Not Available>
Core performance/turbo boost: <Not Available>

Memory: 4k page, physical 1048576k(419608k free), swap 0k(0k free)
Page Sizes: 4k

vm_info: OpenJDK 64-Bit Server VM (17.0.5+8-jvmci-22.3-b08) for linux-amd64 JRE (17.0.5+8-jvmci-22.3-b08), built on Oct 19 2022 09:01:27 by "buildslave" with gcc 10.3.0

END.
