#
# A fatal error has been detected by the Java Runtime Environment:
#
#  Internal Error (jvmciRuntime.cpp:1609), pid=22, tid=47
#  fatal error: Fatal exception in JVMCI: Error calling jdk.vm.ci.services.Services.serializeSavedProperties
#
# JRE version: OpenJDK Runtime Environment GraalVM CE 22.3.0 (17.0.5+8) (build 17.0.5+8-jvmci-22.3-b08)
# Java VM: OpenJDK 64-Bit Server VM GraalVM CE 22.3.0 (17.0.5+8-jvmci-22.3-b08, mixed mode, sharing, tiered, jvmci, jvmci compiler, compressed oops, compressed class ptrs, parallel gc, linux-amd64)
# Problematic frame:
# V  [libjvm.so+0x972714]  JVMCIRuntime::fatal_exception(JVMCIEnv*, char const*)+0x74
#
# Core dump will be written. Default location: Core dumps may be processed with "/usr/share/apport/apport -p%p -s%s -c%c -d%d -P%P -u%u -g%g -- %E" (or dumping to /home/runner/Currency-Converter-Basic/core.22)
#
# If you would like to submit a bug report, please visit:
#   https://github.com/oracle/graal/issues
#

---------------  S U M M A R Y ------------

Command Line: -XX:ThreadPriorityPolicy=1 -XX:+UnlockExperimentalVMOptions -XX:+EnableJVMCIProduct -XX:JVMCIThreadsPerNativeLibraryRuntime=1 -XX:-UnlockExperimentalVMOptions -Declipse.application=org.eclipse.jdt.ls.core.id1 -Dosgi.bundles.defaultStartLevel=4 -Declipse.product=org.eclipse.jdt.ls.core.product -Dlog.level=ALL -Xverify:none -XX:+UseParallelGC -XX:GCTimeRatio=4 -XX:AdaptiveSizePolicyWeight=90 -Dsun.zip.disableMemoryMapping=true -Xmx512m -Xms100m /nix/store/m6gcpi1ii6rghy04cjwjddcavv7i90df-jdt-language-server-1.9.0/share/java/plugins/org.eclipse.equinox.launcher_1.6.400.v20210924-0641.jar --add-modules=ALL-SYSTEM --add-opens java.base/java.util=ALL-UNNAMED --add-opens java.base/java.lang=ALL-UNNAMED -configuration /home/runner/.cache/jdt-language-server/config -data /home/runner/.cache/jdt-language-server/data/home/runner/Currency-Converter-Basic

Host: AMD EPYC 7B12, 8 cores, 1G, Ubuntu 20.04.2 LTS
Time: Wed Jul 19 17:14:27 2023 UTC elapsed time: 545.679764 seconds (0d 0h 9m 5s)

---------------  T H R E A D  ---------------

Current thread (0x00007fc1f00b21e0):  JavaThread "JVMCI-native CompilerThread0" daemon [_thread_in_vm, id=47, stack(0x00007fc1d4a18000,0x00007fc1d4c18000)]


Current CompileTask:
JVMCI-native: 545679 8465       4       java.lang.CharacterDataLatin1::digit (32 bytes)

Stack: [0x00007fc1d4a18000,0x00007fc1d4c18000],  sp=0x00007fc1d4c16380,  free space=2040k
Native frames: (J=compiled Java code, j=interpreted, Vv=VM code, C=native code)
V  [libjvm.so+0x972714]  JVMCIRuntime::fatal_exception(JVMCIEnv*, char const*)+0x74
V  [libjvm.so+0x93e2fe]  JVMCIEnv::copy_saved_properties()+0x14e
V  [libjvm.so+0x9732a9]  JVMCIRuntime::initialize(JVMCIEnv*)+0xb19
V  [libjvm.so+0x9738a2]  JVMCIRuntime::get_HotSpotJVMCIRuntime(JVMCIEnv*)+0x12
V  [libjvm.so+0x9749f2]  JVMCIRuntime::compile_method(JVMCIEnv*, JVMCICompiler*, methodHandle const&, int)+0xd2
V  [libjvm.so+0x5b0d20]  CompileBroker::invoke_compiler_on_method(CompileTask*)+0x1470
V  [libjvm.so+0x5b12e8]  CompileBroker::compiler_thread_loop()+0x528
V  [libjvm.so+0xd82460]  JavaThread::thread_main_inner()+0xd0
V  [libjvm.so+0xd85a40]  Thread::call_run()+0xc0
V  [libjvm.so+0xbdb1e1]  thread_native_entry(Thread*)+0xe1

Register to memory mapping:

RAX=0x00007fc1f4623000 points into unknown readable memory: 0x0000000000000058 | 58 00 00 00 00 00 00 00
RBX=0x00007fc1f571e398: <offset 0x0000000000ef5398> in /nix/store/gpxl5qgg8kicmcvivwmybwjlpf7wh20l-graalvm17-ce-22.3.0/lib/server/libjvm.so at 0x00007fc1f4829000
RCX=0x00007fc1f56d61e8: <offset 0x0000000000ead1e8> in /nix/store/gpxl5qgg8kicmcvivwmybwjlpf7wh20l-graalvm17-ce-22.3.0/lib/server/libjvm.so at 0x00007fc1f4829000
RDX=0x0000000000000649 is an unknown value
RSP=0x00007fc1d4c16380 is pointing into the stack for thread: 0x00007fc1f00b21e0
RBP=0x00007fc1d4c163a0 is pointing into the stack for thread: 0x00007fc1f00b21e0
RSI=0x00007fc1f571ec48: <offset 0x0000000000ef5c48> in /nix/store/gpxl5qgg8kicmcvivwmybwjlpf7wh20l-graalvm17-ce-22.3.0/lib/server/libjvm.so at 0x00007fc1f4829000
RDI=0x00000000e0000000 is an oop: [I 
{0x00000000e0000000} - klass: {type array int}
 - length: 7
R8 =0x00007fc1f571e398: <offset 0x0000000000ef5398> in /nix/store/gpxl5qgg8kicmcvivwmybwjlpf7wh20l-graalvm17-ce-22.3.0/lib/server/libjvm.so at 0x00007fc1f4829000
R9 =0x00007fc1d4c16330 is pointing into the stack for thread: 0x00007fc1f00b21e0
R10=0x00007fc1d4c17948 is pointing into the stack for thread: 0x00007fc1f00b21e0
R11=0x0000000000000293 is an unknown value
R12=0x0 is NULL
R13=0x00007fc1f00b21e0 is a thread
R14=0x00007fc1f0000b80 points into unknown readable memory: 0x00007fc1f594fa38 | 38 fa 94 f5 c1 7f 00 00
R15=0x00007fc1f5a5de40: <offset 0x0000000001234e40> in /nix/store/gpxl5qgg8kicmcvivwmybwjlpf7wh20l-graalvm17-ce-22.3.0/lib/server/libjvm.so at 0x00007fc1f4829000


Registers:
RAX=0x00007fc1f4623000, RBX=0x00007fc1f571e398, RCX=0x00007fc1f56d61e8, RDX=0x0000000000000649
RSP=0x00007fc1d4c16380, RBP=0x00007fc1d4c163a0, RSI=0x00007fc1f571ec48, RDI=0x00000000e0000000
R8 =0x00007fc1f571e398, R9 =0x00007fc1d4c16330, R10=0x00007fc1d4c17948, R11=0x0000000000000293
R12=0x0000000000000000, R13=0x00007fc1f00b21e0, R14=0x00007fc1f0000b80, R15=0x00007fc1f5a5de40
RIP=0x00007fc1f519b714, EFLAGS=0x0000000000010206, CSGSFS=0x002b000000000033, ERR=0x0000000000000006
  TRAPNO=0x000000000000000e

Top of Stack: (sp=0x00007fc1d4c16380)
0x00007fc1d4c16380:   00007fc1d4c16940 00007fc1f00b21e0
0x00007fc1d4c16390:   00007fc1d64588c8 0000000800c417a0
0x00007fc1d4c163a0:   00007fc1d4c16500 00007fc1f51672fe
0x00007fc1d4c163b0:   00007fc1d4c163e0 00007fc1d4c16440 

Instructions: (pc=0x00007fc1f519b714)
0x00007fc1f519b614:   30 e8 f6 cf e8 ff 4c 89 e7 e8 2e 48 d1 ff 84 db
0x00007fc1f519b624:   75 2a 4d 85 ed 74 04 4d 8b 6d 00 48 83 c4 08 44
0x00007fc1f519b634:   89 f9 4c 89 f2 4c 89 ee 5b 4c 89 e7 41 5c 41 5d
0x00007fc1f519b644:   41 5e 41 5f 5d e9 e2 47 d1 ff 66 90 48 83 c4 08
0x00007fc1f519b654:   5b 41 5c 41 5d 41 5e 41 5f 5d c3 90 31 d2 be 08
0x00007fc1f519b664:   00 00 00 4c 89 ff e8 b1 78 a3 ff 49 89 c5 e9 37
0x00007fc1f519b674:   ff ff ff 66 0f 1f 84 00 00 00 00 00 48 8b 7a 08
0x00007fc1f519b684:   e9 6d ff ff ff 0f 1f 80 00 00 00 00 e8 5b 48 0a
0x00007fc1f519b694:   00 84 c0 75 89 e9 6a ff ff ff 66 90 55 48 89 e5
0x00007fc1f519b6a4:   41 56 41 55 41 54 49 89 fc 53 48 89 f3 66 48 8d
0x00007fc1f519b6b4:   3d 27 5e 85 00 66 66 48 e8 df 43 8d ff 4c 8b 28
0x00007fc1f519b6c4:   8b 05 be 72 8a 00 85 c0 75 14 ba 01 00 00 00 48
0x00007fc1f519b6d4:   8d 0d ae 72 8a 00 f0 0f b1 11 85 c0 74 4e be c8
0x00007fc1f519b6e4:   00 00 00 4c 89 ef e8 01 0b 41 00 48 8d 05 12 ac
0x00007fc1f519b6f4:   85 00 49 89 d8 48 8d 0d e8 aa 53 00 ba 49 06 00
0x00007fc1f519b704:   00 48 8d 35 3c 35 58 00 bf 00 00 00 e0 48 8b 00
0x00007fc1f519b714:   c6 00 58 31 c0 e8 e2 91 c6 ff 5b 41 5c 41 5d 41
0x00007fc1f519b724:   5e 5d e9 55 34 26 00 0f 1f 44 00 00 48 8d 05 81
0x00007fc1f519b734:   a3 8b 00 48 89 df 4c 8b 30 e8 9e 43 8d ff 48 89
0x00007fc1f519b744:   de 48 89 c2 49 8b 06 4c 89 f7 ff 50 08 4c 89 f7
0x00007fc1f519b754:   e8 a7 5c 27 00 4d 85 e4 74 12 be 01 00 00 00 4c
0x00007fc1f519b764:   89 e7 e8 35 43 fc ff eb 82 0f 1f 00 be 01 00 00
0x00007fc1f519b774:   00 4c 89 ef e8 d3 fd ff ff e9 6d ff ff ff 66 66
0x00007fc1f519b784:   2e 0f 1f 84 00 00 00 00 00 0f 1f 00 55 48 89 e5
0x00007fc1f519b794:   41 57 41 56 41 55 41 54 53 48 81 ec 08 02 00 00
0x00007fc1f519b7a4:   64 48 8b 04 25 28 00 00 00 48 89 45 c8 8b 07 83
0x00007fc1f519b7b4:   f8 02 0f 84 11 04 00 00 4c 8b 6f 18 49 89 ff 49
0x00007fc1f519b7c4:   89 f4 4d 85 ed 74 14 4c 89 ef e8 5d 57 22 00 41
0x00007fc1f519b7d4:   8b 07 83 f8 02 0f 84 19 04 00 00 48 8d 1d 9a 06
0x00007fc1f519b7e4:   8a 00 4c 8d 35 0b 3c 58 00 eb 38 90 48 85 d2 7f
0x00007fc1f519b7f4:   0d 48 8d 05 b4 c0 85 00 48 83 38 00 7e 0e 41 8b
0x00007fc1f519b804:   77 2c 4c 89 f7 31 c0 e8 a0 b2 f7 ff 49 8b 7f 18 


Stack slot to memory mapping:
stack at sp + 0 slots: 0x00007fc1d4c16940 is pointing into the stack for thread: 0x00007fc1f00b21e0
stack at sp + 1 slots: 0x00007fc1f00b21e0 is a thread
stack at sp + 2 slots: 0x00007fc1d64588c8 points into unknown readable memory: 0x6573001880c9ffff | ff ff c9 80 18 00 73 65
stack at sp + 3 slots: 0x0000000800c417a0 is a pointer to class: 
jdk.vm.ci.services.Services {0x0000000800c417a0}
 - instance size:     2
 - klass size:        65
 - access:            public final synchronized 
 - state:             fully_initialized
 - name:              'jdk/vm/ci/services/Services'
 - super:             'java/lang/Object'
 - sub:               
 - arrays:            NULL
 - methods:           Array<T>(0x00007fc1d5443958)
 - method ordering:   Array<T>(0x0000000800928960)
 - default_methods:   Array<T>(0x0000000000000000)
 - local interfaces:  Array<T>(0x00000008005ce810)
 - trans. interfaces: Array<T>(0x00000008005ce810)
 - constants:         constant pool [427] {0x00007fc1d5442a38} for 'jdk/vm/ci/services/Services' cache=0x00007fc1d5444c28
 - class loader data:  loader data: 0x00007fc1f00283f0 of 'bootstrap'
 - source file:       'Services.java'
 - class annotations:       Array<T>(0x0000000000000000)
 - class type annotations:  Array<T>(0x0000000000000000)
 - field annotations:       Array<T>(0x0000000000000000)
 - field type annotations:  Array<T>(0x0000000000000000)
 - inner classes:     Array<T>(0x00007fc1d5444bf8)
 - nest members:     Array<T>(0x00007fc1d5444c18)
 - permitted subclasses:     Array<T>(0x00000008005ce7a0)
 - java mirror:       a 'java/lang/Class'{0x00000000e017bdc8} = 'jdk/vm/ci/services/Services'
 - vtable length      5  (start addr: 0x0000000800c41970)
 - itable length      2 (start addr: 0x0000000800c41998)
 - ---- static fields (3 words):
 - public static final 'IS_BUILDING_NATIVE_IMAGE' 'Z' @128 
 - public static final 'IS_IN_NATIVE_IMAGE' 'Z' @129 
 - private static volatile 'savedProperties' 'Ljava/util/Map;' @112 
 - static final 'JVMCI_ENABLED' 'Z' @130 
 - private static final 'servicesCache' 'Ljava/util/Map;' @116 
 - private static final 'MAX_UNICODE_IN_UTF8_LENGTH' 'I' @120 
 - private static final 'MAX_UTF8_PROPERTY_STRING_LENGTH' 'I' @124 
 - ---- non-static fields (0 words):
 - non-static oop maps: 
stack at sp + 4 slots: 0x00007fc1d4c16500 is pointing into the stack for thread: 0x00007fc1f00b21e0
stack at sp + 5 slots: 0x00007fc1f51672fe: <offset 0x000000000093e2fe> in /nix/store/gpxl5qgg8kicmcvivwmybwjlpf7wh20l-graalvm17-ce-22.3.0/lib/server/libjvm.so at 0x00007fc1f4829000
stack at sp + 6 slots: 0x00007fc1d4c163e0 is pointing into the stack for thread: 0x00007fc1f00b21e0
stack at sp + 7 slots: 0x00007fc1d4c16440 is pointing into the stack for thread: 0x00007fc1f00b21e0


---------------  P R O C E S S  ---------------

Threads class SMR info:
_java_thread_list=0x00007fc13c000b70, length=25, elements={
0x00007fc1f0026690, 0x00007fc1f00a64d0, 0x00007fc1f00a7910, 0x00007fc1f00ae050,
0x00007fc1f00af400, 0x00007fc1f00b07f0, 0x00007fc1f00b21e0, 0x00007fc1f00b36f0,
0x00007fc1f00b4b40, 0x00007fc1f00d7950, 0x00007fc1f011f080, 0x00007fc1f03028c0,
0x00007fc1f03368c0, 0x00007fc1f03386c0, 0x00007fc1f035ac20, 0x00007fc184016e30,
0x00007fc1842a1310, 0x00007fc184305550, 0x00007fc1740010d0, 0x00007fc1844857b0,
0x00007fc184687670, 0x00007fc174007280, 0x00007fc1f040bde0, 0x00007fc1f03a6310,
0x00007fc15045e4d0
}

Java Threads: ( => current thread )
  0x00007fc1f0026690 JavaThread "main" [_thread_blocked, id=39, stack(0x00007fc1f4644000,0x00007fc1f4744000)]
  0x00007fc1f00a64d0 JavaThread "Reference Handler" daemon [_thread_blocked, id=42, stack(0x00007fc1d5c01000,0x00007fc1d5d01000)]
  0x00007fc1f00a7910 JavaThread "Finalizer" daemon [_thread_blocked, id=43, stack(0x00007fc1d51fe000,0x00007fc1d52fe000)]
  0x00007fc1f00ae050 JavaThread "Signal Dispatcher" daemon [_thread_blocked, id=44, stack(0x00007fc1d4e18000,0x00007fc1d4f18000)]
  0x00007fc1f00af400 JavaThread "Service Thread" daemon [_thread_blocked, id=45, stack(0x00007fc1d4d18000,0x00007fc1d4e18000)]
  0x00007fc1f00b07f0 JavaThread "Monitor Deflation Thread" daemon [_thread_blocked, id=46, stack(0x00007fc1d4c18000,0x00007fc1d4d18000)]
=>0x00007fc1f00b21e0 JavaThread "JVMCI-native CompilerThread0" daemon [_thread_in_vm, id=47, stack(0x00007fc1d4a18000,0x00007fc1d4c18000)]
  0x00007fc1f00b36f0 JavaThread "C1 CompilerThread0" daemon [_thread_blocked, id=48, stack(0x00007fc1d4818000,0x00007fc1d4a18000)]
  0x00007fc1f00b4b40 JavaThread "Sweeper thread" daemon [_thread_blocked, id=49, stack(0x00007fc1d4718000,0x00007fc1d4818000)]
  0x00007fc1f00d7950 JavaThread "Common-Cleaner" daemon [_thread_blocked, id=51, stack(0x00007fc1d4618000,0x00007fc1d4718000)]
  0x00007fc1f011f080 JavaThread "Notification Thread" daemon [_thread_blocked, id=55, stack(0x00007fc1d4518000,0x00007fc1d4618000)]
  0x00007fc1f03028c0 JavaThread "Active Thread: Equinox Container: 8625df25-9223-4253-ac3c-b2c3f32f27ca" [_thread_blocked, id=71, stack(0x00007fc1d4100000,0x00007fc1d4200000)]
  0x00007fc1f03368c0 JavaThread "Framework Event Dispatcher: Equinox Container: 8625df25-9223-4253-ac3c-b2c3f32f27ca" daemon [_thread_blocked, id=72, stack(0x00007fc19c900000,0x00007fc19ca00000)]
  0x00007fc1f03386c0 JavaThread "Start Level: Equinox Container: 8625df25-9223-4253-ac3c-b2c3f32f27ca" daemon [_thread_blocked, id=73, stack(0x00007fc19c700000,0x00007fc19c800000)]
  0x00007fc1f035ac20 JavaThread "Refresh Thread: Equinox Container: 8625df25-9223-4253-ac3c-b2c3f32f27ca" daemon [_thread_blocked, id=77, stack(0x00007fc19c500000,0x00007fc19c600000)]
  0x00007fc184016e30 JavaThread "SCR Component Actor" daemon [_thread_blocked, id=87, stack(0x00007fc19c300000,0x00007fc19c400000)]
  0x00007fc1842a1310 JavaThread "Worker-JM" [_thread_blocked, id=101, stack(0x00007fc19bf00000,0x00007fc19c000000)]
  0x00007fc184305550 JavaThread "Worker-0" [_thread_blocked, id=102, stack(0x00007fc19bd00000,0x00007fc19be00000)]
  0x00007fc1740010d0 JavaThread "Worker-1: Java indexing... " [_thread_blocked, id=103, stack(0x00007fc19bb00000,0x00007fc19bc00000)]
  0x00007fc1844857b0 JavaThread "Java indexing" daemon [_thread_blocked, id=104, stack(0x00007fc19b900000,0x00007fc19ba00000)]
  0x00007fc184687670 JavaThread "Bundle File Closer" daemon [_thread_blocked, id=132, stack(0x00007fc19b700000,0x00007fc19b800000)]
  0x00007fc174007280 JavaThread "Worker-2" [_thread_blocked, id=136, stack(0x00007fc19b500000,0x00007fc19b600000)]
  0x00007fc1f040bde0 JavaThread "pool-3-thread-1" [_thread_blocked, id=143, stack(0x00007fc19b300000,0x00007fc19b400000)]
  0x00007fc1f03a6310 JavaThread "pool-2-thread-1" [_thread_in_native, id=147, stack(0x00007fc19c100000,0x00007fc19c200000)]
  0x00007fc15045e4d0 JavaThread "Okio Watchdog" daemon [_thread_blocked, id=281, stack(0x00007fc19a700000,0x00007fc19a800000)]

Other Threads:
  0x00007fc1f00a1c10 VMThread "VM Thread" [stack: 0x00007fc1d5300000,0x00007fc1d5400000] [id=41] _threads_hazard_ptr=0x00007fc13c000b70
  0x00007fc1f0120a20 WatcherThread [stack: 0x00007fc1d4418000,0x00007fc1d4518000] [id=56]
  0x00007fc1f003df30 GCTaskThread "GC Thread#0" [stack: 0x00007fc1f4207000,0x00007fc1f4307000] [id=40]

Threads with active compile tasks:
JVMCI-native CompilerThread0   545739 8465       4       java.lang.CharacterDataLatin1::digit (32 bytes)

VM state: synchronizing (normal execution)

VM Mutex/Monitor currently owned by a thread:  ([mutex/lock_event])
[0x00007fc1f0023840] Threads_lock - owner thread: 0x00007fc1f00a1c10
[0x00007fc1f0023ff0] Heap_lock - owner thread: 0x00007fc1844857b0

OutOfMemory and StackOverflow Exception counts:
OutOfMemoryError java_heap_errors=10
LinkageErrors=72

Heap address: 0x00000000e0000000, size: 512 MB, Compressed Oops mode: 32-bit

CDS archive(s) mapped at: [0x0000000800000000-0x0000000800bc8000-0x0000000800bc8000), size 12353536, SharedBaseAddress: 0x0000000800000000, ArchiveRelocationMode: 0.
Compressed class space mapped at: 0x0000000800c00000-0x0000000840c00000, reserved size: 1073741824
Narrow klass base: 0x0000000800000000, Narrow klass shift: 0, Narrow klass range: 0x100000000

GC Precious Log:
 CPUs: 8 total, 1 available
 Memory: 1024M
 Large Page Support: Disabled
 NUMA Support: Disabled
 Compressed Oops: Enabled (32-bit)
 Alignments: Space 512K, Generation 512K, Heap 2M
 Heap Min Capacity: 100M
 Heap Initial Capacity: 100M
 Heap Max Capacity: 512M
 Pre-touch: Disabled
 Parallel Workers: 1

Heap:
 PSYoungGen      total 40960K, used 29184K [0x00000000f5580000, 0x00000000f8a80000, 0x0000000100000000)
  eden space 29184K, 100% used [0x00000000f5580000,0x00000000f7200000,0x00000000f7200000)
  from space 11776K, 0% used [0x00000000f7200000,0x00000000f7200000,0x00000000f7d80000)
  to   space 9728K, 0% used [0x00000000f8100000,0x00000000f8100000,0x00000000f8a80000)
 ParOldGen       total 349696K, used 349695K [0x00000000e0000000, 0x00000000f5580000, 0x00000000f5580000)
  object space 349696K, 99% used [0x00000000e0000000,0x00000000f557fff0,0x00000000f5580000)
 Metaspace       used 59327K, committed 60416K, reserved 1105920K
  class space    used 5954K, committed 6336K, reserved 1048576K

Card table byte_map: [0x00007fc1f4307000,0x00007fc1f4408000] _byte_map_base: 0x00007fc1f3c07000

Marking Bits: (ParMarkBitMap*) 0x00007fc1f5a574c0
 Begin Bits: [0x00007fc1d64b3000, 0x00007fc1d6cb3000)
 End Bits:   [0x00007fc1d6cb3000, 0x00007fc1d74b3000)

Polling page: 0x00007fc1f4621000

Metaspace:

Usage:
  Non-class:     52.12 MB used.
      Class:      5.82 MB used.
       Both:     57.94 MB used.

Virtual space:
  Non-class space:       56.00 MB reserved,      52.81 MB ( 94%) committed,  7 nodes.
      Class space:        1.00 GB reserved,       6.19 MB ( <1%) committed,  1 nodes.
             Both:        1.05 GB reserved,      59.00 MB (  5%) committed. 

Chunk freelists:
   Non-Class:  2.79 MB
       Class:  1.89 MB
        Both:  4.68 MB

MaxMetaspaceSize: unlimited
CompressedClassSpaceSize: 1.00 GB
Initial GC threshold: 21.00 MB
Current GC threshold: 98.25 MB
CDS: on
MetaspaceReclaimPolicy: balanced
 - commit_granule_bytes: 65536.
 - commit_granule_words: 8192.
 - virtual_space_node_default_size: 1048576.
 - enlarge_chunks_in_place: 1.
 - new_chunks_are_fully_committed: 0.
 - uncommit_free_chunks: 1.
 - use_allocation_guard: 0.
 - handle_deallocations: 1.


Internal statistics:

num_allocs_failed_limit: 6.
num_arena_births: 500.
num_arena_deaths: 150.
num_vsnodes_births: 8.
num_vsnodes_deaths: 0.
num_space_committed: 943.
num_space_uncommitted: 0.
num_chunks_returned_to_freelist: 211.
num_chunks_taken_from_freelist: 2826.
num_chunk_merges: 86.
num_chunk_splits: 1827.
num_chunks_enlarged: 1143.
num_purges: 2.
num_inconsistent_stats: 0.

CodeHeap 'non-profiled nmethods': size=120036Kb used=2754Kb max_used=2754Kb free=117281Kb
 bounds [0x00007fc1def7a000, 0x00007fc1df23a000, 0x00007fc1e64b3000]
CodeHeap 'profiled nmethods': size=120032Kb used=13580Kb max_used=15274Kb free=106452Kb
 bounds [0x00007fc1d7a42000, 0x00007fc1d8932000, 0x00007fc1def7a000]
CodeHeap 'non-nmethods': size=5692Kb used=1383Kb max_used=1399Kb free=4308Kb
 bounds [0x00007fc1d74b3000, 0x00007fc1d7723000, 0x00007fc1d7a42000]
 total_blobs=7220 nmethods=6501 adapters=629
 compilation: enabled
              stopped_count=0, restarted_count=0
 full_count=0

JVMCI Events (20 events):
Event: 415.809 Thread 0x00007fc1f00b21e0 destroyed JavaVM[2]@0x00007fc199d9e340 for JVMCI runtime 0
Event: 415.809 Thread 0x00007fc1f00b21e0 compacted oop handles in JVMCI runtime 0 from 133 to 133
Event: 415.809 Thread 0x00007fc1f00b21e0 releasing handles for JVMCI runtime 0: oop handles=133, metadata handles={total=352, live=328, blocks=41}
Event: 415.809 Thread 0x00007fc1f00b21e0 detached from JVMCI runtime 0
Event: 439.171 Thread 0x00007fc1f00b21e0 attached to JVMCI runtime 0
Event: 439.172 Thread 0x00007fc1f00b21e0 created JavaVM[3]@0x00007fc199d9e340 for JVMCI runtime 0
Event: 440.456 Thread 0x00007fc1f00b21e0 initializing JVMCI runtime 0
Event: 440.456 Thread 0x00007fc1f00b21e0 done waiting for JavaVM references initialization in JVMCI runtime 0
Event: 468.546 Thread 0x00007fc1f00b21e0 initialized JVMCI runtime 0
Event: 477.519 Thread 0x00007fc1f00b21e0 detaching from JVMCI runtime 0: releasing idle compiler thread (0 other threads still attached)
Event: 477.519 Thread 0x00007fc1f00b21e0 shutting down HotSpotJVMCIRuntime for JVMCI runtime 0
Event: 482.413 Thread 0x00007fc1f00b21e0 shut down JVMCI runtime 0
Event: 482.414 Thread 0x00007fc1f00b21e0 destroyed JavaVM[3]@0x00007fc199d9e340 for JVMCI runtime 0
Event: 482.414 Thread 0x00007fc1f00b21e0 compacted oop handles in JVMCI runtime 0 from 50 to 50
Event: 482.414 Thread 0x00007fc1f00b21e0 releasing handles for JVMCI runtime 0: oop handles=50, metadata handles={total=109, live=102, blocks=41}
Event: 482.414 Thread 0x00007fc1f00b21e0 detached from JVMCI runtime 0
Event: 499.709 Thread 0x00007fc1f00b21e0 attached to JVMCI runtime 0
Event: 499.710 Thread 0x00007fc1f00b21e0 created JavaVM[4]@0x00007fc199d9e340 for JVMCI runtime 0
Event: 499.710 Thread 0x00007fc1f00b21e0 initializing JVMCI runtime 0
Event: 499.710 Thread 0x00007fc1f00b21e0 done waiting for JavaVM references initialization in JVMCI runtime 0

Compilation events (20 events):
Event: 67.498 Thread 0x00007fc1f00b21e0 nmethod 8411 0x00007fc1df227c90 code [0x00007fc1df227e20, 0x00007fc1df227ed0]
Event: 142.737 Thread 0x00007fc1f00b36f0 8455       3       java.util.LinkedList::get (14 bytes)
Event: 143.893 Thread 0x00007fc1f00b36f0 nmethod 8455 0x00007fc1d829e690 code [0x00007fc1d829e880, 0x00007fc1d829ee40]
Event: 261.488 Thread 0x00007fc1f00b36f0 8457 %     3       java.text.MessageFormat::applyPattern @ 34 (422 bytes)
Event: 261.491 Thread 0x00007fc1f00b36f0 nmethod 8457% 0x00007fc1d84d5590 code [0x00007fc1d84d5aa0, 0x00007fc1d84d9360]
Event: 314.876 Thread 0x00007fc1f00b36f0 8458       1       org.eclipse.core.internal.jobs.InternalJob::setProgressMonitor (6 bytes)
Event: 314.876 Thread 0x00007fc1f00b36f0 nmethod 8458 0x00007fc1df228010 code [0x00007fc1df2281a0, 0x00007fc1df228270]
Event: 324.548 Thread 0x00007fc1f00b21e0 8459       4       java.util.concurrent.locks.AbstractQueuedSynchronizer$ConditionObject::signal (34 bytes)
Event: 361.934 Thread 0x00007fc1f00b21e0 nmethod 8459 0x00007fc1df228310 code [0x00007fc1df228480, 0x00007fc1df228568]
Event: 361.934 Thread 0x00007fc1f00b21e0 8460   !   4       org.eclipse.osgi.internal.loader.classpath.ClasspathManager::findLocalClass (210 bytes)
Event: 370.034 Thread 0x00007fc1f00b36f0 8461  s    3       org.eclipse.jdt.internal.core.search.processing.JobManager::currentJob (35 bytes)
Event: 370.034 Thread 0x00007fc1f00b36f0 nmethod 8461 0x00007fc1d8172e90 code [0x00007fc1d8173060, 0x00007fc1d81739b0]
Event: 414.409 Thread 0x00007fc1f00b21e0 nmethod 8460 0x00007fc1df228690 code [0x00007fc1df2288c0, 0x00007fc1df229220]
Event: 439.171 Thread 0x00007fc1f00b21e0 8462       4       java.lang.AbstractStringBuilder::<init> (63 bytes)
Event: 445.479 Thread 0x00007fc1f00b36f0 8463       3       java.util.concurrent.ThreadPoolExecutor::runStateAtLeast (11 bytes)
Event: 445.479 Thread 0x00007fc1f00b36f0 nmethod 8463 0x00007fc1d835d610 code [0x00007fc1d835d7a0, 0x00007fc1d835d8f0]
Event: 476.339 Thread 0x00007fc1f00b21e0 nmethod 8462 0x00007fc1df229f90 code [0x00007fc1df22a160, 0x00007fc1df22a6d0]
Event: 478.722 Thread 0x00007fc1f00b36f0 8464       3       java.util.concurrent.locks.AbstractQueuedSynchronizer::acquire (20 bytes)
Event: 478.722 Thread 0x00007fc1f00b36f0 nmethod 8464 0x00007fc1d8092090 code [0x00007fc1d8092240, 0x00007fc1d8092610]
Event: 499.709 Thread 0x00007fc1f00b21e0 8465       4       java.lang.CharacterDataLatin1::digit (32 bytes)

GC Heap History (20 events):
Event: 533.229 GC heap before
{Heap before GC invocations=506 (full 381):
 PSYoungGen      total 40960K, used 29183K [0x00000000f5580000, 0x00000000f8a80000, 0x0000000100000000)
  eden space 29184K, 99% used [0x00000000f5580000,0x00000000f71ffff0,0x00000000f7200000)
  from space 11776K, 0% used [0x00000000f7200000,0x00000000f7200000,0x00000000f7d80000)
  to   space 9728K, 0% used [0x00000000f8100000,0x00000000f8100000,0x00000000f8a80000)
 ParOldGen       total 349696K, used 349695K [0x00000000e0000000, 0x00000000f5580000, 0x00000000f5580000)
  object space 349696K, 99% used [0x00000000e0000000,0x00000000f557ffd8,0x00000000f5580000)
 Metaspace       used 59327K, committed 60416K, reserved 1105920K
  class space    used 5954K, committed 6336K, reserved 1048576K
}
Event: 534.497 GC heap after
{Heap after GC invocations=506 (full 381):
 PSYoungGen      total 38912K, used 29183K [0x00000000f5580000, 0x00000000f8a80000, 0x0000000100000000)
  eden space 29184K, 99% used [0x00000000f5580000,0x00000000f71ffff0,0x00000000f7200000)
  from space 9728K, 0% used [0x00000000f8100000,0x00000000f8100000,0x00000000f8a80000)
  to   space 11776K, 0% used [0x00000000f7200000,0x00000000f7200000,0x00000000f7d80000)
 ParOldGen       total 349696K, used 349695K [0x00000000e0000000, 0x00000000f5580000, 0x00000000f5580000)
  object space 349696K, 99% used [0x00000000e0000000,0x00000000f557ffd8,0x00000000f5580000)
 Metaspace       used 59327K, committed 60416K, reserved 1105920K
  class space    used 5954K, committed 6336K, reserved 1048576K
}
Event: 534.498 GC heap before
{Heap before GC invocations=507 (full 382):
 PSYoungGen      total 38912K, used 29183K [0x00000000f5580000, 0x00000000f8a80000, 0x0000000100000000)
  eden space 29184K, 99% used [0x00000000f5580000,0x00000000f71ffff0,0x00000000f7200000)
  from space 9728K, 0% used [0x00000000f8100000,0x00000000f8100000,0x00000000f8a80000)
  to   space 11776K, 0% used [0x00000000f7200000,0x00000000f7200000,0x00000000f7d80000)
 ParOldGen       total 349696K, used 349695K [0x00000000e0000000, 0x00000000f5580000, 0x00000000f5580000)
  object space 349696K, 99% used [0x00000000e0000000,0x00000000f557ffd8,0x00000000f5580000)
 Metaspace       used 59327K, committed 60416K, reserved 1105920K
  class space    used 5954K, committed 6336K, reserved 1048576K
}
Event: 535.680 GC heap after
{Heap after GC invocations=507 (full 382):
 PSYoungGen      total 40960K, used 29183K [0x00000000f5580000, 0x00000000f8a80000, 0x0000000100000000)
  eden space 29184K, 99% used [0x00000000f5580000,0x00000000f71ffff0,0x00000000f7200000)
  from space 11776K, 0% used [0x00000000f7200000,0x00000000f7200000,0x00000000f7d80000)
  to   space 9728K, 0% used [0x00000000f8100000,0x00000000f8100000,0x00000000f8a80000)
 ParOldGen       total 349696K, used 349695K [0x00000000e0000000, 0x00000000f5580000, 0x00000000f5580000)
  object space 349696K, 99% used [0x00000000e0000000,0x00000000f557ffd8,0x00000000f5580000)
 Metaspace       used 59327K, committed 60416K, reserved 1105920K
  class space    used 5954K, committed 6336K, reserved 1048576K
}
Event: 535.680 GC heap before
{Heap before GC invocations=508 (full 383):
 PSYoungGen      total 40960K, used 29183K [0x00000000f5580000, 0x00000000f8a80000, 0x0000000100000000)
  eden space 29184K, 99% used [0x00000000f5580000,0x00000000f71ffff0,0x00000000f7200000)
  from space 11776K, 0% used [0x00000000f7200000,0x00000000f7200000,0x00000000f7d80000)
  to   space 9728K, 0% used [0x00000000f8100000,0x00000000f8100000,0x00000000f8a80000)
 ParOldGen       total 349696K, used 349695K [0x00000000e0000000, 0x00000000f5580000, 0x00000000f5580000)
  object space 349696K, 99% used [0x00000000e0000000,0x00000000f557ffd8,0x00000000f5580000)
 Metaspace       used 59327K, committed 60416K, reserved 1105920K
  class space    used 5954K, committed 6336K, reserved 1048576K
}
Event: 536.905 GC heap after
{Heap after GC invocations=508 (full 383):
 PSYoungGen      total 38912K, used 29183K [0x00000000f5580000, 0x00000000f8a80000, 0x0000000100000000)
  eden space 29184K, 99% used [0x00000000f5580000,0x00000000f71ffff0,0x00000000f7200000)
  from space 9728K, 0% used [0x00000000f8100000,0x00000000f8100000,0x00000000f8a80000)
  to   space 11776K, 0% used [0x00000000f7200000,0x00000000f7200000,0x00000000f7d80000)
 ParOldGen       total 349696K, used 349695K [0x00000000e0000000, 0x00000000f5580000, 0x00000000f5580000)
  object space 349696K, 99% used [0x00000000e0000000,0x00000000f557ffd8,0x00000000f5580000)
 Metaspace       used 59327K, committed 60416K, reserved 1105920K
  class space    used 5954K, committed 6336K, reserved 1048576K
}
Event: 536.905 GC heap before
{Heap before GC invocations=509 (full 384):
 PSYoungGen      total 38912K, used 29184K [0x00000000f5580000, 0x00000000f8a80000, 0x0000000100000000)
  eden space 29184K, 100% used [0x00000000f5580000,0x00000000f7200000,0x00000000f7200000)
  from space 9728K, 0% used [0x00000000f8100000,0x00000000f8100000,0x00000000f8a80000)
  to   space 11776K, 0% used [0x00000000f7200000,0x00000000f7200000,0x00000000f7d80000)
 ParOldGen       total 349696K, used 349695K [0x00000000e0000000, 0x00000000f5580000, 0x00000000f5580000)
  object space 349696K, 99% used [0x00000000e0000000,0x00000000f557fff8,0x00000000f5580000)
 Metaspace       used 59327K, committed 60416K, reserved 1105920K
  class space    used 5954K, committed 6336K, reserved 1048576K
}
Event: 538.177 GC heap after
{Heap after GC invocations=509 (full 384):
 PSYoungGen      total 40960K, used 29183K [0x00000000f5580000, 0x00000000f8a80000, 0x0000000100000000)
  eden space 29184K, 99% used [0x00000000f5580000,0x00000000f71ffff0,0x00000000f7200000)
  from space 11776K, 0% used [0x00000000f7200000,0x00000000f7200000,0x00000000f7d80000)
  to   space 9728K, 0% used [0x00000000f8100000,0x00000000f8100000,0x00000000f8a80000)
 ParOldGen       total 349696K, used 349695K [0x00000000e0000000, 0x00000000f5580000, 0x00000000f5580000)
  object space 349696K, 99% used [0x00000000e0000000,0x00000000f557ffd8,0x00000000f5580000)
 Metaspace       used 59327K, committed 60416K, reserved 1105920K
  class space    used 5954K, committed 6336K, reserved 1048576K
}
Event: 538.177 GC heap before
{Heap before GC invocations=510 (full 385):
 PSYoungGen      total 40960K, used 29184K [0x00000000f5580000, 0x00000000f8a80000, 0x0000000100000000)
  eden space 29184K, 100% used [0x00000000f5580000,0x00000000f7200000,0x00000000f7200000)
  from space 11776K, 0% used [0x00000000f7200000,0x00000000f7200000,0x00000000f7d80000)
  to   space 9728K, 0% used [0x00000000f8100000,0x00000000f8100000,0x00000000f8a80000)
 ParOldGen       total 349696K, used 349695K [0x00000000e0000000, 0x00000000f5580000, 0x00000000f5580000)
  object space 349696K, 99% used [0x00000000e0000000,0x00000000f557ffd8,0x00000000f5580000)
 Metaspace       used 59327K, committed 60416K, reserved 1105920K
  class space    used 5954K, committed 6336K, reserved 1048576K
}
Event: 539.356 GC heap after
{Heap after GC invocations=510 (full 385):
 PSYoungGen      total 38912K, used 29183K [0x00000000f5580000, 0x00000000f8a80000, 0x0000000100000000)
  eden space 29184K, 99% used [0x00000000f5580000,0x00000000f71ffff0,0x00000000f7200000)
  from space 9728K, 0% used [0x00000000f8100000,0x00000000f8100000,0x00000000f8a80000)
  to   space 11776K, 0% used [0x00000000f7200000,0x00000000f7200000,0x00000000f7d80000)
 ParOldGen       total 349696K, used 349695K [0x00000000e0000000, 0x00000000f5580000, 0x00000000f5580000)
  object space 349696K, 99% used [0x00000000e0000000,0x00000000f557ffd8,0x00000000f5580000)
 Metaspace       used 59327K, committed 60416K, reserved 1105920K
  class space    used 5954K, committed 6336K, reserved 1048576K
}
Event: 539.364 GC heap before
{Heap before GC invocations=511 (full 386):
 PSYoungGen      total 38912K, used 29184K [0x00000000f5580000, 0x00000000f8a80000, 0x0000000100000000)
  eden space 29184K, 100% used [0x00000000f5580000,0x00000000f7200000,0x00000000f7200000)
  from space 9728K, 0% used [0x00000000f8100000,0x00000000f8100000,0x00000000f8a80000)
  to   space 11776K, 0% used [0x00000000f7200000,0x00000000f7200000,0x00000000f7d80000)
 ParOldGen       total 349696K, used 349695K [0x00000000e0000000, 0x00000000f5580000, 0x00000000f5580000)
  object space 349696K, 99% used [0x00000000e0000000,0x00000000f557ffd8,0x00000000f5580000)
 Metaspace       used 59327K, committed 60416K, reserved 1105920K
  class space    used 5954K, committed 6336K, reserved 1048576K
}
Event: 540.991 GC heap after
{Heap after GC invocations=511 (full 386):
 PSYoungGen      total 40960K, used 29183K [0x00000000f5580000, 0x00000000f8a80000, 0x0000000100000000)
  eden space 29184K, 99% used [0x00000000f5580000,0x00000000f71ffff0,0x00000000f7200000)
  from space 11776K, 0% used [0x00000000f7200000,0x00000000f7200000,0x00000000f7d80000)
  to   space 9728K, 0% used [0x00000000f8100000,0x00000000f8100000,0x00000000f8a80000)
 ParOldGen       total 349696K, used 349695K [0x00000000e0000000, 0x00000000f5580000, 0x00000000f5580000)
  object space 349696K, 99% used [0x00000000e0000000,0x00000000f557ffd8,0x00000000f5580000)
 Metaspace       used 59327K, committed 60416K, reserved 1105920K
  class space    used 5954K, committed 6336K, reserved 1048576K
}
Event: 540.995 GC heap before
{Heap before GC invocations=512 (full 387):
 PSYoungGen      total 40960K, used 29184K [0x00000000f5580000, 0x00000000f8a80000, 0x0000000100000000)
  eden space 29184K, 100% used [0x00000000f5580000,0x00000000f7200000,0x00000000f7200000)
  from space 11776K, 0% used [0x00000000f7200000,0x00000000f7200000,0x00000000f7d80000)
  to   space 9728K, 0% used [0x00000000f8100000,0x00000000f8100000,0x00000000f8a80000)
 ParOldGen       total 349696K, used 349695K [0x00000000e0000000, 0x00000000f5580000, 0x00000000f5580000)
  object space 349696K, 99% used [0x00000000e0000000,0x00000000f557ffd8,0x00000000f5580000)
 Metaspace       used 59327K, committed 60416K, reserved 1105920K
  class space    used 5954K, committed 6336K, reserved 1048576K
}
Event: 542.122 GC heap after
{Heap after GC invocations=512 (full 387):
 PSYoungGen      total 38912K, used 29183K [0x00000000f5580000, 0x00000000f8a80000, 0x0000000100000000)
  eden space 29184K, 99% used [0x00000000f5580000,0x00000000f71ffff0,0x00000000f7200000)
  from space 9728K, 0% used [0x00000000f8100000,0x00000000f8100000,0x00000000f8a80000)
  to   space 11776K, 0% used [0x00000000f7200000,0x00000000f7200000,0x00000000f7d80000)
 ParOldGen       total 349696K, used 349695K [0x00000000e0000000, 0x00000000f5580000, 0x00000000f5580000)
  object space 349696K, 99% used [0x00000000e0000000,0x00000000f557ffd8,0x00000000f5580000)
 Metaspace       used 59327K, committed 60416K, reserved 1105920K
  class space    used 5954K, committed 6336K, reserved 1048576K
}
Event: 542.125 GC heap before
{Heap before GC invocations=513 (full 388):
 PSYoungGen      total 38912K, used 29184K [0x00000000f5580000, 0x00000000f8a80000, 0x0000000100000000)
  eden space 29184K, 100% used [0x00000000f5580000,0x00000000f7200000,0x00000000f7200000)
  from space 9728K, 0% used [0x00000000f8100000,0x00000000f8100000,0x00000000f8a80000)
  to   space 11776K, 0% used [0x00000000f7200000,0x00000000f7200000,0x00000000f7d80000)
 ParOldGen       total 349696K, used 349695K [0x00000000e0000000, 0x00000000f5580000, 0x00000000f5580000)
  object space 349696K, 99% used [0x00000000e0000000,0x00000000f557ffd8,0x00000000f5580000)
 Metaspace       used 59327K, committed 60416K, reserved 1105920K
  class space    used 5954K, committed 6336K, reserved 1048576K
}
Event: 543.312 GC heap after
{Heap after GC invocations=513 (full 388):
 PSYoungGen      total 40960K, used 29183K [0x00000000f5580000, 0x00000000f8a80000, 0x0000000100000000)
  eden space 29184K, 99% used [0x00000000f5580000,0x00000000f71ffff0,0x00000000f7200000)
  from space 11776K, 0% used [0x00000000f7200000,0x00000000f7200000,0x00000000f7d80000)
  to   space 9728K, 0% used [0x00000000f8100000,0x00000000f8100000,0x00000000f8a80000)
 ParOldGen       total 349696K, used 349695K [0x00000000e0000000, 0x00000000f5580000, 0x00000000f5580000)
  object space 349696K, 99% used [0x00000000e0000000,0x00000000f557ffd8,0x00000000f5580000)
 Metaspace       used 59327K, committed 60416K, reserved 1105920K
  class space    used 5954K, committed 6336K, reserved 1048576K
}
Event: 543.312 GC heap before
{Heap before GC invocations=514 (full 389):
 PSYoungGen      total 40960K, used 29183K [0x00000000f5580000, 0x00000000f8a80000, 0x0000000100000000)
  eden space 29184K, 99% used [0x00000000f5580000,0x00000000f71ffff0,0x00000000f7200000)
  from space 11776K, 0% used [0x00000000f7200000,0x00000000f7200000,0x00000000f7d80000)
  to   space 9728K, 0% used [0x00000000f8100000,0x00000000f8100000,0x00000000f8a80000)
 ParOldGen       total 349696K, used 349695K [0x00000000e0000000, 0x00000000f5580000, 0x00000000f5580000)
  object space 349696K, 99% used [0x00000000e0000000,0x00000000f557fff0,0x00000000f5580000)
 Metaspace       used 59327K, committed 60416K, reserved 1105920K
  class space    used 5954K, committed 6336K, reserved 1048576K
}
Event: 544.497 GC heap after
{Heap after GC invocations=514 (full 389):
 PSYoungGen      total 38912K, used 29183K [0x00000000f5580000, 0x00000000f8a80000, 0x0000000100000000)
  eden space 29184K, 99% used [0x00000000f5580000,0x00000000f71ffff0,0x00000000f7200000)
  from space 9728K, 0% used [0x00000000f8100000,0x00000000f8100000,0x00000000f8a80000)
  to   space 11776K, 0% used [0x00000000f7200000,0x00000000f7200000,0x00000000f7d80000)
 ParOldGen       total 349696K, used 349695K [0x00000000e0000000, 0x00000000f5580000, 0x00000000f5580000)
  object space 349696K, 99% used [0x00000000e0000000,0x00000000f557fff0,0x00000000f5580000)
 Metaspace       used 59327K, committed 60416K, reserved 1105920K
  class space    used 5954K, committed 6336K, reserved 1048576K
}
Event: 544.497 GC heap before
{Heap before GC invocations=515 (full 390):
 PSYoungGen      total 38912K, used 29183K [0x00000000f5580000, 0x00000000f8a80000, 0x0000000100000000)
  eden space 29184K, 99% used [0x00000000f5580000,0x00000000f71ffff0,0x00000000f7200000)
  from space 9728K, 0% used [0x00000000f8100000,0x00000000f8100000,0x00000000f8a80000)
  to   space 11776K, 0% used [0x00000000f7200000,0x00000000f7200000,0x00000000f7d80000)
 ParOldGen       total 349696K, used 349695K [0x00000000e0000000, 0x00000000f5580000, 0x00000000f5580000)
  object space 349696K, 99% used [0x00000000e0000000,0x00000000f557fff0,0x00000000f5580000)
 Metaspace       used 59327K, committed 60416K, reserved 1105920K
  class space    used 5954K, committed 6336K, reserved 1048576K
}
Event: 545.633 GC heap after
{Heap after GC invocations=515 (full 390):
 PSYoungGen      total 40960K, used 29183K [0x00000000f5580000, 0x00000000f8a80000, 0x0000000100000000)
  eden space 29184K, 99% used [0x00000000f5580000,0x00000000f71ffff0,0x00000000f7200000)
  from space 11776K, 0% used [0x00000000f7200000,0x00000000f7200000,0x00000000f7d80000)
  to   space 9728K, 0% used [0x00000000f8100000,0x00000000f8100000,0x00000000f8a80000)
 ParOldGen       total 349696K, used 349695K [0x00000000e0000000, 0x00000000f5580000, 0x00000000f5580000)
  object space 349696K, 99% used [0x00000000e0000000,0x00000000f557fff0,0x00000000f5580000)
 Metaspace       used 59327K, committed 60416K, reserved 1105920K
  class space    used 5954K, committed 6336K, reserved 1048576K
}

Dll operation events (9 events):
Event: 0.002 Loaded shared library /nix/store/gpxl5qgg8kicmcvivwmybwjlpf7wh20l-graalvm17-ce-22.3.0/lib/libjava.so
Event: 0.007 Loaded shared library /nix/store/gpxl5qgg8kicmcvivwmybwjlpf7wh20l-graalvm17-ce-22.3.0/lib/libjsvml.so
Event: 0.318 Loaded shared library /nix/store/gpxl5qgg8kicmcvivwmybwjlpf7wh20l-graalvm17-ce-22.3.0/lib/libnio.so
Event: 0.377 Loaded shared library /nix/store/gpxl5qgg8kicmcvivwmybwjlpf7wh20l-graalvm17-ce-22.3.0/lib/libzip.so
Event: 0.380 Loaded shared library /nix/store/gpxl5qgg8kicmcvivwmybwjlpf7wh20l-graalvm17-ce-22.3.0/lib/libjvmcicompiler.so
Event: 0.731 Loaded shared library /nix/store/gpxl5qgg8kicmcvivwmybwjlpf7wh20l-graalvm17-ce-22.3.0/lib/libjimage.so
Event: 1.387 Loaded shared library /nix/store/gpxl5qgg8kicmcvivwmybwjlpf7wh20l-graalvm17-ce-22.3.0/lib/libnet.so
Event: 4.580 Loaded shared library /home/runner/.cache/jdt-language-server/config/org.eclipse.equinox.launcher/org.eclipse.equinox.launcher.gtk.linux.x86_64_1.2.400.v20211117-0650/eclipse_11600.so
Event: 16.778 Loaded shared library /nix/store/gpxl5qgg8kicmcvivwmybwjlpf7wh20l-graalvm17-ce-22.3.0/lib/libextnet.so

Deoptimization events (20 events):
Event: 432.943 Thread 0x00007fc1844857b0 Uncommon trap: trap_request=0xffffff8f fr.pc=0x00007fc1df21e009 relative=0x00000000000011c9
Event: 432.943 Thread 0x00007fc1844857b0 Uncommon trap: reason=constraint action=none pc=0x00007fc1df21e009 method=org.eclipse.jdt.internal.core.index.DiskIndex.copyQueryResults(Lorg/eclipse/jdt/internal/compiler/util/HashtableOfObject;I)V @ 123 jvmci
Event: 432.943 Thread 0x00007fc1844857b0 DEOPT PACKING pc=0x00007fc1df21e009 sp=0x00007fc19b9fe530
Event: 432.943 Thread 0x00007fc1844857b0 DEOPT UNPACKING pc=0x00007fc1d7505325 sp=0x00007fc19b9fda28 mode 3
Event: 445.479 Thread 0x00007fc1740010d0 Uncommon trap: trap_request=0xffffff8f fr.pc=0x00007fc1def92630 relative=0x0000000000000290
Event: 445.479 Thread 0x00007fc1740010d0 Uncommon trap: reason=constraint action=none pc=0x00007fc1def92630 method=java.util.Arrays.copyOfRange([BII)[B @ 61 jvmci
Event: 446.847 Thread 0x00007fc1740010d0 DEOPT PACKING pc=0x00007fc1def92630 sp=0x00007fc19bbfe4b0
Event: 446.847 Thread 0x00007fc1740010d0 DEOPT UNPACKING pc=0x00007fc1d7505325 sp=0x00007fc19bbfd8b0 mode 3
Event: 512.145 Thread 0x00007fc1844857b0 Uncommon trap: trap_request=0xffffff8f fr.pc=0x00007fc1df21e009 relative=0x00000000000011c9
Event: 512.145 Thread 0x00007fc1844857b0 Uncommon trap: reason=constraint action=none pc=0x00007fc1df21e009 method=org.eclipse.jdt.internal.core.index.DiskIndex.copyQueryResults(Lorg/eclipse/jdt/internal/compiler/util/HashtableOfObject;I)V @ 123 jvmci
Event: 514.677 Thread 0x00007fc1844857b0 DEOPT PACKING pc=0x00007fc1df21e009 sp=0x00007fc19b9fe530
Event: 514.677 Thread 0x00007fc1844857b0 DEOPT UNPACKING pc=0x00007fc1d7505325 sp=0x00007fc19b9fda28 mode 3
Event: 534.497 Thread 0x00007fc1740010d0 Uncommon trap: trap_request=0xffffff8f fr.pc=0x00007fc1defb0a55 relative=0x0000000000000435
Event: 534.497 Thread 0x00007fc1740010d0 Uncommon trap: reason=constraint action=none pc=0x00007fc1defb0a55 method=java.lang.StringBuilder.append(Ljava/lang/String;)Ljava/lang/StringBuilder; @ 0 jvmci
Event: 534.497 Thread 0x00007fc1740010d0 DEOPT PACKING pc=0x00007fc1defb0a55 sp=0x00007fc19bbfe7f0
Event: 534.497 Thread 0x00007fc1740010d0 DEOPT UNPACKING pc=0x00007fc1d7505325 sp=0x00007fc19bbfdcc8 mode 3
Event: 536.905 Thread 0x00007fc1740010d0 Uncommon trap: trap_request=0xffffff8f fr.pc=0x00007fc1defb226d relative=0x000000000000044d
Event: 536.905 Thread 0x00007fc1740010d0 Uncommon trap: reason=constraint action=none pc=0x00007fc1defb226d method=java.lang.AbstractStringBuilder.append(Ljava/lang/String;)Ljava/lang/AbstractStringBuilder; @ 0 jvmci
Event: 538.177 Thread 0x00007fc1740010d0 DEOPT PACKING pc=0x00007fc1defb226d sp=0x00007fc19bbfe780
Event: 538.177 Thread 0x00007fc1740010d0 DEOPT UNPACKING pc=0x00007fc1d7505325 sp=0x00007fc19bbfdc50 mode 3

Classes unloaded (20 events):
Event: 74.501 Thread 0x00007fc1f00a1c10 Unloading class 0x0000000800f1c000 'jdk/internal/reflect/GeneratedConstructorAccessor10'
Event: 74.501 Thread 0x00007fc1f00a1c10 Unloading class 0x0000000800d99000 'java/lang/invoke/LambdaForm$MH+0x0000000800d99000'
Event: 74.501 Thread 0x00007fc1f00a1c10 Unloading class 0x0000000800d98c00 'java/lang/invoke/LambdaForm$MH+0x0000000800d98c00'
Event: 74.501 Thread 0x00007fc1f00a1c10 Unloading class 0x0000000800d98800 'java/lang/invoke/LambdaForm$MH+0x0000000800d98800'
Event: 74.501 Thread 0x00007fc1f00a1c10 Unloading class 0x0000000800d98400 'java/lang/invoke/LambdaForm$MH+0x0000000800d98400'
Event: 74.501 Thread 0x00007fc1f00a1c10 Unloading class 0x0000000800d98000 'jdk/internal/reflect/GeneratedConstructorAccessor3'
Event: 74.501 Thread 0x00007fc1f00a1c10 Unloading class 0x0000000800d06800 'java/lang/invoke/LambdaForm$MH+0x0000000800d06800'
Event: 74.501 Thread 0x00007fc1f00a1c10 Unloading class 0x0000000800d06000 'java/lang/invoke/LambdaForm$MH+0x0000000800d06000'
Event: 74.501 Thread 0x00007fc1f00a1c10 Unloading class 0x0000000800d05c00 'java/lang/invoke/LambdaForm$MH+0x0000000800d05c00'
Event: 74.501 Thread 0x00007fc1f00a1c10 Unloading class 0x0000000800d05800 'java/lang/invoke/LambdaForm$MH+0x0000000800d05800'
Event: 74.501 Thread 0x00007fc1f00a1c10 Unloading class 0x0000000800d05000 'java/lang/invoke/LambdaForm$MH+0x0000000800d05000'
Event: 74.501 Thread 0x00007fc1f00a1c10 Unloading class 0x0000000800d04c00 'java/lang/invoke/LambdaForm$MH+0x0000000800d04c00'
Event: 74.501 Thread 0x00007fc1f00a1c10 Unloading class 0x0000000800d04800 'java/lang/invoke/LambdaForm$MH+0x0000000800d04800'
Event: 74.501 Thread 0x00007fc1f00a1c10 Unloading class 0x0000000800d04000 'java/lang/invoke/LambdaForm$MH+0x0000000800d04000'
Event: 74.501 Thread 0x00007fc1f00a1c10 Unloading class 0x0000000800c1d000 'jdk/internal/reflect/GeneratedMethodAccessor5'
Event: 74.501 Thread 0x00007fc1f00a1c10 Unloading class 0x0000000800c1cc00 'jdk/internal/reflect/GeneratedMethodAccessor4'
Event: 74.501 Thread 0x00007fc1f00a1c10 Unloading class 0x0000000800c1c800 'jdk/internal/reflect/GeneratedMethodAccessor3'
Event: 74.501 Thread 0x00007fc1f00a1c10 Unloading class 0x0000000800c1c400 'jdk/internal/reflect/GeneratedMethodAccessor2'
Event: 74.501 Thread 0x00007fc1f00a1c10 Unloading class 0x0000000800c1c000 'jdk/internal/reflect/GeneratedMethodAccessor1'
Event: 74.502 Thread 0x00007fc1f00a1c10 Unloading class 0x0000000800c01c00 'java/lang/invoke/LambdaForm$DMH+0x0000000800c01c00'

Classes redefined (0 events):
No events

Internal exceptions (20 events):
Event: 48.099 Thread 0x00007fc164001130 Exception <a 'java/lang/NoSuchMethodError'{0x00000000f6333ab8}: 'java.lang.Object java.lang.invoke.DirectMethodHandle$Holder.newInvokeSpecial(java.lang.Object, java.lang.Object, int, java.lang.Object, java.lang.Object)'> (0x00000000f6333ab8) 
thrown [src/hotspot/share/interpreter/linkResolver.cpp, line 758]
Event: 48.103 Thread 0x00007fc164001130 Exception <a 'java/lang/NoSuchMethodError'{0x00000000f6337cf8}: 'java.lang.Object java.lang.invoke.DirectMethodHandle$Holder.invokeSpecial(java.lang.Object, java.lang.Object, java.lang.Object, int, java.lang.Object, java.lang.Object)'> (0x00000000f6337cf8) 
thrown [src/hotspot/share/interpreter/linkResolver.cpp, line 758]
Event: 48.104 Thread 0x00007fc164001130 Exception <a 'java/lang/NoSuchMethodError'{0x00000000f633b7e0}: 'java.lang.Object java.lang.invoke.Invokers$Holder.linkToTargetMethod(java.lang.Object, int, java.lang.Object, java.lang.Object, java.lang.Object)'> (0x00000000f633b7e0) 
thrown [src/hotspot/share/interpreter/linkResolver.cpp, line 758]
Event: 48.810 Thread 0x00007fc1781a9010 Exception <a 'java/lang/NoSuchMethodError'{0x00000000f58889a8}: 'int java.lang.invoke.DirectMethodHandle$Holder.invokeSpecialIFC(java.lang.Object, java.lang.Object, java.lang.Object, java.lang.Object)'> (0x00000000f58889a8) 
thrown [src/hotspot/share/interpreter/linkResolver.cpp, line 758]
Event: 53.388 Thread 0x00007fc1844857b0 Implicit null exception at 0x00007fc1df191bcd to 0x00007fc1df192250
Event: 432.943 Thread 0x00007fc1844857b0 Exception <a 'java/lang/OutOfMemoryError'{0x00000000e000a9c8}> (0x00000000e000a9c8) 
thrown [src/hotspot/share/gc/shared/memAllocator.cpp, line 138]
Event: 432.943 Thread 0x00007fc1844857b0 Implicit null exception at 0x00007fc1df21da53 to 0x00007fc1df21dfee
Event: 445.479 Thread 0x00007fc1740010d0 Exception <a 'java/lang/OutOfMemoryError'{0x00000000e000a428}> (0x00000000e000a428) 
thrown [src/hotspot/share/gc/shared/memAllocator.cpp, line 138]
Event: 445.479 Thread 0x00007fc1740010d0 Implicit null exception at 0x00007fc1def9254d to 0x00007fc1def92615
Event: 512.144 Thread 0x00007fc1844857b0 Exception <a 'java/lang/OutOfMemoryError'{0x00000000e0009e88}> (0x00000000e0009e88) 
thrown [src/hotspot/share/gc/shared/memAllocator.cpp, line 138]
Event: 512.145 Thread 0x00007fc1844857b0 Implicit null exception at 0x00007fc1df21da53 to 0x00007fc1df21dfee
Event: 514.677 Thread 0x00007fc1740010d0 Exception <a 'java/lang/OutOfMemoryError'{0x00000000e000a1a8}> (0x00000000e000a1a8) 
thrown [src/hotspot/share/gc/shared/memAllocator.cpp, line 136]
Event: 523.535 Thread 0x00007fc1740010d0 Exception <a 'java/lang/OutOfMemoryError'{0x00000000e000a1a8}> (0x00000000e000a1a8) 
thrown [src/hotspot/share/gc/shared/memAllocator.cpp, line 136]
Event: 527.199 Thread 0x00007fc1740010d0 Exception <a 'java/lang/OutOfMemoryError'{0x00000000e000a1a8}> (0x00000000e000a1a8) 
thrown [src/hotspot/share/gc/shared/memAllocator.cpp, line 136]
Event: 530.739 Thread 0x00007fc1740010d0 Exception <a 'java/lang/OutOfMemoryError'{0x00000000e000a1a8}> (0x00000000e000a1a8) 
thrown [src/hotspot/share/gc/shared/memAllocator.cpp, line 136]
Event: 534.497 Thread 0x00007fc1740010d0 Exception <a 'java/lang/OutOfMemoryError'{0x00000000e0009e88}> (0x00000000e0009e88) 
thrown [src/hotspot/share/gc/shared/memAllocator.cpp, line 138]
Event: 534.497 Thread 0x00007fc1740010d0 Implicit null exception at 0x00007fc1defb08f8 to 0x00007fc1defb0a3a
Event: 536.905 Thread 0x00007fc1740010d0 Exception <a 'java/lang/OutOfMemoryError'{0x00000000e0009e88}> (0x00000000e0009e88) 
thrown [src/hotspot/share/gc/shared/memAllocator.cpp, line 138]
Event: 536.905 Thread 0x00007fc1740010d0 Implicit null exception at 0x00007fc1defb2107 to 0x00007fc1defb2252
Event: 545.633 Thread 0x00007fc1f00b21e0 Exception <a 'java/lang/OutOfMemoryError'{0x00000000e000a1a8}> (0x00000000e000a1a8) 
thrown [src/hotspot/share/gc/shared/memAllocator.cpp, line 136]

VM Operations (20 events):
Event: 530.739 Executing VM operation: ParallelGCFailedAllocation done
Event: 530.742 Executing VM operation: ParallelGCFailedAllocation
Event: 532.130 Executing VM operation: ParallelGCFailedAllocation done
Event: 532.130 Executing VM operation: ParallelGCFailedAllocation
Event: 534.497 Executing VM operation: ParallelGCFailedAllocation done
Event: 534.497 Executing VM operation: ParallelGCFailedAllocation
Event: 536.905 Executing VM operation: ParallelGCFailedAllocation done
Event: 536.905 Executing VM operation: ParallelGCFailedAllocation
Event: 538.177 Executing VM operation: ParallelGCFailedAllocation done
Event: 538.177 Executing VM operation: ParallelGCFailedAllocation
Event: 539.356 Executing VM operation: ParallelGCFailedAllocation done
Event: 539.356 Executing VM operation: ParallelGCFailedAllocation
Event: 540.991 Executing VM operation: ParallelGCFailedAllocation done
Event: 540.991 Executing VM operation: ParallelGCFailedAllocation
Event: 542.122 Executing VM operation: ParallelGCFailedAllocation done
Event: 542.122 Executing VM operation: ParallelGCFailedAllocation
Event: 543.312 Executing VM operation: ParallelGCFailedAllocation done
Event: 543.312 Executing VM operation: ParallelGCFailedAllocation
Event: 545.633 Executing VM operation: ParallelGCFailedAllocation done
Event: 545.633 Executing VM operation: ParallelGCFailedAllocation

Events (20 events):
Event: 48.318 Thread 0x00007fc1f00b4b40 flushing nmethod 0x00007fc1d8866390
Event: 48.893 Thread 0x00007fc1781a9010 Thread exited: 0x00007fc1781a9010
Event: 48.915 Thread 0x00007fc1781a99b0 Thread exited: 0x00007fc1781a99b0
Event: 61.696 Thread 0x00007fc1f01f6480 Thread exited: 0x00007fc1f01f6480
Event: 95.604 Thread 0x00007fc154004d50 Thread exited: 0x00007fc154004d50
Event: 108.717 Thread 0x00007fc15c002f60 Thread exited: 0x00007fc15c002f60
Event: 115.842 Thread 0x00007fc150498100 Thread exited: 0x00007fc150498100
Event: 117.123 Thread 0x00007fc164001130 Thread exited: 0x00007fc164001130
Event: 118.367 Thread 0x00007fc15c000ff0 Thread exited: 0x00007fc15c000ff0
Event: 393.522 loading class java/io/InterruptedIOException
Event: 394.694 loading class java/io/InterruptedIOException done
Event: 394.694 loading class javax/net/ssl/SSLException
Event: 395.913 loading class javax/net/ssl/SSLException done
Event: 413.221 loading class java/lang/AssertionError
Event: 415.813 Thread 0x00007fc1f00b4b40 flushing nmethod 0x00007fc1d86b6e90
Event: 415.814 Thread 0x00007fc1f00b4b40 flushing nmethod 0x00007fc1d8831510
Event: 425.937 loading class java/lang/AssertionError done
Event: 453.532 Thread 0x00007fc150459040 Thread exited: 0x00007fc150459040
Event: 454.961 Thread 0x00007fc150458880 Thread exited: 0x00007fc150458880
Event: 464.045 Thread 0x00007fc154003b00 Thread exited: 0x00007fc154003b00


Dynamic libraries:
e0000000-f5580000 rw-p 00000000 00:00 0 
f5580000-f8a80000 rw-p 00000000 00:00 0 
f8a80000-100000000 ---p 00000000 00:00 0 
800000000-800449000 rw-p 00001000 00:dc4 4611686019135357769             /nix/store/gpxl5qgg8kicmcvivwmybwjlpf7wh20l-graalvm17-ce-22.3.0/lib/server/classes.jsa
800449000-800bc8000 r--p 0044a000 00:dc4 4611686019135357769             /nix/store/gpxl5qgg8kicmcvivwmybwjlpf7wh20l-graalvm17-ce-22.3.0/lib/server/classes.jsa
800bc8000-800c00000 ---p 00000000 00:00 0 
800c00000-800c20000 rw-p 00000000 00:00 0 
800c20000-800c40000 rw-p 00000000 00:00 0 
800c40000-800cc0000 rw-p 00000000 00:00 0 
800cc0000-800d00000 rw-p 00000000 00:00 0 
800d00000-800dc0000 rw-p 00000000 00:00 0 
800dc0000-800e00000 rw-p 00000000 00:00 0 
800e00000-800f40000 rw-p 00000000 00:00 0 
800f40000-800fc0000 rw-p 00000000 00:00 0 
800fc0000-801000000 rw-p 00000000 00:00 0 
801000000-801230000 rw-p 00000000 00:00 0 
801230000-840c00000 ---p 00000000 00:00 0 
555c13550000-555c13551000 r-xp 00000000 00:dc4 4611686019099417844       /nix/store/gpxl5qgg8kicmcvivwmybwjlpf7wh20l-graalvm17-ce-22.3.0/bin/.java-wrapped
555c13552000-555c13553000 r--p 00001000 00:dc4 4611686019099417844       /nix/store/gpxl5qgg8kicmcvivwmybwjlpf7wh20l-graalvm17-ce-22.3.0/bin/.java-wrapped
555c13553000-555c13554000 rw-p 00002000 00:dc4 4611686019099417844       /nix/store/gpxl5qgg8kicmcvivwmybwjlpf7wh20l-graalvm17-ce-22.3.0/bin/.java-wrapped
555c13554000-555c13555000 rw-p 00004000 00:dc4 4611686019099417844       /nix/store/gpxl5qgg8kicmcvivwmybwjlpf7wh20l-graalvm17-ce-22.3.0/bin/.java-wrapped
555c13555000-555c13556000 rw-p 00005000 00:dc4 4611686019099417844       /nix/store/gpxl5qgg8kicmcvivwmybwjlpf7wh20l-graalvm17-ce-22.3.0/bin/.java-wrapped
555c13c7c000-555c13cc4000 rw-p 00000000 00:00 0                          [heap]
7fc120000000-7fc1200cd000 rw-p 00000000 00:00 0 
7fc1200cd000-7fc124000000 ---p 00000000 00:00 0 
7fc128000000-7fc128022000 rw-p 00000000 00:00 0 
7fc128022000-7fc12c000000 ---p 00000000 00:00 0 
7fc12c000000-7fc12c1a5000 rw-p 00000000 00:00 0 
7fc12c1a5000-7fc130000000 ---p 00000000 00:00 0 
7fc130000000-7fc130021000 rw-p 00000000 00:00 0 
7fc130021000-7fc134000000 ---p 00000000 00:00 0 
7fc134000000-7fc134021000 rw-p 00000000 00:00 0 
7fc134021000-7fc138000000 ---p 00000000 00:00 0 
7fc138000000-7fc138021000 rw-p 00000000 00:00 0 
7fc138021000-7fc13c000000 ---p 00000000 00:00 0 
7fc13c000000-7fc13c021000 rw-p 00000000 00:00 0 
7fc13c021000-7fc140000000 ---p 00000000 00:00 0 
7fc140000000-7fc140026000 rw-p 00000000 00:00 0 
7fc140026000-7fc144000000 ---p 00000000 00:00 0 
7fc1464b3000-7fc150000000 r--s 00000000 00:dc4 4611686019135192581       /nix/store/gpxl5qgg8kicmcvivwmybwjlpf7wh20l-graalvm17-ce-22.3.0/lib/modules
7fc150000000-7fc15051a000 rw-p 00000000 00:00 0 
7fc15051a000-7fc154000000 ---p 00000000 00:00 0 
7fc154000000-7fc154021000 rw-p 00000000 00:00 0 
7fc154021000-7fc158000000 ---p 00000000 00:00 0 
7fc158000000-7fc158021000 rw-p 00000000 00:00 0 
7fc158021000-7fc15c000000 ---p 00000000 00:00 0 
7fc15c000000-7fc15c071000 rw-p 00000000 00:00 0 
7fc15c071000-7fc160000000 ---p 00000000 00:00 0 
7fc160000000-7fc160021000 rw-p 00000000 00:00 0 
7fc160021000-7fc164000000 ---p 00000000 00:00 0 
7fc164000000-7fc164103000 rw-p 00000000 00:00 0 
7fc164103000-7fc168000000 ---p 00000000 00:00 0 
7fc168000000-7fc168305000 rw-p 00000000 00:00 0 
7fc168305000-7fc16c000000 ---p 00000000 00:00 0 
7fc16c000000-7fc16c059000 rw-p 00000000 00:00 0 
7fc16c059000-7fc170000000 ---p 00000000 00:00 0 
7fc170000000-7fc170021000 rw-p 00000000 00:00 0 
7fc170021000-7fc174000000 ---p 00000000 00:00 0 
7fc174000000-7fc174054000 rw-p 00000000 00:00 0 
7fc174054000-7fc178000000 ---p 00000000 00:00 0 
7fc178000000-7fc1781c6000 rw-p 00000000 00:00 0 
7fc1781c6000-7fc17c000000 ---p 00000000 00:00 0 
7fc17c000000-7fc17c021000 rw-p 00000000 00:00 0 
7fc17c021000-7fc180000000 ---p 00000000 00:00 0 
7fc180c00000-7fc181170000 rw-p 00000000 00:00 0 
7fc181170000-7fc181400000 ---p 00000000 00:00 0 
7fc181400000-7fc181700000 rw-p 00000000 00:00 0 
7fc181700000-7fc181760000 rw-p 00000000 00:00 0 
7fc181760000-7fc181800000 ---p 00000000 00:00 0 
7fc181800000-7fc181c00000 rw-p 00000000 00:00 0 
7fc182000000-7fc182780000 rw-p 00000000 00:00 0 
7fc182780000-7fc182800000 rw-p 00000000 00:00 0 
7fc182800000-7fc182900000 rw-p 00000000 00:00 0 
7fc182900000-7fc182b00000 rw-p 00000000 00:00 0 
7fc182b00000-7fc182b80000 rw-p 00000000 00:00 0 
7fc182b80000-7fc182c00000 rw-p 00000000 00:00 0 
7fc182c00000-7fc182d00000 rw-p 00000000 00:00 0 
7fc182d00000-7fc182e00000 rw-p 00000000 00:00 0 
7fc182e00000-7fc182f00000 rw-p 00000000 00:00 0 
7fc182f00000-7fc183000000 rw-p 00000000 00:00 0 
7fc183000000-7fc183100000 rw-p 00000000 00:00 0 
7fc183100000-7fc183200000 rw-p 00000000 00:00 0 
7fc183200000-7fc183800000 rw-p 00000000 00:00 0 
7fc183800000-7fc183900000 rw-p 00000000 00:00 0 
7fc183900000-7fc183a00000 rw-p 00000000 00:00 0 
7fc183a00000-7fc183d00000 rw-p 00000000 00:00 0 
7fc183d00000-7fc183e00000 rw-p 00000000 00:00 0 
7fc183e00000-7fc184000000 rw-p 00000000 00:00 0 
7fc184000000-7fc1848bc000 rw-p 00000000 00:00 0 
7fc1848bc000-7fc188000000 ---p 00000000 00:00 0 
7fc188000000-7fc188026000 rw-p 00000000 00:00 0 
7fc188026000-7fc18c000000 ---p 00000000 00:00 0 
7fc18c000000-7fc18c021000 rw-p 00000000 00:00 0 
7fc18c021000-7fc190000000 ---p 00000000 00:00 0 
7fc190000000-7fc190021000 rw-p 00000000 00:00 0 
7fc190021000-7fc194000000 ---p 00000000 00:00 0 
7fc194000000-7fc194021000 rw-p 00000000 00:00 0 
7fc194021000-7fc198000000 ---p 00000000 00:00 0 
7fc198a00000-7fc198a10000 r-xp 00000000 00:db8 359                       /home/runner/.cache/jdt-language-server/config/org.eclipse.equinox.launcher/org.eclipse.equinox.launcher.gtk.linux.x86_64_1.2.400.v20211117-0650/eclipse_11600.so
7fc198a10000-7fc198c0f000 ---p 00010000 00:db8 359                       /home/runner/.cache/jdt-language-server/config/org.eclipse.equinox.launcher/org.eclipse.equinox.launcher.gtk.linux.x86_64_1.2.400.v20211117-0650/eclipse_11600.so
7fc198c0f000-7fc198c10000 r--p 0000f000 00:db8 359                       /home/runner/.cache/jdt-language-server/config/org.eclipse.equinox.launcher/org.eclipse.equinox.launcher.gtk.linux.x86_64_1.2.400.v20211117-0650/eclipse_11600.so
7fc198c10000-7fc198c11000 rw-p 00010000 00:db8 359                       /home/runner/.cache/jdt-language-server/config/org.eclipse.equinox.launcher/org.eclipse.equinox.launcher.gtk.linux.x86_64_1.2.400.v20211117-0650/eclipse_11600.so
7fc199100000-7fc199200000 ---p 00000000 00:00 0 
7fc199200000-7fc1997af000 r--p 01122000 00:dc4 4611686019135190040       /nix/store/gpxl5qgg8kicmcvivwmybwjlpf7wh20l-graalvm17-ce-22.3.0/lib/libjvmcicompiler.so
7fc1997af000-7fc199900000 r--p 00000000 00:00 0 
7fc199900000-7fc19993d000 rw-p 00000000 00:00 0 
7fc19993d000-7fc199e5d000 rw-p 0185f000 00:dc4 4611686019135190040       /nix/store/gpxl5qgg8kicmcvivwmybwjlpf7wh20l-graalvm17-ce-22.3.0/lib/libjvmcicompiler.so
7fc199e5d000-7fc19a244000 r--p 01d7f000 00:dc4 4611686019135190040       /nix/store/gpxl5qgg8kicmcvivwmybwjlpf7wh20l-graalvm17-ce-22.3.0/lib/libjvmcicompiler.so
7fc19a300000-7fc19a304000 ---p 00000000 00:00 0 
7fc19a304000-7fc19a400000 rw-p 00000000 00:00 0 
7fc19a500000-7fc19a504000 ---p 00000000 00:00 0 
7fc19a504000-7fc19a600000 rw-p 00000000 00:00 0 
7fc19a700000-7fc19a704000 ---p 00000000 00:00 0 
7fc19a704000-7fc19a800000 rw-p 00000000 00:00 0 
7fc19a900000-7fc19a904000 ---p 00000000 00:00 0 
7fc19a904000-7fc19aa00000 rw-p 00000000 00:00 0 
7fc19ab00000-7fc19ab04000 ---p 00000000 00:00 0 
7fc19ab04000-7fc19ac00000 rw-p 00000000 00:00 0 
7fc19ad00000-7fc19ad04000 ---p 00000000 00:00 0 
7fc19ad04000-7fc19ae00000 rw-p 00000000 00:00 0 
7fc19af00000-7fc19af04000 ---p 00000000 00:00 0 
7fc19af04000-7fc19b000000 rw-p 00000000 00:00 0 
7fc19b000000-7fc19b004000 ---p 00000000 00:00 0 
7fc19b004000-7fc19b100000 rw-p 00000000 00:00 0 
7fc19b100000-7fc19b104000 ---p 00000000 00:00 0 
7fc19b104000-7fc19b200000 rw-p 00000000 00:00 0 
7fc19b200000-7fc19b204000 ---p 00000000 00:00 0 
7fc19b204000-7fc19b300000 rw-p 00000000 00:00 0 
7fc19b300000-7fc19b304000 ---p 00000000 00:00 0 
7fc19b304000-7fc19b400000 rw-p 00000000 00:00 0 
7fc19b500000-7fc19b504000 ---p 00000000 00:00 0 
7fc19b504000-7fc19b600000 rw-p 00000000 00:00 0 
7fc19b700000-7fc19b704000 ---p 00000000 00:00 0 
7fc19b704000-7fc19b800000 rw-p 00000000 00:00 0 
7fc19b900000-7fc19b904000 ---p 00000000 00:00 0 
7fc19b904000-7fc19ba00000 rw-p 00000000 00:00 0 
7fc19ba00000-7fc19ba04000 ---p 00000000 00:00 0 
7fc19ba04000-7fc19bb00000 rw-p 00000000 00:00 0 
7fc19bb00000-7fc19bb04000 ---p 00000000 00:00 0 
7fc19bb04000-7fc19bc00000 rw-p 00000000 00:00 0 
7fc19bd00000-7fc19bd04000 ---p 00000000 00:00 0 
7fc19bd04000-7fc19be00000 rw-p 00000000 00:00 0 
7fc19bf00000-7fc19bf04000 ---p 00000000 00:00 0 
7fc19bf04000-7fc19c000000 rw-p 00000000 00:00 0 
7fc19c100000-7fc19c104000 ---p 00000000 00:00 0 
7fc19c104000-7fc19c200000 rw-p 00000000 00:00 0 
7fc19c300000-7fc19c304000 ---p 00000000 00:00 0 
7fc19c304000-7fc19c400000 rw-p 00000000 00:00 0 
7fc19c500000-7fc19c504000 ---p 00000000 00:00 0 
7fc19c504000-7fc19c600000 rw-p 00000000 00:00 0 
7fc19c700000-7fc19c704000 ---p 00000000 00:00 0 
7fc19c704000-7fc19c800000 rw-p 00000000 00:00 0 
7fc19c900000-7fc19c904000 ---p 00000000 00:00 0 
7fc19c904000-7fc19ca00000 rw-p 00000000 00:00 0 
7fc19d7a9000-7fc19db00000 rw-p 00000000 00:00 0 
7fc19dc00000-7fc19fd6a000 r-xp 00000000 00:dc4 4611686019135190040       /nix/store/gpxl5qgg8kicmcvivwmybwjlpf7wh20l-graalvm17-ce-22.3.0/lib/libjvmcicompiler.so
7fc19fd6a000-7fc19ff69000 ---p 0216a000 00:dc4 4611686019135190040       /nix/store/gpxl5qgg8kicmcvivwmybwjlpf7wh20l-graalvm17-ce-22.3.0/lib/libjvmcicompiler.so
7fc19ff69000-7fc19ff6a000 r--p 02169000 00:dc4 4611686019135190040       /nix/store/gpxl5qgg8kicmcvivwmybwjlpf7wh20l-graalvm17-ce-22.3.0/lib/libjvmcicompiler.so
7fc19ff6a000-7fc19ff6c000 rw-p 0216a000 00:dc4 4611686019135190040       /nix/store/gpxl5qgg8kicmcvivwmybwjlpf7wh20l-graalvm17-ce-22.3.0/lib/libjvmcicompiler.so
7fc19ff6c000-7fc19ff6d000 rw-p 00000000 00:00 0 
7fc19ff6d000-7fc19ff72000 rw-p 023c3000 00:dc4 4611686019135190040       /nix/store/gpxl5qgg8kicmcvivwmybwjlpf7wh20l-graalvm17-ce-22.3.0/lib/libjvmcicompiler.so
7fc1a0000000-7fc1a0021000 rw-p 00000000 00:00 0 
7fc1a0021000-7fc1a4000000 ---p 00000000 00:00 0 
7fc1a4000000-7fc1a4021000 rw-p 00000000 00:00 0 
7fc1a4021000-7fc1a8000000 ---p 00000000 00:00 0 
7fc1a8000000-7fc1a8021000 rw-p 00000000 00:00 0 
7fc1a8021000-7fc1ac000000 ---p 00000000 00:00 0 
7fc1ac000000-7fc1ac021000 rw-p 00000000 00:00 0 
7fc1ac021000-7fc1b0000000 ---p 00000000 00:00 0 
7fc1b0000000-7fc1b00f6000 rw-p 00000000 00:00 0 
7fc1b00f6000-7fc1b4000000 ---p 00000000 00:00 0 
7fc1b4000000-7fc1b4b9a000 rw-p 00000000 00:00 0 
7fc1b4b9a000-7fc1b8000000 ---p 00000000 00:00 0 
7fc1b8000000-7fc1b8021000 rw-p 00000000 00:00 0 
7fc1b8021000-7fc1bc000000 ---p 00000000 00:00 0 
7fc1bc000000-7fc1bc021000 rw-p 00000000 00:00 0 
7fc1bc021000-7fc1c0000000 ---p 00000000 00:00 0 
7fc1c0000000-7fc1c0021000 rw-p 00000000 00:00 0 
7fc1c0021000-7fc1c4000000 ---p 00000000 00:00 0 
7fc1c4000000-7fc1c4021000 rw-p 00000000 00:00 0 
7fc1c4021000-7fc1c8000000 ---p 00000000 00:00 0 
7fc1c8000000-7fc1c8021000 rw-p 00000000 00:00 0 
7fc1c8021000-7fc1cc000000 ---p 00000000 00:00 0 
7fc1cc000000-7fc1cc021000 rw-p 00000000 00:00 0 
7fc1cc021000-7fc1d0000000 ---p 00000000 00:00 0 
7fc1d0000000-7fc1d0057000 rw-p 00000000 00:00 0 
7fc1d0057000-7fc1d4000000 ---p 00000000 00:00 0 
7fc1d4100000-7fc1d4104000 ---p 00000000 00:00 0 
7fc1d4104000-7fc1d4200000 rw-p 00000000 00:00 0 
7fc1d4279000-7fc1d43ba000 rw-p 00000000 00:00 0 
7fc1d43ba000-7fc1d43bc000 r-xp 00000000 00:dc4 4611686019135190017       /nix/store/gpxl5qgg8kicmcvivwmybwjlpf7wh20l-graalvm17-ce-22.3.0/lib/libextnet.so
7fc1d43bc000-7fc1d43bd000 r--p 00001000 00:dc4 4611686019135190017       /nix/store/gpxl5qgg8kicmcvivwmybwjlpf7wh20l-graalvm17-ce-22.3.0/lib/libextnet.so
7fc1d43bd000-7fc1d43be000 rw-p 00002000 00:dc4 4611686019135190017       /nix/store/gpxl5qgg8kicmcvivwmybwjlpf7wh20l-graalvm17-ce-22.3.0/lib/libextnet.so
7fc1d43be000-7fc1d43bf000 rw-p 00004000 00:dc4 4611686019135190017       /nix/store/gpxl5qgg8kicmcvivwmybwjlpf7wh20l-graalvm17-ce-22.3.0/lib/libextnet.so
7fc1d43bf000-7fc1d43c3000 ---p 00000000 00:00 0 
7fc1d43c3000-7fc1d43e1000 rw-p 00000000 00:00 0 
7fc1d43e1000-7fc1d43f6000 r-xp 00000000 00:dc4 4611686019135192570       /nix/store/gpxl5qgg8kicmcvivwmybwjlpf7wh20l-graalvm17-ce-22.3.0/lib/libnet.so
7fc1d43f6000-7fc1d43f7000 ---p 00015000 00:dc4 4611686019135192570       /nix/store/gpxl5qgg8kicmcvivwmybwjlpf7wh20l-graalvm17-ce-22.3.0/lib/libnet.so
7fc1d43f7000-7fc1d43f8000 r--p 00015000 00:dc4 4611686019135192570       /nix/store/gpxl5qgg8kicmcvivwmybwjlpf7wh20l-graalvm17-ce-22.3.0/lib/libnet.so
7fc1d43f8000-7fc1d43f9000 rw-p 00016000 00:dc4 4611686019135192570       /nix/store/gpxl5qgg8kicmcvivwmybwjlpf7wh20l-graalvm17-ce-22.3.0/lib/libnet.so
7fc1d43f9000-7fc1d43fc000 rw-p 0001b000 00:dc4 4611686019135192570       /nix/store/gpxl5qgg8kicmcvivwmybwjlpf7wh20l-graalvm17-ce-22.3.0/lib/libnet.so
7fc1d43fc000-7fc1d440f000 r-xp 00000000 00:dc4 4611686019135192571       /nix/store/gpxl5qgg8kicmcvivwmybwjlpf7wh20l-graalvm17-ce-22.3.0/lib/libnio.so
7fc1d440f000-7fc1d4410000 r--p 00012000 00:dc4 4611686019135192571       /nix/store/gpxl5qgg8kicmcvivwmybwjlpf7wh20l-graalvm17-ce-22.3.0/lib/libnio.so
7fc1d4410000-7fc1d4411000 rw-p 00013000 00:dc4 4611686019135192571       /nix/store/gpxl5qgg8kicmcvivwmybwjlpf7wh20l-graalvm17-ce-22.3.0/lib/libnio.so
7fc1d4411000-7fc1d4416000 rw-p 00019000 00:dc4 4611686019135192571       /nix/store/gpxl5qgg8kicmcvivwmybwjlpf7wh20l-graalvm17-ce-22.3.0/lib/libnio.so
7fc1d4416000-7fc1d4417000 ---p 00000000 00:00 0 
7fc1d4417000-7fc1d4518000 rw-p 00000000 00:00 0 
7fc1d4518000-7fc1d451c000 ---p 00000000 00:00 0 
7fc1d451c000-7fc1d4618000 rw-p 00000000 00:00 0 
7fc1d4618000-7fc1d461c000 ---p 00000000 00:00 0 
7fc1d461c000-7fc1d4718000 rw-p 00000000 00:00 0 
7fc1d4718000-7fc1d471c000 ---p 00000000 00:00 0 
7fc1d471c000-7fc1d4818000 rw-p 00000000 00:00 0 
7fc1d4818000-7fc1d481c000 ---p 00000000 00:00 0 
7fc1d481c000-7fc1d4a18000 rw-p 00000000 00:00 0 
7fc1d4a18000-7fc1d4a1c000 ---p 00000000 00:00 0 
7fc1d4a1c000-7fc1d4c18000 rw-p 00000000 00:00 0 
7fc1d4c18000-7fc1d4c1c000 ---p 00000000 00:00 0 
7fc1d4c1c000-7fc1d4d18000 rw-p 00000000 00:00 0 
7fc1d4d18000-7fc1d4d1c000 ---p 00000000 00:00 0 
7fc1d4d1c000-7fc1d4e18000 rw-p 00000000 00:00 0 
7fc1d4e18000-7fc1d4e1c000 ---p 00000000 00:00 0 
7fc1d4e1c000-7fc1d4f18000 rw-p 00000000 00:00 0 
7fc1d4f18000-7fc1d51fe000 r--p 00000000 00:d92 28444448                  /usr/lib/locale/locale-archive
7fc1d51fe000-7fc1d5202000 ---p 00000000 00:00 0 
7fc1d5202000-7fc1d52fe000 rw-p 00000000 00:00 0 
7fc1d52fe000-7fc1d52ff000 ---p 00000000 00:00 0 
7fc1d52ff000-7fc1d5800000 rw-p 00000000 00:00 0 
7fc1d5800000-7fc1d5b00000 rw-p 00000000 00:00 0 
7fc1d5b00000-7fc1d5c00000 rw-p 00000000 00:00 0 
7fc1d5c01000-7fc1d5c05000 ---p 00000000 00:00 0 
7fc1d5c05000-7fc1d5d01000 rw-p 00000000 00:00 0 
7fc1d5d01000-7fc1d5dcf000 r-xp 00000000 00:dc4 4611686019135190036       /nix/store/gpxl5qgg8kicmcvivwmybwjlpf7wh20l-graalvm17-ce-22.3.0/lib/libjsvml.so
7fc1d5dcf000-7fc1d5dd0000 r--p 000cd000 00:dc4 4611686019135190036       /nix/store/gpxl5qgg8kicmcvivwmybwjlpf7wh20l-graalvm17-ce-22.3.0/lib/libjsvml.so
7fc1d5dd0000-7fc1d5dd1000 rw-p 000ce000 00:dc4 4611686019135190036       /nix/store/gpxl5qgg8kicmcvivwmybwjlpf7wh20l-graalvm17-ce-22.3.0/lib/libjsvml.so
7fc1d5dd1000-7fc1d74b3000 rw-p 00000000 00:00 0 
7fc1d74b3000-7fc1d7723000 rwxp 00000000 00:00 0 
7fc1d7723000-7fc1d7a42000 ---p 00000000 00:00 0 
7fc1d7a42000-7fc1d8932000 rwxp 00000000 00:00 0 
7fc1d8932000-7fc1def7a000 ---p 00000000 00:00 0 
7fc1def7a000-7fc1df23a000 rwxp 00000000 00:00 0 
7fc1df23a000-7fc1e64b3000 ---p 00000000 00:00 0 
7fc1e64b3000-7fc1f0000000 r--s 00000000 00:dc4 4611686019135192581       /nix/store/gpxl5qgg8kicmcvivwmybwjlpf7wh20l-graalvm17-ce-22.3.0/lib/modules
7fc1f0000000-7fc1f0601000 rw-p 00000000 00:00 0 
7fc1f0601000-7fc1f4000000 ---p 00000000 00:00 0 
7fc1f4003000-7fc1f400a000 r-xp 00000000 00:dc4 4611686019135192580       /nix/store/gpxl5qgg8kicmcvivwmybwjlpf7wh20l-graalvm17-ce-22.3.0/lib/libzip.so
7fc1f400a000-7fc1f400b000 ---p 00007000 00:dc4 4611686019135192580       /nix/store/gpxl5qgg8kicmcvivwmybwjlpf7wh20l-graalvm17-ce-22.3.0/lib/libzip.so
7fc1f400b000-7fc1f400c000 r--p 00007000 00:dc4 4611686019135192580       /nix/store/gpxl5qgg8kicmcvivwmybwjlpf7wh20l-graalvm17-ce-22.3.0/lib/libzip.so
7fc1f400c000-7fc1f400d000 rw-p 00008000 00:dc4 4611686019135192580       /nix/store/gpxl5qgg8kicmcvivwmybwjlpf7wh20l-graalvm17-ce-22.3.0/lib/libzip.so
7fc1f400d000-7fc1f400f000 rw-p 0000b000 00:dc4 4611686019135192580       /nix/store/gpxl5qgg8kicmcvivwmybwjlpf7wh20l-graalvm17-ce-22.3.0/lib/libzip.so
7fc1f400f000-7fc1f4205000 rw-p 00000000 00:00 0 
7fc1f4205000-7fc1f4206000 ---p 00000000 00:00 0 
7fc1f4206000-7fc1f43b1000 rw-p 00000000 00:00 0 
7fc1f43b1000-7fc1f43cd000 rw-p 00000000 00:00 0 
7fc1f43cd000-7fc1f4407000 ---p 00000000 00:00 0 
7fc1f4407000-7fc1f440e000 rw-p 00000000 00:00 0 
7fc1f440e000-7fc1f44f3000 ---p 00000000 00:00 0 
7fc1f44f3000-7fc1f4511000 rw-p 00000000 00:00 0 
7fc1f4511000-7fc1f45de000 ---p 00000000 00:00 0 
7fc1f45de000-7fc1f45e3000 rw-p 00000000 00:00 0 
7fc1f45e3000-7fc1f45ea000 ---p 00000000 00:00 0 
7fc1f45ea000-7fc1f460e000 r-xp 00000000 00:dc4 4611686019135190028       /nix/store/gpxl5qgg8kicmcvivwmybwjlpf7wh20l-graalvm17-ce-22.3.0/lib/libjava.so
7fc1f460e000-7fc1f460f000 ---p 00024000 00:dc4 4611686019135190028       /nix/store/gpxl5qgg8kicmcvivwmybwjlpf7wh20l-graalvm17-ce-22.3.0/lib/libjava.so
7fc1f460f000-7fc1f4610000 r--p 00024000 00:dc4 4611686019135190028       /nix/store/gpxl5qgg8kicmcvivwmybwjlpf7wh20l-graalvm17-ce-22.3.0/lib/libjava.so
7fc1f4610000-7fc1f4611000 rw-p 00025000 00:dc4 4611686019135190028       /nix/store/gpxl5qgg8kicmcvivwmybwjlpf7wh20l-graalvm17-ce-22.3.0/lib/libjava.so
7fc1f4611000-7fc1f4612000 rw-p 00000000 00:00 0 
7fc1f4612000-7fc1f4619000 rw-p 0002f000 00:dc4 4611686019135190028       /nix/store/gpxl5qgg8kicmcvivwmybwjlpf7wh20l-graalvm17-ce-22.3.0/lib/libjava.so
7fc1f4619000-7fc1f4621000 rw-s 00000000 00:a66 356                       /tmp/hsperfdata_runner/22
7fc1f4621000-7fc1f4622000 ---p 00000000 00:00 0 
7fc1f4622000-7fc1f4623000 r--p 00000000 00:00 0 
7fc1f4623000-7fc1f4624000 rwxp 00000000 00:00 0 
7fc1f4624000-7fc1f463f000 r-xp 00000000 00:dc4 4611686019135190032       /nix/store/gpxl5qgg8kicmcvivwmybwjlpf7wh20l-graalvm17-ce-22.3.0/lib/libjimage.so
7fc1f463f000-7fc1f4640000 ---p 0001b000 00:dc4 4611686019135190032       /nix/store/gpxl5qgg8kicmcvivwmybwjlpf7wh20l-graalvm17-ce-22.3.0/lib/libjimage.so
7fc1f4640000-7fc1f4642000 r--p 0001b000 00:dc4 4611686019135190032       /nix/store/gpxl5qgg8kicmcvivwmybwjlpf7wh20l-graalvm17-ce-22.3.0/lib/libjimage.so
7fc1f4642000-7fc1f4643000 rw-p 0001d000 00:dc4 4611686019135190032       /nix/store/gpxl5qgg8kicmcvivwmybwjlpf7wh20l-graalvm17-ce-22.3.0/lib/libjimage.so
7fc1f4643000-7fc1f4644000 rw-p 00024000 00:dc4 4611686019135190032       /nix/store/gpxl5qgg8kicmcvivwmybwjlpf7wh20l-graalvm17-ce-22.3.0/lib/libjimage.so
7fc1f4644000-7fc1f4648000 ---p 00000000 00:00 0 
7fc1f4648000-7fc1f4744000 rw-p 00000000 00:00 0 
7fc1f4744000-7fc1f4752000 r--p 00000000 00:dc4 4611686019027979927       /nix/store/4nlgxhb09sdr51nc9hdm8az5b08vzkgx-glibc-2.35-163/lib/libm.so.6
7fc1f4752000-7fc1f47c5000 r-xp 0000e000 00:dc4 4611686019027979927       /nix/store/4nlgxhb09sdr51nc9hdm8az5b08vzkgx-glibc-2.35-163/lib/libm.so.6
7fc1f47c5000-7fc1f4822000 r--p 00081000 00:dc4 4611686019027979927       /nix/store/4nlgxhb09sdr51nc9hdm8az5b08vzkgx-glibc-2.35-163/lib/libm.so.6
7fc1f4822000-7fc1f4823000 r--p 000dd000 00:dc4 4611686019027979927       /nix/store/4nlgxhb09sdr51nc9hdm8az5b08vzkgx-glibc-2.35-163/lib/libm.so.6
7fc1f4823000-7fc1f4824000 rw-p 000de000 00:dc4 4611686019027979927       /nix/store/4nlgxhb09sdr51nc9hdm8az5b08vzkgx-glibc-2.35-163/lib/libm.so.6
7fc1f4824000-7fc1f4825000 r--p 00000000 00:dc4 4611686019027979946       /nix/store/4nlgxhb09sdr51nc9hdm8az5b08vzkgx-glibc-2.35-163/lib/librt.so.1
7fc1f4825000-7fc1f4826000 r-xp 00001000 00:dc4 4611686019027979946       /nix/store/4nlgxhb09sdr51nc9hdm8az5b08vzkgx-glibc-2.35-163/lib/librt.so.1
7fc1f4826000-7fc1f4827000 r--p 00002000 00:dc4 4611686019027979946       /nix/store/4nlgxhb09sdr51nc9hdm8az5b08vzkgx-glibc-2.35-163/lib/librt.so.1
7fc1f4827000-7fc1f4828000 r--p 00002000 00:dc4 4611686019027979946       /nix/store/4nlgxhb09sdr51nc9hdm8az5b08vzkgx-glibc-2.35-163/lib/librt.so.1
7fc1f4828000-7fc1f4829000 rw-p 00003000 00:dc4 4611686019027979946       /nix/store/4nlgxhb09sdr51nc9hdm8az5b08vzkgx-glibc-2.35-163/lib/librt.so.1
7fc1f4829000-7fc1f593c000 r-xp 00000000 00:dc4 4611686019135360866       /nix/store/gpxl5qgg8kicmcvivwmybwjlpf7wh20l-graalvm17-ce-22.3.0/lib/server/libjvm.so
7fc1f593c000-7fc1f593d000 ---p 01113000 00:dc4 4611686019135360866       /nix/store/gpxl5qgg8kicmcvivwmybwjlpf7wh20l-graalvm17-ce-22.3.0/lib/server/libjvm.so
7fc1f593d000-7fc1f59f2000 r--p 01113000 00:dc4 4611686019135360866       /nix/store/gpxl5qgg8kicmcvivwmybwjlpf7wh20l-graalvm17-ce-22.3.0/lib/server/libjvm.so
7fc1f59f2000-7fc1f5a26000 rw-p 011c8000 00:dc4 4611686019135360866       /nix/store/gpxl5qgg8kicmcvivwmybwjlpf7wh20l-graalvm17-ce-22.3.0/lib/server/libjvm.so
7fc1f5a26000-7fc1f5a82000 rw-p 00000000 00:00 0 
7fc1f5a82000-7fc1f5aaa000 r--p 00000000 00:dc4 4611686019027979918       /nix/store/4nlgxhb09sdr51nc9hdm8az5b08vzkgx-glibc-2.35-163/lib/libc.so.6
7fc1f5aaa000-7fc1f5c20000 r-xp 00028000 00:dc4 4611686019027979918       /nix/store/4nlgxhb09sdr51nc9hdm8az5b08vzkgx-glibc-2.35-163/lib/libc.so.6
7fc1f5c20000-7fc1f5c78000 r--p 0019e000 00:dc4 4611686019027979918       /nix/store/4nlgxhb09sdr51nc9hdm8az5b08vzkgx-glibc-2.35-163/lib/libc.so.6
7fc1f5c78000-7fc1f5c7c000 r--p 001f6000 00:dc4 4611686019027979918       /nix/store/4nlgxhb09sdr51nc9hdm8az5b08vzkgx-glibc-2.35-163/lib/libc.so.6
7fc1f5c7c000-7fc1f5c7e000 rw-p 001fa000 00:dc4 4611686019027979918       /nix/store/4nlgxhb09sdr51nc9hdm8az5b08vzkgx-glibc-2.35-163/lib/libc.so.6
7fc1f5c7e000-7fc1f5c8d000 rw-p 00000000 00:00 0 
7fc1f5c8d000-7fc1f5c8e000 r--p 00000000 00:dc4 4611686019027979923       /nix/store/4nlgxhb09sdr51nc9hdm8az5b08vzkgx-glibc-2.35-163/lib/libdl.so.2
7fc1f5c8e000-7fc1f5c8f000 r-xp 00001000 00:dc4 4611686019027979923       /nix/store/4nlgxhb09sdr51nc9hdm8az5b08vzkgx-glibc-2.35-163/lib/libdl.so.2
7fc1f5c8f000-7fc1f5c90000 r--p 00002000 00:dc4 4611686019027979923       /nix/store/4nlgxhb09sdr51nc9hdm8az5b08vzkgx-glibc-2.35-163/lib/libdl.so.2
7fc1f5c90000-7fc1f5c91000 r--p 00002000 00:dc4 4611686019027979923       /nix/store/4nlgxhb09sdr51nc9hdm8az5b08vzkgx-glibc-2.35-163/lib/libdl.so.2
7fc1f5c91000-7fc1f5c92000 rw-p 00003000 00:dc4 4611686019027979923       /nix/store/4nlgxhb09sdr51nc9hdm8az5b08vzkgx-glibc-2.35-163/lib/libdl.so.2
7fc1f5c92000-7fc1f5c93000 r--p 00000000 00:dc4 4611686019027979942       /nix/store/4nlgxhb09sdr51nc9hdm8az5b08vzkgx-glibc-2.35-163/lib/libpthread.so.0
7fc1f5c93000-7fc1f5c94000 r-xp 00001000 00:dc4 4611686019027979942       /nix/store/4nlgxhb09sdr51nc9hdm8az5b08vzkgx-glibc-2.35-163/lib/libpthread.so.0
7fc1f5c94000-7fc1f5c95000 r--p 00002000 00:dc4 4611686019027979942       /nix/store/4nlgxhb09sdr51nc9hdm8az5b08vzkgx-glibc-2.35-163/lib/libpthread.so.0
7fc1f5c95000-7fc1f5c96000 r--p 00002000 00:dc4 4611686019027979942       /nix/store/4nlgxhb09sdr51nc9hdm8az5b08vzkgx-glibc-2.35-163/lib/libpthread.so.0
7fc1f5c96000-7fc1f5c97000 rw-p 00003000 00:dc4 4611686019027979942       /nix/store/4nlgxhb09sdr51nc9hdm8az5b08vzkgx-glibc-2.35-163/lib/libpthread.so.0
7fc1f5c97000-7fc1f5ca5000 r-xp 00000000 00:dc4 4611686019135190033       /nix/store/gpxl5qgg8kicmcvivwmybwjlpf7wh20l-graalvm17-ce-22.3.0/lib/libjli.so
7fc1f5ca5000-7fc1f5ca6000 ---p 0000e000 00:dc4 4611686019135190033       /nix/store/gpxl5qgg8kicmcvivwmybwjlpf7wh20l-graalvm17-ce-22.3.0/lib/libjli.so
7fc1f5ca6000-7fc1f5ca7000 r--p 0000e000 00:dc4 4611686019135190033       /nix/store/gpxl5qgg8kicmcvivwmybwjlpf7wh20l-graalvm17-ce-22.3.0/lib/libjli.so
7fc1f5ca7000-7fc1f5ca8000 rw-p 0000f000 00:dc4 4611686019135190033       /nix/store/gpxl5qgg8kicmcvivwmybwjlpf7wh20l-graalvm17-ce-22.3.0/lib/libjli.so
7fc1f5ca8000-7fc1f5ca9000 rw-p 00012000 00:dc4 4611686019135190033       /nix/store/gpxl5qgg8kicmcvivwmybwjlpf7wh20l-graalvm17-ce-22.3.0/lib/libjli.so
7fc1f5ca9000-7fc1f5cac000 r--p 00000000 00:dc4 4611686019106210071       /nix/store/026hln0aq1hyshaxsdvhg0kmcm6yf45r-zlib-1.2.13/lib/libz.so.1.2.13
7fc1f5cac000-7fc1f5cbe000 r-xp 00003000 00:dc4 4611686019106210071       /nix/store/026hln0aq1hyshaxsdvhg0kmcm6yf45r-zlib-1.2.13/lib/libz.so.1.2.13
7fc1f5cbe000-7fc1f5cc5000 r--p 00015000 00:dc4 4611686019106210071       /nix/store/026hln0aq1hyshaxsdvhg0kmcm6yf45r-zlib-1.2.13/lib/libz.so.1.2.13
7fc1f5cc5000-7fc1f5cc6000 r--p 0001b000 00:dc4 4611686019106210071       /nix/store/026hln0aq1hyshaxsdvhg0kmcm6yf45r-zlib-1.2.13/lib/libz.so.1.2.13
7fc1f5cc6000-7fc1f5cc7000 rw-p 0001c000 00:dc4 4611686019106210071       /nix/store/026hln0aq1hyshaxsdvhg0kmcm6yf45r-zlib-1.2.13/lib/libz.so.1.2.13
7fc1f5cc7000-7fc1f5cc9000 rw-p 00000000 00:00 0 
7fc1f5cc9000-7fc1f5ccb000 r--p 00000000 00:dc4 4611686019027979912       /nix/store/4nlgxhb09sdr51nc9hdm8az5b08vzkgx-glibc-2.35-163/lib/ld-linux-x86-64.so.2
7fc1f5ccb000-7fc1f5cf2000 r-xp 00002000 00:dc4 4611686019027979912       /nix/store/4nlgxhb09sdr51nc9hdm8az5b08vzkgx-glibc-2.35-163/lib/ld-linux-x86-64.so.2
7fc1f5cf2000-7fc1f5cfe000 r--p 00029000 00:dc4 4611686019027979912       /nix/store/4nlgxhb09sdr51nc9hdm8az5b08vzkgx-glibc-2.35-163/lib/ld-linux-x86-64.so.2
7fc1f5cfe000-7fc1f5d00000 r--p 00034000 00:dc4 4611686019027979912       /nix/store/4nlgxhb09sdr51nc9hdm8az5b08vzkgx-glibc-2.35-163/lib/ld-linux-x86-64.so.2
7fc1f5d00000-7fc1f5d02000 rw-p 00036000 00:dc4 4611686019027979912       /nix/store/4nlgxhb09sdr51nc9hdm8az5b08vzkgx-glibc-2.35-163/lib/ld-linux-x86-64.so.2
7ffcc1f5a000-7ffcc1f7e000 rw-p 00000000 00:00 0                          [stack]
7ffcc1fdc000-7ffcc1fe0000 r--p 00000000 00:00 0                          [vvar]
7ffcc1fe0000-7ffcc1fe2000 r-xp 00000000 00:00 0                          [vdso]
ffffffffff600000-ffffffffff601000 --xp 00000000 00:00 0                  [vsyscall]


VM Arguments:
jvm_args: -XX:ThreadPriorityPolicy=1 -XX:+UnlockExperimentalVMOptions -XX:+EnableJVMCIProduct -XX:JVMCIThreadsPerNativeLibraryRuntime=1 -XX:-UnlockExperimentalVMOptions -Declipse.application=org.eclipse.jdt.ls.core.id1 -Dosgi.bundles.defaultStartLevel=4 -Declipse.product=org.eclipse.jdt.ls.core.product -Dlog.level=ALL -Xverify:none -XX:+UseParallelGC -XX:GCTimeRatio=4 -XX:AdaptiveSizePolicyWeight=90 -Dsun.zip.disableMemoryMapping=true -Xmx512m -Xms100m 
java_command: /nix/store/m6gcpi1ii6rghy04cjwjddcavv7i90df-jdt-language-server-1.9.0/share/java/plugins/org.eclipse.equinox.launcher_1.6.400.v20210924-0641.jar --add-modules=ALL-SYSTEM --add-opens java.base/java.util=ALL-UNNAMED --add-opens java.base/java.lang=ALL-UNNAMED -configuration /home/runner/.cache/jdt-language-server/config -data /home/runner/.cache/jdt-language-server/data/home/runner/Currency-Converter-Basic
java_class_path (initial): /nix/store/m6gcpi1ii6rghy04cjwjddcavv7i90df-jdt-language-server-1.9.0/share/java/plugins/org.eclipse.equinox.launcher_1.6.400.v20210924-0641.jar
Launcher Type: SUN_STANDARD

[Global flags]
    uintx AdaptiveSizePolicyWeight                 = 90                                        {product} {command line}
     intx CICompilerCount                          = 2                                         {product} {ergonomic}
     bool EnableJVMCIProduct                       = true                                {JVMCI product} {jimage}
    uintx GCTimeRatio                              = 4                                         {product} {command line}
   size_t InitialHeapSize                          = 104857600                                 {product} {command line}
     uint JVMCIThreadsPerNativeLibraryRuntime      = 1                                   {JVMCI product} {jimage}
   size_t MaxHeapSize                              = 536870912                                 {product} {command line}
   size_t MaxNewSize                               = 178782208                                 {product} {ergonomic}
   size_t MinHeapDeltaBytes                        = 524288                                    {product} {ergonomic}
   size_t MinHeapSize                              = 104857600                                 {product} {command line}
   size_t NewSize                                  = 34603008                                  {product} {ergonomic}
    uintx NonNMethodCodeHeapSize                   = 5826188                                {pd product} {ergonomic}
    uintx NonProfiledCodeHeapSize                  = 122916026                              {pd product} {ergonomic}
   size_t OldSize                                  = 70254592                                  {product} {ergonomic}
    uintx ProfiledCodeHeapSize                     = 122916026                              {pd product} {ergonomic}
    uintx ReservedCodeCacheSize                    = 251658240                              {pd product} {ergonomic}
     bool SegmentedCodeCache                       = true                                      {product} {ergonomic}
   size_t SoftMaxHeapSize                          = 536870912                              {manageable} {ergonomic}
     intx ThreadPriorityPolicy                     = 1                                         {product} {jimage}
     bool UseCompressedClassPointers               = true                           {product lp64_product} {ergonomic}
     bool UseCompressedOops                        = true                           {product lp64_product} {ergonomic}
     bool UseParallelGC                            = true                                      {product} {command line}

Logging:
Log output configuration:
 #0: stdout all=warning uptime,level,tags
 #1: stderr all=off uptime,level,tags

Environment Variables:
JAVA_HOME=/nix/store/gpxl5qgg8kicmcvivwmybwjlpf7wh20l-graalvm17-ce-22.3.0
PATH=/nix/store/1d6ian3r8kdzspw8hacjhl3xkp40g1lj-binutils-wrapper-2.39/bin:/nix/store/dq0xwmsk1g0i2ayg6pb7y87na2knzylh-gcc-wrapper-11.3.0/bin:/nix/store/bap4d0lpcrhpwmpb8ayjcgkmvfj62lnq-bash-interactive-5.1-p16/bin:/nix/store/pr5n59mb4jzmfx6kanwxly0l07p861fg-patchelf-0.15.0/bin:/nix/store/1gf2flfqnpqbr1b4p4qz2f72y42bs56r-gcc-11.3.0/bin:/nix/store/57xv61c5zi8pphjbcwxxjlgc34p61ic9-glibc-2.35-163-bin/bin:/nix/store/a7gvj343m05j2s32xcnwr35v31ynlypr-coreutils-9.1/bin:/nix/store/039g378vc3pc3dvi9dzdlrd0i4q93qwf-binutils-2.39/bin:/nix/store/gpxl5qgg8kicmcvivwmybwjlpf7wh20l-graalvm17-ce-22.3.0/bin:/nix/store/6z9ag3ihc8mq2hzsw48lhbznvzny65nz-apache-maven-3.8.6/bin:/nix/store/m6gcpi1ii6rghy04cjwjddcavv7i90df-jdt-language-server-1.9.0/bin:/nix/store/84xs5alhs01zrbr4ywm05kxbjbp5590l-java-debug/bin:/nix/store/mydc6f4k2z73xlcz7ilif3v2lcaiqvza-findutils-4.9.0/bin:/nix/store/j9p3g8472iijd50vhdprx0nmk2fqn5gv-diffutils-3.8/bin:/nix/store/89zs7rms6x00xfq4dq6m7mjnhkr8a6r4-gnused-4.8/bin:/nix/store/86bp03jkmsl6f92w0yzg4s59g5mhxwmy-gnugrep-3.7/bin:/nix/store/hwcdqw4jrjnd37wxqgsd47hd0j8bnj09-gawk-5.1.1/bin:/nix/store/cfbhw8r8ags41vwqaz47r583d0p4h4a1-gnutar-1.34/bin:/nix/store/p3m1ndl1lapwrlh698bnb5lvvxh67378-gzip-1.12/bin:/nix/store/a8mhcagrsly7c7mpjrpsnaahk4aax056-bzip2-1.0.8-bin/bin:/nix/store/mblgz65m3zv9x548a3d5m96fj2pbwr09-gnumake-4.3/bin:/nix/store/dsd5gz46hdbdk2rfdimqddhq6m8m8fqs-bash-5.1-p16/bin:/nix/store/v7ljksji50mg3w61dykaa3n3y79n6nil-patch-2.7.6/bin:/nix/store/zlcnmqq14jz5x9439jf937mvayyl63da-xz-5.2.7-bin/bin:/nix/store/y6aj732zm9m87c82fpvf103a1xb22blp-file-5.43/bin:/nix/store/i4kzir3m7mrisxmf5xvlnkw01x4qaqr4-prybar-elisp-0.0.0-e0d9a52/bin:/nix/store/lwwivxf6h7x3cvxp9zv8sj0mv7dak99r-prybar-lua-0.0.0-e0d9a52/bin:/nix/store/gxj28g1cg4hq3qanmjv07156h800qr58-prybar-python3-0.0.0-e0d9a52/bin:/nix/store/hshkjnxrgidigf8x75vg6lqng2xlx9i3-prybar-sqlite-0.0.0-e0d9a52/bin:/nix/store/c4w01bpjgyy5ixmwdk8m1pw87zq4sl26-prybar-tcl-0.0.0-e0d9a52/bin:/nix/store/hpbvrlwd5viqmvcaisb3x0118i913a9n-st
LD_LIBRARY_PATH=/nix/store/a4pff549sk2idnkpzk5nsfps3mdkdnvm-cups-2.4.2-lib/lib:/nix/store/72mqxxhh3cy5yifh92wh2yb8cl2hikyy-cairo-1.16.0/lib:/nix/store/2k366jrbsra97gjfxwvrhvixjfxdach5-glib-2.74.1/lib:/nix/store/2j2znigd8ak37rlwh9khz0ry3clqlw1l-gtk+3-3.24.34/lib:/nix/store/hisqvx32cd57apbpcsnkpx6k3549wql1-libglvnd-1.4.0/lib:/nix/store/p36pgcv991mq5srvg765b78yqpxvk3qs-mesa-21.3.3-drivers/lib:/nix/store/mav4251if1ahjq5vkpwycyyvnmy459c4-pulseaudio-14.2/lib
DISPLAY=:0
LANG=en_US.UTF-8

Signal Handlers:
   SIGSEGV: crash_handler in libjvm.so, mask=11100100010111111101111111111110, flags=SA_RESTART|SA_SIGINFO
    SIGBUS: crash_handler in libjvm.so, mask=11100100010111111101111111111110, flags=SA_RESTART|SA_SIGINFO
    SIGFPE: crash_handler in libjvm.so, mask=11100100010111111101111111111110, flags=SA_RESTART|SA_SIGINFO
   SIGPIPE: IsolateEnterStub_IgnoreSIGPIPEStartupHook_noopSignalHandler_8f19bff2f35b5f630d83b364d6b2339320d4ec70_216e8361c6bc87a8f89f58cc10d3b2fd4415bf87 in libjvmcicompiler.so, mask=00000000000000000000000000000000, flags=SA_RESTART
  *** Handler was modified!
  *** Expected: javaSignalHandler in libjvm.so, mask=11100100110111111111111111111110, flags=SA_RESTART|SA_SIGINFO
   SIGXFSZ: javaSignalHandler in libjvm.so, mask=11100100010111111101111111111110, flags=SA_RESTART|SA_SIGINFO
    SIGILL: crash_handler in libjvm.so, mask=11100100010111111101111111111110, flags=SA_RESTART|SA_SIGINFO
   SIGUSR2: SR_handler in libjvm.so, mask=00000000000000000000000000000000, flags=SA_RESTART|SA_SIGINFO
    SIGHUP: UserHandler in libjvm.so, mask=11100100010111111101111111111110, flags=SA_RESTART|SA_SIGINFO
    SIGINT: UserHandler in libjvm.so, mask=11100100010111111101111111111110, flags=SA_RESTART|SA_SIGINFO
   SIGTERM: UserHandler in libjvm.so, mask=11100100010111111101111111111110, flags=SA_RESTART|SA_SIGINFO
   SIGQUIT: UserHandler in libjvm.so, mask=11100100010111111101111111111110, flags=SA_RESTART|SA_SIGINFO
  *** Handler was modified!
  *** Expected: javaSignalHandler in libjvm.so, mask=11100100110111111111111111111110, flags=SA_RESTART|SA_SIGINFO
   SIGTRAP: crash_handler in libjvm.so, mask=11100100010111111101111111111110, flags=SA_RESTART|SA_SIGINFO


---------------  S Y S T E M  ---------------

OS:
DISTRIB_ID=Ubuntu
DISTRIB_RELEASE=20.04
DISTRIB_CODENAME=focal
DISTRIB_DESCRIPTION="Ubuntu 20.04.2 LTS"
uname: Linux 5.19.0-1027-gcp #29~22.04.1-Ubuntu SMP Thu Jun 22 05:13:17 UTC 2023 x86_64
OS uptime: 0 days 1:29 hours
libc: glibc 2.35 NPTL 2.35 
rlimit (soft/hard): STACK 8192k/infinity , CORE infinity/infinity , NPROC infinity/infinity , NOFILE 5242/5242 , AS infinity/infinity , CPU infinity/infinity , DATA infinity/infinity , FSIZE infinity/infinity , MEMLOCK 8192k/8192k
load average: 29.45 24.01 19.98

/proc/meminfo:
MemTotal:       65839956 kB
MemFree:        21405804 kB
MemAvailable:   43794328 kB
Buffers:         1942676 kB
Cached:         19638532 kB
SwapCached:            0 kB
Active:          8411676 kB
Inactive:       33317428 kB
Active(anon):      15672 kB
Inactive(anon): 19800224 kB
Active(file):    8396004 kB
Inactive(file): 13517204 kB
Unevictable:       28684 kB
Mlocked:           28684 kB
SwapTotal:             0 kB
SwapFree:              0 kB
Zswap:                 0 kB
Zswapped:              0 kB
Dirty:              9500 kB
Writeback:             0 kB
AnonPages:      19820756 kB
Mapped:          1800312 kB
Shmem:             60448 kB
KReclaimable:    1201804 kB
Slab:            1861452 kB
SReclaimable:    1201804 kB
SUnreclaim:       659648 kB
KernelStack:      203968 kB
PageTables:       245860 kB
NFS_Unstable:          0 kB
Bounce:                0 kB
WritebackTmp:          0 kB
CommitLimit:    32919976 kB
Committed_AS:   75630972 kB
VmallocTotal:   34359738367 kB
VmallocUsed:      239188 kB
VmallocChunk:          0 kB
Percpu:            37728 kB
HardwareCorrupted:     0 kB
AnonHugePages:   4227072 kB
ShmemHugePages:        0 kB
ShmemPmdMapped:        0 kB
FileHugePages:         0 kB
FilePmdMapped:         0 kB
HugePages_Total:       0
HugePages_Free:        0
HugePages_Rsvd:        0
HugePages_Surp:        0
Hugepagesize:       2048 kB
Hugetlb:               0 kB
DirectMap4k:     3083064 kB
DirectMap2M:    48293888 kB
DirectMap1G:    17825792 kB

/sys/kernel/mm/transparent_hugepage/enabled: always [madvise] never
/sys/kernel/mm/transparent_hugepage/defrag (defrag/compaction efforts parameter): always defer defer+madvise [madvise] never

Process Memory:
Virtual Size: 4921980K (peak: 5044164K)
Resident Set Size: 748692K (peak: 778996K) (anon: 551312K, file: 197380K, shmem: 0K)
Swapped out: 0K
C-Heap outstanding allocations: 43852K, retained: 16159K
glibc malloc tunables: (default)

/proc/sys/kernel/threads-max (system-wide limit on the number of threads): 514310
/proc/sys/vm/max_map_count (maximum number of memory map areas a process may have): 65530
/proc/sys/kernel/pid_max (system-wide limit on number of process identifiers): 4194304

container (cgroup) information:
container_type: cgroupv1
cpu_cpuset_cpus: 2-7
cpu_memory_nodes: 0
active_processor_count: 1
cpu_quota: 50000
cpu_period: 100000
cpu_shares: 512
memory_limit_in_bytes: 1048576 k
memory_and_swap_limit_in_bytes: 1048576 k
memory_soft_limit_in_bytes: 524288 k
memory_usage_in_bytes: 597840 k
memory_max_usage_in_bytes: 639508 k
maximum number of tasks: 1000
current number of tasks: 47

KVM virtualization detected
Steal ticks since vm start: 0
Steal ticks percentage since vm start:  0.000

CPU: total 8 (initial active 1) (8 cores per cpu, 2 threads per core) family 23 model 49 stepping 0 microcode 0xffffffff, cx8, cmov, fxsr, ht, mmx, 3dnowpref, sse, sse2, sse3, ssse3, sse4a, sse4.1, sse4.2, popcnt, lzcnt, tsc, tscinvbit, avx, avx2, aes, clmul, bmi1, bmi2, adx, sha, fma, vzeroupper, clflush, clflushopt, hv
CPU Model and flags from /proc/cpuinfo:
model name	: AMD EPYC 7B12
flags		: fpu vme de pse tsc msr pae mce cx8 apic sep mtrr pge mca cmov pat pse36 clflush mmx fxsr sse sse2 ht syscall nx mmxext fxsr_opt pdpe1gb rdtscp lm constant_tsc rep_good nopl nonstop_tsc cpuid extd_apicid tsc_known_freq pni pclmulqdq ssse3 fma cx16 sse4_1 sse4_2 movbe popcnt aes xsave avx f16c rdrand hypervisor lahf_lm cmp_legacy cr8_legacy abm sse4a misalignsse 3dnowprefetch osvw topoext ssbd ibrs ibpb stibp vmmcall fsgsbase tsc_adjust bmi1 avx2 smep bmi2 rdseed adx smap clflushopt clwb sha_ni xsaveopt xsavec xgetbv1 clzero xsaveerptr arat npt nrip_save umip rdpid

Online cpus: 0-7
Offline cpus: 
BIOS frequency limitation: <Not Available>
Frequency switch latency (ns): <Not Available>
Available cpu frequencies: <Not Available>
Current governor: <Not Available>
Core performance/turbo boost: <Not Available>

Memory: 4k page, physical 1048576k(450732k free), swap 0k(0k free)
Page Sizes: 4k

vm_info: OpenJDK 64-Bit Server VM (17.0.5+8-jvmci-22.3-b08) for linux-amd64 JRE (17.0.5+8-jvmci-22.3-b08), built on Oct 19 2022 09:01:27 by "buildslave" with gcc 10.3.0

END.
